HYPERPARAMS
version: 1	h1_size: 512	h2_size: None	npop: 50	sigma: 0.1	 alpha: 0.03
ENVIRONMENT
delta_l: 0.0001	max_steps: 500	goal_eps: 0.003


ep	reward	steps	start_d	end_d	covered	info
0	-20.4	500	0.1055	0.1096	-0.0041	False
1	1.8	500	0.0473	0.0469	0.0004	False
2	94.0	500	0.0704	0.0516	0.0188	False
3	70.2	500	0.0774	0.0633	0.0140	False
4	141.5	500	0.1170	0.0887	0.0283	False
5	60.1	500	0.0176	0.0056	0.0120	False
6	82.1	500	0.0866	0.0702	0.0164	False
7	58.1	500	0.1047	0.0930	0.0116	False
8	-68.2	500	0.0754	0.0890	-0.0136	False
9	237.8	500	0.1047	0.0571	0.0476	False
10	63.8	500	0.0478	0.0350	0.0128	False
11	110.6	500	0.1185	0.0964	0.0221	False
12	135.6	500	0.0428	0.0157	0.0271	False
13	13.3	500	0.0589	0.0562	0.0027	False
14	140.7	500	0.0602	0.0320	0.0281	False
15	308.2	500	0.0847	0.0231	0.0616	False
16	282.2	500	0.0988	0.0423	0.0564	False
17	61.5	500	0.0715	0.0592	0.0123	False
18	7.3	500	0.0417	0.0402	0.0015	False
19	116.3	500	0.0352	0.0119	0.0233	False
20	67.3	500	0.0492	0.0357	0.0135	False
21	290.9	500	0.0864	0.0282	0.0582	False
22	-124.4	500	0.0118	0.0367	-0.0249	False
23	346.5	500	0.0842	0.0149	0.0693	False
24	98.3	500	0.0932	0.0735	0.0197	False
25	305.6	500	0.0928	0.0317	0.0611	False
26	-53.4	500	0.0138	0.0245	-0.0107	False
27	-136.3	500	0.0117	0.0390	-0.0273	False
28	145.2	500	0.1198	0.0907	0.0290	False
29	95.0	500	0.0567	0.0377	0.0190	False
30	357.3	500	0.1127	0.0413	0.0715	False
31	160.6	500	0.0563	0.0242	0.0321	False
32	47.4	500	0.0471	0.0376	0.0095	False
33	98.9	500	0.1027	0.0829	0.0198	False
34	70.9	500	0.0462	0.0320	0.0142	False
35	12.5	500	0.0612	0.0587	0.0025	False
36	20.8	500	0.0582	0.0540	0.0042	False
37	326.1	500	0.1162	0.0510	0.0652	False
38	32.8	500	0.0917	0.0852	0.0066	False
39	-0.5	500	0.0770	0.0771	-0.0001	False
40	155.7	500	0.0560	0.0249	0.0311	False
41	61.0	500	0.0361	0.0239	0.0122	False
42	276.2	500	0.0773	0.0220	0.0552	False
43	146.2	500	0.1070	0.0777	0.0292	False
44	-44.9	500	0.0942	0.1032	-0.0090	False
45	156.2	500	0.0472	0.0160	0.0312	False
46	341.0	500	0.1001	0.0319	0.0682	False
47	289.0	500	0.0952	0.0374	0.0578	False
48	78.7	500	0.0863	0.0706	0.0157	False
49	-130.5	500	0.0293	0.0554	-0.0261	False
50	197.8	500	0.0989	0.0593	0.0396	False
51	-4.2	500	0.0410	0.0418	-0.0008	False
52	17.3	500	0.0598	0.0564	0.0035	False
53	256.5	500	0.1003	0.0490	0.0513	False
54	100.7	500	0.0545	0.0344	0.0201	False
55	13.4	500	0.0396	0.0369	0.0027	False
56	27.0	500	0.0660	0.0606	0.0054	False
57	2.3	500	0.0599	0.0595	0.0005	False
58	90.7	500	0.1039	0.0858	0.0181	False
59	-54.0	500	0.0219	0.0327	-0.0108	False
60	48.9	500	0.0437	0.0339	0.0098	False
61	51.8	500	0.0612	0.0509	0.0104	False
62	113.4	500	0.0992	0.0765	0.0227	False
63	-7.0	500	0.0434	0.0448	-0.0014	False
64	38.1	500	0.1029	0.0953	0.0076	False
65	19.6	500	0.0465	0.0426	0.0039	False
66	90.1	500	0.0560	0.0379	0.0180	False
67	52.6	500	0.0473	0.0368	0.0105	False
68	159.1	500	0.0493	0.0174	0.0318	False
69	46.5	500	0.0706	0.0614	0.0093	False
70	239.8	500	0.0847	0.0367	0.0480	False
71	376.3	500	0.1004	0.0252	0.0753	False
72	2.8	500	0.0158	0.0152	0.0006	False
73	-33.1	500	0.0334	0.0401	-0.0066	False
74	72.1	500	0.1087	0.0943	0.0144	False
75	256.9	500	0.1041	0.0527	0.0514	False
76	69.4	500	0.0540	0.0401	0.0139	False
77	329.2	500	0.1002	0.0344	0.0658	False
78	89.2	500	0.0986	0.0808	0.0178	False
79	-0.7	500	0.0143	0.0145	-0.0001	False
80	77.5	500	0.0895	0.0740	0.0155	False
81	71.4	500	0.0473	0.0330	0.0143	False
82	102.9	500	0.1068	0.0862	0.0206	False
83	56.6	500	0.0848	0.0734	0.0113	False
84	323.8	500	0.0922	0.0275	0.0648	False
85	127.0	500	0.0680	0.0426	0.0254	False
86	267.7	500	0.0912	0.0376	0.0535	False
87	393.8	500	0.0969	0.0182	0.0788	False
88	246.8	500	0.1166	0.0672	0.0494	False
89	38.5	500	0.0486	0.0409	0.0077	False
90	259.1	500	0.0832	0.0314	0.0518	False
91	18.4	500	0.0323	0.0286	0.0037	False
92	138.3	500	0.0461	0.0184	0.0277	False
93	114.2	500	0.0920	0.0692	0.0228	False
94	165.5	500	0.0680	0.0349	0.0331	False
95	76.9	500	0.0462	0.0308	0.0154	False
96	347.9	500	0.1021	0.0325	0.0696	False
97	-19.8	500	0.0215	0.0255	-0.0040	False
98	249.4	500	0.0861	0.0362	0.0499	False
99	100.7	500	0.0471	0.0269	0.0201	False
100	361.5	500	0.1020	0.0297	0.0723	False
101	224.4	500	0.1070	0.0622	0.0449	False
102	394.6	500	0.1049	0.0260	0.0789	False
103	116.7	500	0.0665	0.0432	0.0233	False
104	-55.3	500	0.0348	0.0459	-0.0111	False
105	228.8	500	0.0658	0.0201	0.0458	False
106	190.6	500	0.0636	0.0254	0.0381	False
107	80.6	500	0.0515	0.0353	0.0161	False
108	434.9	500	0.1076	0.0206	0.0870	False
109	21.2	500	0.0399	0.0357	0.0042	False
110	106.3	500	0.0564	0.0352	0.0213	False
111	174.2	500	0.0633	0.0285	0.0348	False
112	36.2	500	0.0233	0.0161	0.0072	False
113	-109.8	500	0.0238	0.0458	-0.0220	False
114	198.1	500	0.0822	0.0426	0.0396	False
115	184.8	500	0.0903	0.0533	0.0370	False
116	49.6	500	0.0451	0.0352	0.0099	False
117	290.2	500	0.0969	0.0389	0.0580	False
118	165.6	500	0.0686	0.0355	0.0331	False
119	156.6	500	0.0685	0.0372	0.0313	False
120	36.3	500	0.0679	0.0606	0.0073	False
121	318.1	500	0.0956	0.0320	0.0636	False
122	259.2	500	0.0773	0.0255	0.0518	False
123	298.1	500	0.0988	0.0392	0.0596	False
124	85.6	500	0.0436	0.0265	0.0171	False
125	41.9	500	0.0422	0.0339	0.0084	False
126	420.8	500	0.1060	0.0219	0.0842	False
127	222.3	500	0.0531	0.0087	0.0445	False
128	136.0	500	0.0580	0.0308	0.0272	False
129	338.5	500	0.0958	0.0281	0.0677	False
130	368.0	500	0.0895	0.0159	0.0736	False
131	181.4	500	0.0703	0.0340	0.0363	False
132	300.5	500	0.0786	0.0185	0.0601	False
133	459.7	500	0.1054	0.0134	0.0919	False
134	298.5	500	0.0785	0.0188	0.0597	False
135	257.0	500	0.0927	0.0413	0.0514	False
136	163.5	500	0.0542	0.0215	0.0327	False
137	299.5	500	0.0790	0.0191	0.0599	False
138	414.5	500	0.0961	0.0132	0.0829	False
139	28.1	500	0.0438	0.0382	0.0056	False
140	141.9	500	0.0581	0.0298	0.0284	False
141	60.6	500	0.0696	0.0574	0.0121	False
142	67.2	500	0.0424	0.0289	0.0134	False
143	86.5	500	0.0587	0.0414	0.0173	False
144	-28.5	500	0.0223	0.0280	-0.0057	False
145	139.5	500	0.0602	0.0323	0.0279	False
146	96.3	500	0.0492	0.0299	0.0193	False
147	133.0	500	0.0669	0.0403	0.0266	False
148	-15.4	500	0.0338	0.0369	-0.0031	False
149	-48.6	500	0.0253	0.0351	-0.0097	False
150	39.8	500	0.0564	0.0484	0.0080	False
151	272.9	500	0.0982	0.0436	0.0546	False
152	313.0	500	0.1061	0.0435	0.0626	False
153	41.6	500	0.0434	0.0351	0.0083	False
154	147.0	500	0.0893	0.0599	0.0294	False
155	175.7	500	0.1087	0.0735	0.0351	False
156	392.1	500	0.0997	0.0213	0.0784	False
157	10.4	500	0.0425	0.0404	0.0021	False
158	258.6	500	0.0813	0.0296	0.0517	False
159	145.1	500	0.0786	0.0496	0.0290	False
160	96.1	500	0.0474	0.0282	0.0192	False
161	54.2	500	0.0433	0.0324	0.0108	False
162	17.6	500	0.0390	0.0355	0.0035	False
163	268.5	500	0.0875	0.0338	0.0537	False
164	17.5	500	0.0440	0.0405	0.0035	False
165	46.3	500	0.0697	0.0604	0.0093	False
166	-46.8	500	0.0155	0.0248	-0.0094	False
167	178.9	500	0.0983	0.0625	0.0358	False
168	154.6	500	0.0876	0.0567	0.0309	False
169	32.0	500	0.0459	0.0395	0.0064	False
170	231.1	500	0.0775	0.0313	0.0462	False
171	22.6	500	0.0370	0.0325	0.0045	False
172	170.7	500	0.0800	0.0458	0.0341	False
173	41.4	500	0.0479	0.0396	0.0083	False
174	395.3	500	0.1005	0.0215	0.0791	False
175	28.7	500	0.0244	0.0187	0.0057	False
176	130.5	500	0.0810	0.0549	0.0261	False
177	223.1	500	0.0947	0.0501	0.0446	False
178	465.4	500	0.1021	0.0090	0.0931	False
179	203.2	500	0.0826	0.0419	0.0406	False
180	88.1	500	0.0429	0.0253	0.0176	False
181	19.9	500	0.0456	0.0417	0.0040	False
182	188.1	500	0.0563	0.0187	0.0376	False
183	68.8	500	0.0852	0.0714	0.0138	False
184	187.5	500	0.0919	0.0544	0.0375	False
185	120.5	500	0.0599	0.0358	0.0241	False
186	136.3	500	0.0537	0.0264	0.0273	False
187	-10.4	500	0.0483	0.0504	-0.0021	False
188	48.5	500	0.0416	0.0319	0.0097	False
189	469.1	500	0.1037	0.0099	0.0938	False
190	242.1	500	0.0942	0.0458	0.0484	False
191	173.3	500	0.0489	0.0142	0.0347	False
192	10.0	500	0.0208	0.0188	0.0020	False
193	12.7	500	0.0466	0.0440	0.0025	False
194	471.4	500	0.1119	0.0176	0.0943	False
195	288.3	500	0.0723	0.0147	0.0577	False
196	-37.7	500	0.0244	0.0320	-0.0075	False
197	396.2	500	0.1031	0.0238	0.0792	False
198	599.7	264	0.0730	0.0029	0.0700	True
199	-21.6	500	0.0487	0.0530	-0.0043	False
200	8.1	500	0.0519	0.0503	0.0016	False
201	298.2	500	0.0954	0.0357	0.0596	False
202	49.4	500	0.0327	0.0228	0.0099	False
203	175.5	500	0.0786	0.0435	0.0351	False
204	393.4	500	0.0974	0.0188	0.0787	False
205	-7.6	500	0.0151	0.0166	-0.0015	False
206	8.3	500	0.0389	0.0372	0.0017	False
207	302.7	500	0.0852	0.0246	0.0605	False
208	322.0	500	0.0881	0.0237	0.0644	False
209	297.4	500	0.0788	0.0193	0.0595	False
210	286.7	500	0.0822	0.0249	0.0573	False
211	68.7	500	0.0269	0.0131	0.0137	False
212	-86.8	500	0.0292	0.0466	-0.0174	False
213	37.5	500	0.0672	0.0597	0.0075	False
214	-122.9	500	0.0201	0.0447	-0.0246	False
215	129.8	500	0.0592	0.0332	0.0260	False
216	201.5	500	0.0633	0.0230	0.0403	False
217	228.1	500	0.0683	0.0227	0.0456	False
218	295.2	500	0.0961	0.0370	0.0590	False
219	350.1	500	0.0819	0.0119	0.0700	False
220	728.0	397	0.0987	0.0030	0.0957	True
221	89.1	500	0.0575	0.0397	0.0178	False
222	247.6	500	0.0577	0.0081	0.0495	False
223	320.8	500	0.0858	0.0216	0.0642	False
224	531.6	500	0.1113	0.0050	0.1063	False
225	140.5	500	0.0419	0.0138	0.0281	False
226	57.7	500	0.0664	0.0549	0.0115	False
227	-71.7	500	0.0146	0.0290	-0.0143	False
228	34.1	500	0.0382	0.0314	0.0068	False
229	88.1	500	0.0613	0.0437	0.0176	False
230	327.8	500	0.0959	0.0303	0.0656	False
231	11.4	500	0.0635	0.0612	0.0023	False
232	274.0	500	0.0793	0.0245	0.0548	False
233	115.3	500	0.0463	0.0233	0.0231	False
234	62.9	500	0.0489	0.0363	0.0126	False
235	551.7	166	0.0634	0.0028	0.0606	True
236	51.0	500	0.0317	0.0215	0.0102	False
237	-49.1	500	0.0154	0.0252	-0.0098	False
238	174.9	500	0.0699	0.0350	0.0350	False
239	14.3	500	0.0400	0.0371	0.0029	False
240	110.4	500	0.0392	0.0172	0.0221	False
241	-1.5	500	0.0310	0.0313	-0.0003	False
242	462.0	500	0.1080	0.0156	0.0924	False
243	434.7	500	0.1014	0.0144	0.0869	False
244	258.2	500	0.0794	0.0278	0.0516	False
245	-120.0	500	0.0225	0.0465	-0.0240	False
246	376.0	500	0.1022	0.0270	0.0752	False
247	188.7	500	0.0719	0.0342	0.0377	False
248	-7.1	500	0.0419	0.0433	-0.0014	False
249	68.2	500	0.0832	0.0696	0.0136	False
250	-6.8	500	0.0281	0.0295	-0.0014	False
251	355.8	500	0.0849	0.0138	0.0712	False
252	194.9	500	0.0677	0.0287	0.0390	False
253	86.0	500	0.0616	0.0444	0.0172	False
254	107.4	500	0.0541	0.0326	0.0215	False
255	110.3	500	0.0358	0.0138	0.0221	False
256	181.8	500	0.0624	0.0261	0.0364	False
257	107.4	500	0.0611	0.0396	0.0215	False
258	166.6	500	0.0653	0.0320	0.0333	False
259	297.4	500	0.0906	0.0311	0.0595	False
260	221.6	500	0.1069	0.0625	0.0443	False
261	457.3	500	0.1022	0.0108	0.0915	False
262	220.3	500	0.0750	0.0310	0.0441	False
263	355.6	500	0.0874	0.0163	0.0711	False
264	418.5	500	0.1034	0.0197	0.0837	False
265	36.1	500	0.0568	0.0495	0.0072	False
266	275.6	500	0.0735	0.0183	0.0551	False
267	329.7	500	0.1049	0.0389	0.0659	False
268	204.5	500	0.0815	0.0406	0.0409	False
269	239.6	500	0.0804	0.0325	0.0479	False
270	202.0	500	0.0569	0.0165	0.0404	False
271	126.9	500	0.0823	0.0569	0.0254	False
272	611.0	267	0.0753	0.0030	0.0723	True
273	144.9	500	0.0627	0.0337	0.0290	False
274	-43.9	500	0.0347	0.0435	-0.0088	False
275	743.9	269	0.1018	0.0029	0.0989	True
276	239.1	500	0.0715	0.0237	0.0478	False
277	198.2	500	0.0546	0.0150	0.0396	False
278	-128.6	500	0.0065	0.0322	-0.0257	False
279	159.9	500	0.0833	0.0513	0.0320	False
280	314.4	500	0.0838	0.0210	0.0629	False
281	-51.3	500	0.0292	0.0394	-0.0103	False
282	-2.2	500	0.0377	0.0381	-0.0004	False
283	-0.9	500	0.0445	0.0447	-0.0002	False
284	-116.5	500	0.0175	0.0408	-0.0233	False
285	250.2	500	0.0586	0.0086	0.0500	False
286	299.1	500	0.0761	0.0163	0.0598	False
287	274.5	500	0.0917	0.0368	0.0549	False
288	-21.5	500	0.0280	0.0323	-0.0043	False
289	181.8	500	0.1145	0.0782	0.0364	False
290	162.4	500	0.0581	0.0257	0.0325	False
291	470.0	500	0.1095	0.0155	0.0940	False
292	15.1	500	0.0267	0.0237	0.0030	False
293	146.3	500	0.0773	0.0480	0.0293	False
294	90.6	500	0.0713	0.0531	0.0181	False
295	340.4	500	0.0886	0.0205	0.0681	False
296	807.5	289	0.1146	0.0029	0.1117	True
297	341.5	500	0.0843	0.0160	0.0683	False
298	140.2	500	0.0379	0.0099	0.0280	False
299	-19.3	500	0.0433	0.0472	-0.0039	False
300	115.4	500	0.0597	0.0366	0.0231	False
301	47.4	500	0.0379	0.0285	0.0095	False
302	167.7	500	0.0824	0.0488	0.0335	False
303	240.9	500	0.0948	0.0466	0.0482	False
304	255.7	500	0.0706	0.0195	0.0511	False
305	111.5	500	0.0477	0.0254	0.0223	False
306	221.8	500	0.0774	0.0330	0.0444	False
307	166.6	500	0.0765	0.0432	0.0333	False
308	168.2	500	0.0627	0.0290	0.0336	False
309	183.4	500	0.0797	0.0430	0.0367	False
310	127.3	500	0.0393	0.0138	0.0255	False
311	197.5	500	0.0759	0.0364	0.0395	False
312	-11.9	500	0.0449	0.0473	-0.0024	False
313	-12.9	500	0.0379	0.0405	-0.0026	False
314	156.2	500	0.0749	0.0436	0.0312	False
315	260.4	500	0.0713	0.0192	0.0521	False
316	-42.8	500	0.0367	0.0452	-0.0086	False
317	557.9	500	0.1171	0.0055	0.1116	False
318	16.7	500	0.0495	0.0461	0.0033	False
319	195.2	500	0.0903	0.0513	0.0390	False
320	169.1	500	0.0566	0.0228	0.0338	False
321	30.3	500	0.0259	0.0198	0.0061	False
322	241.2	500	0.0992	0.0509	0.0482	False
323	-35.8	500	0.0458	0.0530	-0.0072	False
324	340.4	500	0.0943	0.0262	0.0681	False
325	68.2	500	0.0389	0.0253	0.0136	False
326	248.5	500	0.0953	0.0456	0.0497	False
327	261.3	500	0.0718	0.0195	0.0523	False
328	307.0	500	0.0950	0.0336	0.0614	False
329	221.1	500	0.0858	0.0416	0.0442	False
330	210.0	500	0.0616	0.0196	0.0420	False
331	155.7	500	0.0715	0.0404	0.0311	False
332	38.7	500	0.0318	0.0241	0.0077	False
333	423.2	301	0.0377	0.0030	0.0347	True
334	362.5	500	0.0998	0.0273	0.0725	False
335	513.0	500	0.1117	0.0091	0.1026	False
336	296.1	500	0.0966	0.0374	0.0592	False
337	10.7	500	0.0332	0.0311	0.0021	False
338	189.3	500	0.0672	0.0294	0.0379	False
339	373.1	500	0.0999	0.0253	0.0746	False
340	393.9	500	0.1058	0.0270	0.0788	False
341	61.3	500	0.0279	0.0157	0.0123	False
342	74.4	500	0.0467	0.0318	0.0149	False
343	47.4	500	0.0642	0.0547	0.0095	False
344	299.9	500	0.0961	0.0361	0.0600	False
345	43.3	500	0.0572	0.0485	0.0087	False
346	-11.2	500	0.0266	0.0288	-0.0022	False
347	388.2	68	0.0307	0.0029	0.0278	True
348	609.9	165	0.0750	0.0028	0.0722	True
349	404.8	500	0.1072	0.0263	0.0810	False
350	-106.8	500	0.0225	0.0439	-0.0214	False
351	166.6	500	0.0528	0.0195	0.0333	False
352	167.9	500	0.0748	0.0412	0.0336	False
353	274.4	500	0.1000	0.0451	0.0549	False
354	347.2	500	0.0981	0.0286	0.0694	False
355	227.8	500	0.0759	0.0303	0.0456	False
356	291.3	500	0.1050	0.0467	0.0583	False
357	120.5	500	0.0867	0.0626	0.0241	False
358	354.6	500	0.0906	0.0197	0.0709	False
359	154.6	500	0.0651	0.0342	0.0309	False
360	256.7	500	0.0777	0.0264	0.0513	False
361	199.0	500	0.0729	0.0331	0.0398	False
362	226.1	500	0.0718	0.0266	0.0452	False
363	2.9	500	0.0409	0.0403	0.0006	False
364	217.3	500	0.0978	0.0544	0.0435	False
365	75.7	500	0.0627	0.0475	0.0151	False
366	156.3	500	0.0779	0.0466	0.0313	False
367	21.7	500	0.0236	0.0193	0.0043	False
368	311.1	500	0.0941	0.0318	0.0622	False
369	1.0	500	0.0316	0.0314	0.0002	False
370	92.7	500	0.0523	0.0338	0.0185	False
371	131.7	500	0.0565	0.0302	0.0263	False
372	181.2	500	0.0920	0.0558	0.0362	False
373	305.4	500	0.0873	0.0262	0.0611	False
374	-26.7	500	0.0145	0.0198	-0.0053	False
375	-71.9	500	0.0302	0.0446	-0.0144	False
376	138.6	500	0.0474	0.0197	0.0277	False
377	126.0	500	0.0725	0.0473	0.0252	False
378	50.0	500	0.0495	0.0395	0.0100	False
379	183.7	500	0.0667	0.0300	0.0367	False
380	363.1	500	0.1013	0.0287	0.0726	False
381	34.4	500	0.0431	0.0362	0.0069	False
382	181.8	500	0.0609	0.0246	0.0364	False
383	241.5	500	0.0645	0.0162	0.0483	False
384	-45.2	500	0.0219	0.0309	-0.0090	False
385	156.4	500	0.0651	0.0338	0.0313	False
386	171.2	500	0.0775	0.0433	0.0342	False
387	239.2	500	0.0661	0.0183	0.0478	False
388	48.5	500	0.0264	0.0167	0.0097	False
389	382.0	500	0.1025	0.0261	0.0764	False
390	274.7	500	0.0703	0.0154	0.0549	False
391	12.9	500	0.0354	0.0328	0.0026	False
392	-90.6	500	0.0160	0.0341	-0.0181	False
393	705.7	189	0.0942	0.0029	0.0913	True
394	224.6	500	0.0754	0.0305	0.0449	False
395	232.8	500	0.0938	0.0473	0.0466	False
396	78.0	500	0.0649	0.0493	0.0156	False
397	303.9	500	0.0795	0.0187	0.0608	False
398	94.1	500	0.0488	0.0300	0.0188	False
399	168.1	500	0.0695	0.0358	0.0336	False
400	75.2	500	0.0506	0.0356	0.0150	False
401	388.9	500	0.1005	0.0227	0.0778	False
402	45.8	500	0.0429	0.0338	0.0092	False
403	86.5	500	0.0575	0.0402	0.0173	False
404	101.7	500	0.0629	0.0425	0.0203	False
405	233.7	500	0.1161	0.0693	0.0467	False
406	286.1	500	0.1020	0.0448	0.0572	False
407	304.0	500	0.0767	0.0159	0.0608	False
408	182.8	500	0.0841	0.0475	0.0366	False
409	349.4	500	0.0776	0.0078	0.0699	False
410	292.9	500	0.1070	0.0484	0.0586	False
411	251.6	500	0.0742	0.0239	0.0503	False
412	336.2	500	0.0907	0.0235	0.0672	False
413	262.2	500	0.0947	0.0423	0.0524	False
414	374.9	500	0.0917	0.0167	0.0750	False
415	335.8	500	0.0979	0.0307	0.0672	False
416	60.5	500	0.0483	0.0362	0.0121	False
417	175.6	500	0.0507	0.0156	0.0351	False
418	216.2	500	0.0935	0.0503	0.0432	False
419	33.4	500	0.0206	0.0139	0.0067	False
420	-70.1	500	0.0228	0.0368	-0.0140	False
421	4.3	500	0.0469	0.0461	0.0009	False
422	385.7	500	0.0948	0.0177	0.0771	False
423	134.1	500	0.0627	0.0358	0.0268	False
424	88.1	500	0.0657	0.0481	0.0176	False
425	234.8	500	0.0751	0.0282	0.0470	False
426	87.4	500	0.0379	0.0205	0.0175	False
427	370.0	500	0.1002	0.0262	0.0740	False
428	125.1	500	0.0791	0.0541	0.0250	False
429	379.9	500	0.1026	0.0266	0.0760	False
430	119.2	500	0.0556	0.0318	0.0238	False
431	166.4	500	0.0544	0.0211	0.0333	False
432	248.1	500	0.1070	0.0573	0.0496	False
433	84.4	500	0.0463	0.0294	0.0169	False
434	129.0	500	0.0421	0.0164	0.0258	False
435	317.5	500	0.0860	0.0225	0.0635	False
436	430.2	500	0.1037	0.0177	0.0860	False
437	263.2	500	0.0901	0.0374	0.0526	False
438	366.3	500	0.1023	0.0290	0.0733	False
439	264.1	500	0.1153	0.0625	0.0528	False
440	-28.6	500	0.0388	0.0445	-0.0057	False
441	-5.7	500	0.0447	0.0459	-0.0011	False
442	56.4	500	0.0270	0.0157	0.0113	False
443	253.6	500	0.1068	0.0561	0.0507	False
444	68.9	500	0.0623	0.0485	0.0138	False
445	-53.5	500	0.0384	0.0491	-0.0107	False
446	205.0	500	0.0675	0.0265	0.0410	False
447	155.1	500	0.0479	0.0169	0.0310	False
448	266.8	500	0.0765	0.0231	0.0534	False
449	253.3	500	0.0949	0.0443	0.0507	False
450	348.2	500	0.0886	0.0190	0.0696	False
451	309.1	500	0.0748	0.0130	0.0618	False
452	-24.5	500	0.0169	0.0218	-0.0049	False
453	-24.2	500	0.0193	0.0241	-0.0048	False
454	215.4	500	0.0616	0.0185	0.0431	False
455	278.1	500	0.0806	0.0250	0.0556	False
456	16.9	500	0.0506	0.0472	0.0034	False
457	48.5	500	0.0422	0.0325	0.0097	False
458	99.9	500	0.0577	0.0377	0.0200	False
459	191.8	500	0.0951	0.0567	0.0384	False
460	219.5	500	0.0852	0.0413	0.0439	False
461	328.8	500	0.0785	0.0127	0.0658	False
462	-32.6	500	0.0578	0.0643	-0.0065	False
463	353.5	500	0.0998	0.0291	0.0707	False
464	163.9	500	0.0874	0.0547	0.0328	False
465	-132.8	500	0.0350	0.0616	-0.0266	False
466	-67.1	500	0.0644	0.0778	-0.0134	False
467	238.4	500	0.1031	0.0554	0.0477	False
468	293.5	500	0.0970	0.0383	0.0587	False
469	155.2	500	0.0631	0.0320	0.0310	False
470	143.4	500	0.0732	0.0445	0.0287	False
471	124.4	500	0.0629	0.0380	0.0249	False
472	-39.1	500	0.0103	0.0181	-0.0078	False
473	237.9	500	0.0653	0.0177	0.0476	False
474	-33.6	500	0.0175	0.0242	-0.0067	False
475	32.0	500	0.0409	0.0345	0.0064	False
476	202.6	500	0.0847	0.0442	0.0405	False
477	361.1	500	0.1067	0.0345	0.0722	False
478	38.2	500	0.0391	0.0314	0.0076	False
479	205.6	500	0.0926	0.0514	0.0411	False
480	228.7	500	0.0947	0.0489	0.0457	False
481	-70.3	500	0.0161	0.0302	-0.0141	False
482	-16.3	500	0.0320	0.0352	-0.0033	False
483	334.9	500	0.1043	0.0373	0.0670	False
484	213.8	500	0.0692	0.0265	0.0428	False
485	116.9	500	0.0615	0.0381	0.0234	False
486	242.6	500	0.0799	0.0314	0.0485	False
487	-20.5	500	0.0634	0.0675	-0.0041	False
488	222.5	500	0.1033	0.0588	0.0445	False
489	18.5	500	0.0279	0.0242	0.0037	False
490	268.4	500	0.0925	0.0388	0.0537	False
491	-5.4	500	0.0286	0.0297	-0.0011	False
492	-94.1	500	0.0299	0.0487	-0.0188	False
493	198.7	500	0.0943	0.0546	0.0397	False
494	144.4	500	0.0881	0.0592	0.0289	False
495	234.5	500	0.0813	0.0344	0.0469	False
496	216.4	500	0.0719	0.0286	0.0433	False
497	288.5	500	0.0902	0.0325	0.0577	False
498	312.5	500	0.0921	0.0296	0.0625	False
499	293.8	500	0.0843	0.0255	0.0588	False
500	374.1	500	0.1008	0.0260	0.0748	False
501	202.2	500	0.0828	0.0423	0.0404	False
502	244.3	500	0.0998	0.0509	0.0489	False
503	176.5	500	0.0967	0.0614	0.0353	False
504	47.2	500	0.0709	0.0614	0.0094	False
505	196.0	500	0.0562	0.0170	0.0392	False
506	455.9	500	0.1148	0.0236	0.0912	False
507	313.4	500	0.0987	0.0360	0.0627	False
508	398.6	500	0.1094	0.0296	0.0797	False
509	182.6	500	0.0558	0.0193	0.0365	False
510	286.7	500	0.0986	0.0412	0.0573	False
511	209.3	500	0.0898	0.0479	0.0419	False
512	142.6	500	0.0818	0.0533	0.0285	False
513	365.4	500	0.0891	0.0161	0.0731	False
514	141.2	500	0.0537	0.0255	0.0282	False
515	-66.9	500	0.0232	0.0366	-0.0134	False
516	501.3	500	0.1106	0.0103	0.1003	False
517	417.6	500	0.1097	0.0262	0.0835	False
518	60.0	500	0.0873	0.0753	0.0120	False
519	-11.8	500	0.0246	0.0270	-0.0024	False
520	-66.1	500	0.0336	0.0468	-0.0132	False
521	92.1	500	0.0511	0.0327	0.0184	False
522	250.0	500	0.1105	0.0605	0.0500	False
523	221.2	500	0.0810	0.0368	0.0442	False
524	351.4	500	0.0983	0.0280	0.0703	False
525	155.6	500	0.1102	0.0791	0.0311	False
526	736.9	218	0.1004	0.0028	0.0976	True
527	708.4	198	0.0949	0.0028	0.0920	True
528	312.7	500	0.0997	0.0371	0.0625	False
529	172.4	500	0.0644	0.0299	0.0345	False
530	15.5	500	0.0244	0.0213	0.0031	False
531	-53.9	500	0.0196	0.0304	-0.0108	False
532	138.2	500	0.0716	0.0439	0.0276	False
533	105.8	500	0.1025	0.0813	0.0212	False
534	135.7	500	0.0834	0.0562	0.0271	False
535	147.3	500	0.0704	0.0409	0.0295	False
536	0.5	500	0.0154	0.0153	0.0001	False
537	57.3	500	0.0441	0.0326	0.0115	False
538	6.5	500	0.0427	0.0414	0.0013	False
539	180.0	500	0.0722	0.0362	0.0360	False
540	196.8	500	0.0864	0.0470	0.0394	False
541	71.8	500	0.0628	0.0485	0.0144	False
542	239.4	500	0.1172	0.0693	0.0479	False
543	137.4	500	0.0899	0.0624	0.0275	False
544	175.7	500	0.0807	0.0456	0.0351	False
545	221.8	500	0.1081	0.0638	0.0444	False
546	35.0	500	0.0389	0.0318	0.0070	False
547	10.6	500	0.0367	0.0346	0.0021	False
548	-78.1	500	0.0196	0.0352	-0.0156	False
549	227.6	500	0.0793	0.0338	0.0455	False
550	41.6	500	0.0647	0.0563	0.0083	False
551	333.9	500	0.1016	0.0348	0.0668	False
552	166.4	500	0.0658	0.0326	0.0333	False
553	20.9	500	0.0512	0.0470	0.0042	False
554	86.6	500	0.0848	0.0675	0.0173	False
555	192.3	500	0.0854	0.0469	0.0385	False
556	360.6	500	0.1053	0.0332	0.0721	False
557	17.4	500	0.0368	0.0334	0.0035	False
558	-64.0	500	0.0140	0.0268	-0.0128	False
559	221.1	500	0.0714	0.0271	0.0442	False
560	155.2	500	0.0699	0.0389	0.0310	False
561	65.8	500	0.0805	0.0674	0.0132	False
562	143.8	500	0.0506	0.0218	0.0288	False
563	289.4	500	0.0847	0.0269	0.0579	False
564	730.7	194	0.0992	0.0029	0.0963	True
565	99.5	500	0.0625	0.0426	0.0199	False
566	194.1	500	0.0609	0.0221	0.0388	False
567	211.7	500	0.0868	0.0445	0.0423	False
568	-91.6	500	0.0248	0.0431	-0.0183	False
569	48.6	500	0.0293	0.0195	0.0097	False
570	144.2	500	0.0519	0.0231	0.0288	False
571	56.1	500	0.0203	0.0091	0.0112	False
572	273.4	500	0.0812	0.0265	0.0547	False
573	192.2	500	0.0803	0.0419	0.0384	False
574	133.8	500	0.0566	0.0298	0.0268	False
575	284.9	500	0.1085	0.0515	0.0570	False
576	312.0	500	0.0953	0.0329	0.0624	False
577	313.8	500	0.1078	0.0450	0.0628	False
578	166.5	500	0.0496	0.0163	0.0333	False
579	323.0	500	0.0920	0.0274	0.0646	False
580	197.1	500	0.0742	0.0348	0.0394	False
581	241.9	500	0.0742	0.0258	0.0484	False
582	237.2	500	0.0870	0.0396	0.0474	False
583	-63.4	500	0.0311	0.0438	-0.0127	False
584	192.6	500	0.0817	0.0432	0.0385	False
585	162.9	500	0.1053	0.0727	0.0326	False
586	46.2	500	0.0546	0.0454	0.0092	False
587	120.6	500	0.1190	0.0948	0.0241	False
588	282.5	500	0.0834	0.0269	0.0565	False
589	-61.7	500	0.0191	0.0315	-0.0123	False
590	153.1	500	0.0540	0.0234	0.0306	False
591	387.6	500	0.1013	0.0238	0.0775	False
592	42.2	500	0.0328	0.0244	0.0084	False
593	239.2	500	0.0688	0.0210	0.0478	False
594	254.1	500	0.0798	0.0290	0.0508	False
595	357.9	500	0.1123	0.0407	0.0716	False
596	-26.7	500	0.0400	0.0453	-0.0053	False
597	194.1	500	0.0626	0.0237	0.0388	False
598	117.9	500	0.0707	0.0471	0.0236	False
599	-81.7	500	0.0099	0.0262	-0.0163	False
600	341.9	500	0.0973	0.0289	0.0684	False
601	-29.7	500	0.0449	0.0508	-0.0059	False
602	-95.2	500	0.0268	0.0459	-0.0190	False
603	-144.6	500	0.0214	0.0503	-0.0289	False
604	63.8	500	0.0579	0.0451	0.0128	False
605	326.8	500	0.0998	0.0344	0.0654	False
606	287.9	500	0.0961	0.0385	0.0576	False
607	129.6	500	0.0665	0.0406	0.0259	False
608	119.6	500	0.0432	0.0193	0.0239	False
609	288.5	500	0.1050	0.0473	0.0577	False
610	367.7	500	0.1045	0.0310	0.0735	False
611	237.6	500	0.0572	0.0097	0.0475	False
612	192.5	500	0.0678	0.0293	0.0385	False
613	136.2	500	0.0563	0.0291	0.0272	False
614	-94.7	500	0.0154	0.0343	-0.0189	False
615	-16.9	500	0.0343	0.0377	-0.0034	False
616	177.8	500	0.0433	0.0078	0.0356	False
617	165.5	500	0.0626	0.0295	0.0331	False
618	251.1	500	0.0680	0.0178	0.0502	False
619	212.8	500	0.0792	0.0367	0.0426	False
620	-22.3	500	0.0221	0.0266	-0.0045	False
621	355.0	500	0.0988	0.0278	0.0710	False
622	342.6	500	0.0795	0.0110	0.0685	False
623	-16.2	500	0.0281	0.0314	-0.0032	False
624	418.8	500	0.1101	0.0264	0.0838	False
625	167.5	500	0.0857	0.0522	0.0335	False
626	378.5	500	0.0977	0.0220	0.0757	False
627	141.7	500	0.0647	0.0364	0.0283	False
628	51.0	500	0.0459	0.0357	0.0102	False
629	385.5	500	0.0949	0.0178	0.0771	False
630	140.4	500	0.0827	0.0547	0.0281	False
631	475.1	112	0.0481	0.0029	0.0451	True
632	197.5	500	0.0645	0.0250	0.0395	False
633	214.8	500	0.0940	0.0510	0.0430	False
634	165.2	500	0.0474	0.0144	0.0330	False
635	-65.9	500	0.0118	0.0249	-0.0132	False
636	-44.9	500	0.0187	0.0277	-0.0090	False
637	191.8	500	0.0634	0.0250	0.0384	False
638	407.9	500	0.0922	0.0106	0.0816	False
639	212.1	500	0.0601	0.0177	0.0424	False
640	467.6	500	0.1069	0.0134	0.0935	False
641	251.1	500	0.0824	0.0322	0.0502	False
642	219.7	500	0.0722	0.0282	0.0439	False
643	460.0	500	0.1052	0.0132	0.0920	False
644	410.0	500	0.0985	0.0165	0.0820	False
645	287.6	500	0.1145	0.0569	0.0575	False
646	263.2	500	0.1051	0.0525	0.0526	False
647	147.7	500	0.0531	0.0235	0.0295	False
648	49.1	500	0.0692	0.0594	0.0098	False
649	84.4	500	0.0496	0.0328	0.0169	False
650	163.9	500	0.0973	0.0645	0.0328	False
651	-34.3	500	0.0130	0.0198	-0.0069	False
652	287.3	500	0.0852	0.0277	0.0575	False
653	93.9	500	0.0545	0.0357	0.0188	False
654	47.8	500	0.0305	0.0209	0.0096	False
655	26.9	500	0.0704	0.0650	0.0054	False
656	231.3	500	0.0889	0.0426	0.0463	False
657	239.9	500	0.0963	0.0483	0.0480	False
658	402.7	500	0.1046	0.0241	0.0805	False
659	361.1	500	0.0870	0.0148	0.0722	False
660	85.0	500	0.0331	0.0161	0.0170	False
661	133.0	500	0.0667	0.0401	0.0266	False
662	-20.7	500	0.0434	0.0476	-0.0041	False
663	85.8	500	0.0381	0.0209	0.0172	False
664	226.7	500	0.0870	0.0416	0.0453	False
665	283.4	500	0.0687	0.0120	0.0567	False
666	61.6	500	0.0772	0.0649	0.0123	False
667	243.1	500	0.0844	0.0358	0.0486	False
668	277.2	500	0.0643	0.0088	0.0554	False
669	371.6	500	0.1054	0.0311	0.0743	False
670	56.8	500	0.0786	0.0672	0.0114	False
671	237.7	500	0.0694	0.0219	0.0475	False
672	161.5	500	0.0472	0.0149	0.0323	False
673	448.7	500	0.0981	0.0084	0.0897	False
674	421.5	500	0.1054	0.0211	0.0843	False
675	-31.8	500	0.0135	0.0198	-0.0064	False
676	78.9	500	0.0502	0.0344	0.0158	False
677	115.1	500	0.0455	0.0225	0.0230	False
678	244.7	500	0.0734	0.0244	0.0489	False
679	53.6	500	0.0681	0.0574	0.0107	False
680	177.5	500	0.0652	0.0297	0.0355	False
681	316.4	500	0.0951	0.0318	0.0633	False
682	189.2	500	0.0624	0.0245	0.0378	False
683	195.4	500	0.0860	0.0469	0.0391	False
684	259.7	500	0.1102	0.0582	0.0519	False
685	184.8	500	0.0601	0.0231	0.0370	False
686	5.6	500	0.0325	0.0314	0.0011	False
687	-6.8	500	0.0307	0.0321	-0.0014	False
688	264.9	500	0.0756	0.0227	0.0530	False
689	279.7	500	0.0784	0.0225	0.0559	False
690	144.6	500	0.0568	0.0278	0.0289	False
691	19.1	500	0.0523	0.0485	0.0038	False
692	145.4	500	0.1034	0.0743	0.0291	False
693	306.9	500	0.0856	0.0242	0.0614	False
694	131.7	500	0.0758	0.0494	0.0263	False
695	189.3	500	0.0846	0.0468	0.0379	False
696	378.8	500	0.1107	0.0349	0.0758	False
697	-25.8	500	0.0511	0.0563	-0.0052	False
698	-10.2	500	0.0873	0.0893	-0.0020	False
699	651.1	157	0.0833	0.0030	0.0803	True
700	312.9	500	0.1130	0.0504	0.0626	False
701	137.9	500	0.0474	0.0198	0.0276	False
702	171.0	500	0.0574	0.0232	0.0342	False
703	753.1	215	0.1038	0.0030	0.1009	True
704	240.3	500	0.0704	0.0223	0.0481	False
705	19.7	500	0.0327	0.0288	0.0039	False
706	266.7	500	0.0776	0.0242	0.0533	False
707	127.0	500	0.0744	0.0490	0.0254	False
708	48.6	500	0.0440	0.0343	0.0097	False
709	288.5	500	0.0994	0.0417	0.0577	False
710	218.7	500	0.0635	0.0197	0.0437	False
711	118.3	500	0.0601	0.0364	0.0237	False
712	448.6	500	0.1081	0.0184	0.0897	False
713	207.0	500	0.1052	0.0638	0.0414	False
714	-27.8	500	0.0421	0.0477	-0.0056	False
715	412.6	500	0.0985	0.0160	0.0825	False
716	301.9	500	0.0816	0.0212	0.0604	False
717	39.3	500	0.0571	0.0493	0.0079	False
718	134.2	500	0.0655	0.0386	0.0268	False
719	186.2	500	0.0718	0.0346	0.0372	False
720	252.9	500	0.1111	0.0606	0.0506	False
721	97.7	500	0.0592	0.0397	0.0195	False
722	256.3	500	0.1047	0.0534	0.0513	False
723	110.0	500	0.0410	0.0190	0.0220	False
724	157.9	500	0.0810	0.0494	0.0316	False
725	299.7	500	0.0800	0.0201	0.0599	False
726	55.4	500	0.0592	0.0481	0.0111	False
727	38.8	500	0.0486	0.0408	0.0078	False
728	-22.2	500	0.0478	0.0522	-0.0044	False
729	346.6	500	0.0937	0.0244	0.0693	False
730	305.7	500	0.0861	0.0249	0.0611	False
731	-5.3	500	0.0288	0.0299	-0.0011	False
732	368.9	500	0.0923	0.0185	0.0738	False
733	42.3	500	0.1010	0.0926	0.0085	False
734	78.1	500	0.0267	0.0111	0.0156	False
735	380.1	500	0.1101	0.0341	0.0760	False
736	16.3	500	0.0434	0.0401	0.0033	False
737	333.9	500	0.0990	0.0323	0.0668	False
738	80.2	500	0.0541	0.0380	0.0160	False
739	-124.3	500	0.0224	0.0473	-0.0249	False
740	25.4	500	0.0598	0.0547	0.0051	False
741	48.2	500	0.0562	0.0466	0.0096	False
742	-12.4	500	0.0781	0.0805	-0.0025	False
743	373.4	500	0.0965	0.0218	0.0747	False
744	109.9	500	0.0587	0.0367	0.0220	False
745	487.5	500	0.1091	0.0116	0.0975	False
746	51.0	500	0.0494	0.0392	0.0102	False
747	225.5	500	0.0869	0.0418	0.0451	False
748	186.2	500	0.0761	0.0389	0.0372	False
749	-80.0	500	0.0293	0.0453	-0.0160	False
750	224.7	500	0.0627	0.0177	0.0449	False
751	235.7	500	0.0728	0.0256	0.0471	False
752	444.7	500	0.1099	0.0209	0.0889	False
753	145.0	500	0.0545	0.0255	0.0290	False
754	120.1	500	0.0584	0.0343	0.0240	False
755	199.2	500	0.0703	0.0304	0.0398	False
756	178.3	500	0.0669	0.0312	0.0357	False
757	189.4	500	0.1012	0.0633	0.0379	False
758	17.4	500	0.0229	0.0195	0.0035	False
759	76.7	500	0.0358	0.0205	0.0153	False
760	140.4	500	0.0824	0.0544	0.0281	False
761	228.6	500	0.0900	0.0443	0.0457	False
762	231.7	500	0.0853	0.0389	0.0463	False
763	85.9	500	0.0612	0.0440	0.0172	False
764	84.9	500	0.0905	0.0735	0.0170	False
765	377.1	500	0.0854	0.0100	0.0754	False
766	144.1	500	0.0677	0.0389	0.0288	False
767	205.8	500	0.0715	0.0303	0.0412	False
768	92.4	500	0.0329	0.0144	0.0185	False
769	280.0	500	0.0883	0.0323	0.0560	False
770	20.4	500	0.0447	0.0406	0.0041	False
771	20.5	500	0.0511	0.0470	0.0041	False
772	303.6	500	0.0871	0.0264	0.0607	False
773	44.7	500	0.0273	0.0183	0.0089	False
774	148.9	500	0.0587	0.0289	0.0298	False
775	-73.4	500	0.0284	0.0431	-0.0147	False
776	-113.3	500	0.0178	0.0405	-0.0227	False
777	327.6	500	0.0934	0.0278	0.0655	False
778	170.2	500	0.0713	0.0373	0.0340	False
779	97.4	500	0.0637	0.0442	0.0195	False
780	412.8	500	0.0943	0.0118	0.0826	False
781	142.3	500	0.0566	0.0281	0.0285	False
782	144.9	500	0.0551	0.0261	0.0290	False
783	242.6	500	0.0674	0.0189	0.0485	False
784	-8.6	500	0.0249	0.0266	-0.0017	False
785	-49.9	500	0.0274	0.0373	-0.0100	False
786	-3.9	500	0.0363	0.0371	-0.0008	False
787	-8.7	500	0.0277	0.0295	-0.0017	False
788	236.1	500	0.0851	0.0379	0.0472	False
789	-17.9	500	0.0330	0.0365	-0.0036	False
790	302.1	500	0.0867	0.0263	0.0604	False
791	167.2	500	0.0648	0.0314	0.0334	False
792	399.0	500	0.1117	0.0319	0.0798	False
793	230.8	500	0.0798	0.0336	0.0462	False
794	28.8	500	0.0927	0.0869	0.0058	False
795	245.4	500	0.0739	0.0248	0.0491	False
796	-29.6	500	0.0482	0.0542	-0.0059	False
797	225.0	500	0.0724	0.0274	0.0450	False
798	175.1	500	0.0859	0.0509	0.0350	False
799	-80.0	500	0.0182	0.0342	-0.0160	False
800	343.3	500	0.0961	0.0274	0.0687	False
801	296.5	500	0.0738	0.0145	0.0593	False
802	214.8	500	0.0676	0.0246	0.0430	False
803	240.6	500	0.0623	0.0142	0.0481	False
804	308.0	500	0.0834	0.0218	0.0616	False
805	315.4	500	0.0911	0.0281	0.0631	False
806	150.2	500	0.0538	0.0237	0.0300	False
807	292.0	500	0.0723	0.0139	0.0584	False
808	-78.6	500	0.0274	0.0431	-0.0157	False
809	351.6	500	0.0926	0.0222	0.0703	False
810	437.0	500	0.0940	0.0066	0.0874	False
811	146.6	500	0.0541	0.0247	0.0293	False
812	48.6	500	0.0547	0.0450	0.0097	False
813	420.9	500	0.1058	0.0216	0.0842	False
814	267.3	500	0.1105	0.0570	0.0535	False
815	35.5	500	0.0415	0.0344	0.0071	False
816	47.4	500	0.0761	0.0666	0.0095	False
817	347.2	500	0.0971	0.0276	0.0694	False
818	382.4	500	0.1008	0.0243	0.0765	False
819	168.0	500	0.0651	0.0315	0.0336	False
820	-14.5	500	0.0138	0.0167	-0.0029	False
821	805.8	243	0.1144	0.0028	0.1115	True
822	-23.6	500	0.0395	0.0442	-0.0047	False
823	221.2	500	0.0778	0.0336	0.0442	False
824	218.6	500	0.1009	0.0572	0.0437	False
825	261.1	500	0.0814	0.0292	0.0522	False
826	19.7	500	0.0409	0.0369	0.0039	False
827	-41.5	500	0.0359	0.0442	-0.0083	False
828	175.3	500	0.0842	0.0492	0.0351	False
829	106.4	500	0.1013	0.0800	0.0213	False
830	124.4	500	0.0524	0.0275	0.0249	False
831	34.4	500	0.0560	0.0492	0.0069	False
832	273.1	500	0.0989	0.0442	0.0546	False
833	-16.1	500	0.0506	0.0538	-0.0032	False
834	82.4	500	0.0473	0.0309	0.0165	False
835	35.7	500	0.0575	0.0503	0.0071	False
