HYPERPARAMS
version: 12	h1_size: 1024	h2_size: None	npop: 50	sigma: 0.1	 alpha: 0.03
ENVIRONMENT
delta_l: 0.0001	max_steps: 500	goal_eps: 0.003


ep	reward	new_r	E[r]	steps	start_d	end_d	covered	goal
0	-467.0	-84.1	0.0	500	0.0929	0.0097	0.0832	0
1	-691.7	-453.3	-84.1	500	0.0440	0.0346	0.0093	0
2	-541.6	-329.1	-268.7	500	0.0615	0.0273	0.0342	0
3	-473.1	-209.1	-288.8	500	0.1120	0.0538	0.0582	0
4	-817.0	-513.0	-268.9	500	0.0475	0.0501	-0.0026	0
5	-760.2	-373.0	-317.7	500	0.0428	0.0174	0.0254	0
6	-656.7	-568.4	-326.9	500	0.1110	0.1247	-0.0137	0
7	-678.1	-180.8	-361.4	500	0.0886	0.0248	0.0638	0
8	-735.2	-505.6	-338.9	500	0.0501	0.0513	-0.0011	0
9	-462.5	-342.6	-357.4	500	0.0650	0.0335	0.0315	0
10	-790.2	-531.8	-355.9	500	0.0814	0.0878	-0.0064	0
11	-382.3	-195.6	-371.9	500	0.0981	0.0372	0.0609	0
12	-261.8	-52.2	-357.2	500	0.1114	0.0219	0.0896	0
13	-773.8	-555.9	-333.7	500	0.0800	0.0912	-0.0112	0
14	-332.9	-203.6	-349.6	500	0.0884	0.0292	0.0593	0
15	-805.7	-531.6	-339.9	500	0.0421	0.0484	-0.0063	0
16	-626.2	-490.4	-351.9	500	0.0306	0.0287	0.0019	0
17	-405.1	-451.8	-360.0	500	0.0684	0.0588	0.0096	0
18	-508.7	153.9	-365.1	146	0.0128	0.0030	0.0098	1
19	-441.4	-442.0	-337.8	500	0.0841	0.0725	0.0116	0
20	-454.4	-454.4	-343.0	500	0.0786	0.0695	0.0091	0
21	-431.7	-431.7	-348.3	500	0.1055	0.0918	0.0137	0
22	-472.0	-433.5	-352.1	500	0.0482	0.0349	0.0133	0
23	-434.3	-434.3	-355.6	500	0.0952	0.0821	0.0131	0
24	-476.3	-476.3	-358.9	500	0.0696	0.0649	0.0047	0
25	-421.0	-261.2	-363.6	500	0.1004	0.0526	0.0478	0
26	-710.7	-536.5	-359.7	500	0.0385	0.0458	-0.0073	0
27	-457.2	-276.7	-366.2	500	0.0559	0.0113	0.0447	0
28	-393.6	-349.2	-363.0	500	0.0579	0.0278	0.0302	0
29	-286.6	-361.6	-362.5	500	0.0765	0.0488	0.0277	0
30	-756.7	-528.5	-362.5	500	0.0381	0.0438	-0.0057	0
31	-575.9	-522.3	-367.9	500	0.0359	0.0404	-0.0045	0
32	-501.9	-501.9	-372.7	500	0.0523	0.0526	-0.0004	0
33	-448.0	-448.0	-376.6	500	0.0774	0.0670	0.0104	0
34	-468.3	-468.3	-378.7	500	0.0310	0.0246	0.0063	0
35	-452.3	-452.3	-381.3	500	0.0823	0.0728	0.0095	0
36	-417.9	-417.9	-383.2	500	0.1057	0.0892	0.0164	0
37	-400.9	-400.9	-384.2	500	0.1119	0.0920	0.0198	0
38	-490.1	-490.1	-384.6	500	0.0681	0.0661	0.0020	0
39	-443.1	-443.1	-387.3	500	0.0749	0.0635	0.0114	0
40	-457.2	-457.2	-388.7	500	0.0716	0.0630	0.0086	0
41	-512.9	-512.9	-390.4	500	0.0419	0.0444	-0.0026	0
42	-432.4	-432.4	-393.3	500	0.0785	0.0650	0.0135	0
43	-436.4	-436.4	-394.2	500	0.0789	0.0662	0.0127	0
44	-469.7	-469.7	-395.2	500	0.0381	0.0321	0.0061	0
45	-468.9	-468.9	-396.8	500	0.0732	0.0670	0.0062	0
46	-530.0	-530.0	-398.4	500	0.0273	0.0332	-0.0060	0
47	-424.3	-424.3	-401.2	500	0.1063	0.0912	0.0151	0
48	-551.8	-551.8	-401.7	500	0.0346	0.0450	-0.0104	0
49	-451.2	-451.2	-404.7	500	0.0830	0.0732	0.0098	0
50	-436.6	-436.6	-405.7	500	0.0821	0.0694	0.0127	0
51	-457.6	-457.6	-406.3	500	0.0471	0.0386	0.0085	0
52	-452.5	-452.5	-407.3	500	0.0813	0.0718	0.0095	0
53	-593.0	-593.0	-408.1	500	0.0151	0.0337	-0.0186	0
54	-495.1	-495.1	-411.5	500	0.0239	0.0229	0.0010	0
55	-432.6	-432.6	-413.1	500	0.0871	0.0737	0.0135	0
56	-436.4	-436.4	-413.4	500	0.0918	0.0791	0.0127	0
57	-468.9	-468.9	-413.8	500	0.0735	0.0673	0.0062	0
58	-497.1	-497.1	-414.8	500	0.0244	0.0239	0.0006	0
59	-490.8	-490.8	-416.2	500	0.0153	0.0135	0.0018	0
60	-479.2	-479.2	-417.4	500	0.0391	0.0350	0.0042	0
61	-433.7	-433.7	-418.4	500	0.0853	0.0720	0.0133	0
62	-467.0	-447.5	-418.7	500	0.0726	0.0621	0.0105	0
63	-458.2	-437.5	-419.1	500	0.0580	0.0455	0.0125	0
64	-450.3	-450.3	-419.4	500	0.0743	0.0644	0.0099	0
65	-476.4	-476.4	-419.9	500	0.0272	0.0225	0.0047	0
66	-447.2	-447.2	-420.7	500	0.0671	0.0566	0.0106	0
67	-493.6	-493.6	-421.1	500	0.0362	0.0349	0.0013	0
68	-461.8	-461.8	-422.2	500	0.0580	0.0504	0.0076	0
69	-503.1	-503.1	-422.8	500	0.0535	0.0541	-0.0006	0
70	-461.7	-461.7	-423.9	500	0.0636	0.0560	0.0077	0
71	-421.3	-421.3	-424.5	500	0.0984	0.0827	0.0157	0
72	-465.7	-465.7	-424.4	500	0.0723	0.0654	0.0069	0
73	-485.2	-485.2	-425.0	500	0.0466	0.0436	0.0030	0
74	-428.4	-428.4	-425.8	500	0.0965	0.0821	0.0143	0
75	-438.4	-438.4	-425.8	500	0.0952	0.0829	0.0123	0
76	-512.8	-512.8	-426.0	500	0.0435	0.0461	-0.0026	0
77	-454.2	-454.2	-427.1	500	0.0323	0.0232	0.0092	0
78	-451.2	-451.2	-427.5	500	0.0894	0.0796	0.0098	0
79	-435.1	-432.4	-427.8	500	0.0958	0.0823	0.0135	0
80	-448.8	-448.8	-427.8	500	0.0872	0.0770	0.0102	0
81	-422.9	-422.9	-428.1	500	0.0988	0.0834	0.0154	0
82	-431.0	-431.0	-428.0	500	0.0845	0.0707	0.0138	0
83	-519.8	-519.8	-428.1	500	0.0249	0.0289	-0.0040	0
84	-564.8	-560.2	-429.1	500	0.0367	0.0487	-0.0120	0
85	-282.9	-232.9	-430.7	500	0.0918	0.0383	0.0534	0
86	-272.2	-281.3	-428.4	500	0.0772	0.0335	0.0437	0
87	-495.0	-495.0	-426.7	500	0.0636	0.0626	0.0010	0
88	-473.4	-473.4	-427.5	500	0.0446	0.0393	0.0053	0
89	-425.5	-425.5	-428.0	500	0.1022	0.0873	0.0149	0
90	-509.9	-443.0	-428.0	500	0.0426	0.0312	0.0114	0
91	-469.1	-469.1	-428.1	500	0.0602	0.0540	0.0062	0
92	-193.9	-359.0	-428.6	500	0.0825	0.0543	0.0282	0
93	-602.8	-602.8	-427.8	500	0.0281	0.0487	-0.0206	0
94	-448.3	-448.3	-429.7	500	0.0840	0.0737	0.0103	0
95	-385.9	-392.6	-429.9	500	0.0628	0.0413	0.0215	0
96	-479.9	-514.3	-429.5	500	0.0310	0.0339	-0.0029	0
97	-408.4	-12.2	-430.4	500	0.1092	0.0116	0.0976	0
98	-488.8	-488.8	-426.1	500	0.0616	0.0594	0.0022	0
99	-448.2	-448.2	-426.7	500	0.0779	0.0675	0.0104	0
100	-254.2	486.0	-426.9	166	0.0832	0.0027	0.0805	1
101	-249.6	-132.0	-417.9	500	0.0936	0.0200	0.0736	0
102	-475.0	-475.0	-415.1	500	0.0653	0.0603	0.0050	0
103	-270.5	-325.8	-415.7	500	0.0951	0.0602	0.0348	0
104	-613.4	-545.6	-414.8	500	0.0177	0.0268	-0.0091	0
105	-521.5	-507.5	-416.1	500	0.0316	0.0331	-0.0015	0
106	-520.8	-520.8	-416.9	500	0.0433	0.0475	-0.0042	0
107	-460.5	-460.5	-417.9	500	0.0292	0.0213	0.0079	0
108	-429.7	-430.3	-418.3	500	0.0694	0.0555	0.0139	0
109	-465.4	-465.4	-418.4	500	0.0380	0.0310	0.0069	0
110	-153.2	-154.0	-418.8	500	0.1097	0.0405	0.0692	0
111	-466.1	-466.1	-416.4	500	0.0499	0.0431	0.0068	0
112	-428.4	-428.4	-416.9	500	0.0982	0.0839	0.0143	0
113	-421.4	-421.4	-417.0	500	0.0989	0.0832	0.0157	0
114	-527.6	-527.6	-417.0	500	0.0517	0.0572	-0.0055	0
115	-414.6	-414.6	-418.0	500	0.1001	0.0830	0.0171	0
116	-501.5	-501.5	-418.0	500	0.0427	0.0430	-0.0003	0
117	-613.4	-613.4	-418.7	500	0.0210	0.0437	-0.0227	0
118	-483.9	-483.9	-420.3	500	0.0416	0.0384	0.0032	0
119	-469.5	-469.5	-420.9	500	0.0640	0.0580	0.0061	0
120	-430.6	-349.1	-421.3	500	0.1006	0.0704	0.0302	0
121	-96.2	-169.1	-420.7	500	0.1034	0.0372	0.0662	0
122	-354.5	-243.2	-418.6	500	0.1202	0.0689	0.0514	0
123	-506.0	-406.2	-417.2	500	0.0706	0.0518	0.0188	0
124	-461.7	-461.7	-417.1	500	0.0614	0.0537	0.0077	0
125	-447.9	-447.9	-417.4	500	0.0822	0.0717	0.0104	0
126	-477.9	-477.8	-417.7	500	0.0476	0.0431	0.0044	0
127	-433.7	-433.7	-418.2	500	0.0913	0.0781	0.0133	0
128	-465.6	-465.6	-418.3	500	0.0661	0.0593	0.0069	0
129	-463.8	-472.2	-418.7	500	0.0557	0.0502	0.0056	0
130	-440.3	-440.3	-419.1	500	0.0792	0.0672	0.0119	0
131	-545.4	-545.4	-419.2	500	0.0411	0.0502	-0.0091	0
132	-497.5	-497.5	-420.2	500	0.0560	0.0555	0.0005	0
133	-477.7	-477.7	-420.8	500	0.0646	0.0601	0.0045	0
134	-432.6	-432.6	-421.2	500	0.0854	0.0719	0.0135	0
135	-374.8	-402.1	-421.3	500	0.0799	0.0603	0.0196	0
136	-262.1	-217.0	-421.1	500	0.1017	0.0451	0.0566	0
137	-478.2	-478.2	-419.6	500	0.0696	0.0652	0.0044	0
138	-493.6	-466.7	-420.1	500	0.0627	0.0560	0.0067	0
139	-380.7	-398.7	-420.4	500	0.0498	0.0295	0.0203	0
140	-465.2	-465.2	-420.2	500	0.0701	0.0632	0.0070	0
141	-474.6	-474.6	-420.6	500	0.0679	0.0628	0.0051	0
142	-174.6	-182.8	-420.9	500	0.0777	0.0142	0.0634	0
143	-447.4	-443.1	-419.3	500	0.0660	0.0546	0.0114	0
144	-531.8	-531.8	-419.4	500	0.0465	0.0528	-0.0064	0
145	-590.8	-590.3	-420.2	500	0.0188	0.0368	-0.0181	0
146	-198.8	-207.9	-421.4	500	0.1000	0.0416	0.0584	0
147	-409.3	-409.3	-419.9	500	0.1107	0.0925	0.0181	0
148	-535.7	-535.7	-419.9	500	0.0437	0.0508	-0.0071	0
149	-191.9	-301.9	-420.6	500	0.0864	0.0468	0.0396	0
150	-434.2	-434.2	-419.8	500	0.0830	0.0698	0.0132	0
151	-498.9	-498.9	-419.9	500	0.0607	0.0605	0.0002	0
152	-459.9	-459.9	-420.5	500	0.0514	0.0434	0.0080	0
153	-465.5	-337.7	-420.7	500	0.0542	0.0217	0.0325	0
154	-501.6	-501.6	-420.2	500	0.0588	0.0591	-0.0003	0
155	-446.1	-370.5	-420.7	500	0.0913	0.0654	0.0259	0
156	-503.6	-503.6	-420.4	500	0.0572	0.0579	-0.0007	0
157	-443.7	-426.8	-420.9	500	0.0797	0.0651	0.0146	0
158	-359.6	-297.6	-421.0	500	0.1154	0.0749	0.0405	0
159	-483.2	-483.2	-420.2	500	0.0795	0.0761	0.0034	0
160	-437.4	-437.4	-420.6	500	0.0816	0.0691	0.0125	0
161	-498.3	-482.9	-420.7	500	0.0282	0.0248	0.0034	0
162	-405.7	-276.4	-421.1	500	0.1071	0.0624	0.0447	0
163	-481.4	-481.4	-420.2	500	0.0690	0.0652	0.0037	0
164	-494.5	-494.5	-420.5	500	0.0667	0.0656	0.0011	0
165	-430.1	-466.8	-421.0	500	0.0504	0.0438	0.0066	0
166	-491.5	-491.5	-421.3	500	0.0331	0.0314	0.0017	0
167	-583.4	-583.4	-421.7	500	0.0321	0.0488	-0.0167	0
168	-438.5	-438.5	-422.7	500	0.0942	0.0819	0.0123	0
169	-488.5	-488.5	-422.7	500	0.0216	0.0193	0.0023	0
170	-402.6	-394.4	-423.1	500	0.0845	0.0634	0.0211	0
171	-450.6	-450.6	-423.0	500	0.0869	0.0770	0.0099	0
172	-556.2	-556.2	-423.1	500	0.0294	0.0406	-0.0112	0
173	-482.0	-482.0	-423.9	500	0.0429	0.0392	0.0036	0
174	-444.6	-444.6	-424.2	500	0.0313	0.0202	0.0111	0
175	-385.0	-278.9	-424.3	500	0.0925	0.0483	0.0442	0
176	-516.0	-516.0	-423.5	500	0.0444	0.0476	-0.0032	0
177	-409.0	-409.0	-424.0	500	0.1149	0.0967	0.0182	0
178	-440.4	-440.4	-424.0	500	0.0792	0.0672	0.0119	0
179	-470.4	-470.4	-424.0	500	0.0646	0.0587	0.0059	0
180	-459.2	-376.6	-424.3	500	0.0535	0.0289	0.0247	0
181	-507.2	-507.2	-424.0	500	0.0595	0.0609	-0.0014	0
182	-537.5	-537.5	-424.5	500	0.0257	0.0332	-0.0075	0
183	-487.7	-487.7	-425.1	500	0.0651	0.0626	0.0025	0
184	-459.0	-453.7	-425.5	500	0.0546	0.0454	0.0093	0
185	-377.1	-377.2	-425.6	500	0.0734	0.0489	0.0246	0
186	-482.8	-482.8	-425.3	500	0.0402	0.0368	0.0034	0
187	-452.0	-440.9	-425.7	500	0.0708	0.0590	0.0118	0
188	-300.9	-278.9	-425.7	500	0.1081	0.0638	0.0442	0
189	-405.3	-405.3	-425.0	500	0.1115	0.0925	0.0189	0
190	-487.4	-509.1	-424.9	500	0.0207	0.0226	-0.0018	0
191	-465.2	-465.2	-425.3	500	0.0788	0.0718	0.0070	0
192	-489.7	-394.4	-425.5	500	0.0674	0.0462	0.0211	0
193	-422.0	-422.0	-425.3	500	0.0991	0.0835	0.0156	0
194	-419.2	-419.2	-425.3	500	0.1040	0.0879	0.0162	0
195	-511.3	-511.3	-425.3	500	0.0258	0.0281	-0.0023	0
196	-451.6	-451.6	-425.7	500	0.0777	0.0680	0.0097	0
197	-157.0	-206.2	-425.9	500	0.0996	0.0408	0.0588	0
198	-520.0	-493.7	-424.8	500	0.0336	0.0323	0.0013	0
199	-573.0	-301.3	-425.1	500	0.0740	0.0343	0.0397	0
200	-427.2	-430.5	-424.5	500	0.0432	0.0293	0.0139	0
201	-377.7	-219.3	-424.5	500	0.0851	0.0290	0.0561	0
202	-453.8	-453.8	-423.5	500	0.0739	0.0647	0.0092	0
203	-453.2	-453.2	-423.6	500	0.0603	0.0510	0.0094	0
204	-403.6	-403.6	-423.8	500	0.1130	0.0937	0.0193	0
205	-546.3	-546.3	-423.7	500	0.0401	0.0493	-0.0093	0
206	-429.8	-418.4	-424.3	500	0.0956	0.0792	0.0163	0
207	-462.1	-462.1	-424.3	500	0.0749	0.0673	0.0076	0
208	-462.2	-450.5	-424.4	500	0.0227	0.0128	0.0099	0
209	-494.0	-494.0	-424.6	500	0.0450	0.0439	0.0012	0
210	-547.4	-547.4	-424.9	500	0.0340	0.0435	-0.0095	0
211	-467.1	-467.1	-425.5	500	0.0458	0.0392	0.0066	0
212	-444.7	-444.7	-425.7	500	0.0903	0.0792	0.0111	0
213	-488.2	-488.2	-425.8	500	0.0480	0.0456	0.0024	0
214	-19.4	-58.1	-426.1	500	0.1122	0.0238	0.0884	0
215	-604.2	-604.2	-424.3	500	0.0238	0.0446	-0.0208	0
216	-438.3	-467.3	-425.2	500	0.0435	0.0369	0.0065	0
217	-375.6	-389.6	-425.4	500	0.0888	0.0667	0.0221	0
218	-452.0	-452.0	-425.2	500	0.0799	0.0703	0.0096	0
219	-448.2	-448.2	-425.3	500	0.0891	0.0787	0.0104	0
220	-456.5	-456.5	-425.4	500	0.0766	0.0679	0.0087	0
221	-497.4	-497.4	-425.6	500	0.0568	0.0563	0.0005	0
222	-434.7	-434.7	-425.9	500	0.0916	0.0785	0.0131	0
223	-516.0	-516.0	-425.9	500	0.0471	0.0503	-0.0032	0
224	-460.4	-460.4	-426.3	500	0.0728	0.0649	0.0079	0
225	-442.4	-442.4	-426.5	500	0.0800	0.0685	0.0115	0
226	-480.2	-480.2	-426.6	500	0.0466	0.0426	0.0040	0
227	-451.2	-451.2	-426.8	500	0.0772	0.0675	0.0098	0
228	-355.5	-332.6	-426.9	500	0.0795	0.0460	0.0335	0
229	-428.1	-428.1	-426.5	500	0.0849	0.0705	0.0144	0
230	-480.2	-480.2	-426.5	500	0.0660	0.0620	0.0040	0
231	-442.1	-442.1	-426.7	500	0.0907	0.0791	0.0116	0
232	-441.6	-432.1	-426.8	500	0.0853	0.0717	0.0136	0
233	-427.8	-427.8	-426.8	500	0.0985	0.0840	0.0144	0
234	-454.3	-488.7	-426.8	500	0.0619	0.0597	0.0023	0
235	-267.4	-271.1	-427.1	500	0.0936	0.0478	0.0458	0
236	-440.2	-440.2	-426.4	500	0.0691	0.0571	0.0120	0
237	-427.6	-427.6	-426.5	500	0.0835	0.0690	0.0145	0
238	-467.9	-467.9	-426.5	500	0.0201	0.0137	0.0064	0
239	-575.8	-575.8	-426.7	500	0.0330	0.0482	-0.0152	0
240	-554.2	-554.2	-427.3	500	0.0207	0.0315	-0.0108	0
241	-444.7	-444.7	-427.8	500	0.0835	0.0724	0.0111	0
242	-436.8	-436.8	-427.9	500	0.0914	0.0787	0.0126	0
243	-451.4	-451.4	-427.9	500	0.0729	0.0632	0.0097	0
244	-416.4	-416.4	-428.0	500	0.1048	0.0881	0.0167	0
245	-413.1	-413.1	-428.0	500	0.1024	0.0850	0.0174	0
246	-495.0	-495.0	-427.9	500	0.0442	0.0432	0.0010	0
247	-460.9	-460.9	-428.2	500	0.0831	0.0753	0.0078	0
248	-443.6	-443.6	-428.3	500	0.0817	0.0705	0.0113	0
249	-219.8	-322.1	-428.4	500	0.0888	0.0532	0.0356	0
250	-511.7	-485.8	-427.9	500	0.0554	0.0526	0.0028	0
251	-454.4	-420.0	-428.2	500	0.0591	0.0431	0.0160	0
252	-487.1	-487.1	-428.1	500	0.0591	0.0565	0.0026	0
253	-431.2	-431.2	-428.4	500	0.0928	0.0791	0.0138	0
254	-549.8	-528.9	-428.4	500	0.0412	0.0470	-0.0058	0
255	-392.7	-394.9	-428.8	500	0.1045	0.0835	0.0210	0
256	-633.3	-430.6	-428.6	500	0.0890	0.0751	0.0139	0
257	-266.1	-245.6	-428.7	500	0.0806	0.0297	0.0509	0
258	-507.4	-413.1	-427.9	500	0.1077	0.0903	0.0174	0
259	-250.3	-270.7	-427.9	500	0.1009	0.0551	0.0459	0
260	-583.7	-583.7	-427.3	500	0.0232	0.0400	-0.0167	0
261	-475.9	-475.9	-427.9	500	0.0452	0.0404	0.0048	0
262	-459.4	-459.4	-428.1	500	0.0325	0.0244	0.0081	0
263	-435.4	-435.4	-428.2	500	0.0872	0.0743	0.0129	0
264	-452.8	-360.9	-428.2	500	0.0851	0.0573	0.0278	0
265	-434.1	-434.1	-428.0	500	0.0964	0.0832	0.0132	0
266	386.2	405.7	-428.0	149	0.0638	0.0030	0.0608	1
267	-253.9	-269.2	-424.9	500	0.0718	0.0257	0.0462	0
268	-405.2	-394.8	-424.3	500	0.0780	0.0569	0.0210	0
269	-506.0	-506.0	-424.2	500	0.0588	0.0600	-0.0012	0
270	-449.0	-449.0	-424.5	500	0.0763	0.0661	0.0102	0
271	-415.0	-415.0	-424.6	500	0.1083	0.0913	0.0170	0
272	-449.7	-449.7	-424.5	500	0.0740	0.0640	0.0101	0
273	-495.9	-495.9	-424.6	500	0.0364	0.0356	0.0008	0
274	-385.1	-399.6	-424.9	500	0.0464	0.0263	0.0201	0
275	-465.5	-465.5	-424.8	500	0.0552	0.0483	0.0069	0
276	-456.3	-425.3	-424.9	500	0.0783	0.0634	0.0149	0
277	-374.0	-346.6	-424.9	500	0.1129	0.0822	0.0307	0
278	-507.3	-507.3	-424.7	500	0.0619	0.0634	-0.0015	0
279	-323.2	-323.0	-425.0	500	0.0887	0.0533	0.0354	0
280	-581.0	-443.6	-424.6	500	0.0188	0.0075	0.0113	0
281	-523.6	-523.6	-424.7	500	0.0441	0.0488	-0.0047	0
282	-221.1	-226.0	-425.0	500	0.0889	0.0341	0.0548	0
283	-320.7	-287.8	-424.3	500	0.0649	0.0224	0.0424	0
284	-461.0	-461.0	-423.8	500	0.0835	0.0757	0.0078	0
285	-422.5	-422.5	-424.0	500	0.0982	0.0827	0.0155	0
286	-537.0	-537.0	-423.9	500	0.0365	0.0439	-0.0074	0
287	-447.5	-456.3	-424.3	500	0.0870	0.0783	0.0087	0
288	-454.3	-454.3	-424.5	500	0.0572	0.0480	0.0091	0
289	-412.9	-408.8	-424.6	500	0.0946	0.0763	0.0182	0
290	-118.7	-118.7	-424.5	500	0.1044	0.0281	0.0763	0
291	-520.6	-520.6	-423.5	500	0.0382	0.0423	-0.0041	0
292	-417.5	-381.6	-423.8	500	0.0683	0.0447	0.0237	0
293	-412.8	-412.8	-423.6	500	0.1053	0.0878	0.0174	0
294	-165.1	512.7	-423.6	132	0.0818	0.0027	0.0791	1
295	-479.7	-479.7	-420.4	500	0.0521	0.0481	0.0041	0
296	-440.4	-440.4	-420.6	500	0.0911	0.0792	0.0119	0
297	-229.8	-195.6	-420.7	500	0.0916	0.0307	0.0609	0
298	-464.7	-464.7	-419.9	500	0.0544	0.0474	0.0071	0
299	-269.9	-196.6	-420.1	500	0.1121	0.0514	0.0607	0
300	-477.5	-477.5	-419.3	500	0.0568	0.0523	0.0045	0
301	-323.7	-301.0	-419.5	500	0.0540	0.0142	0.0398	0
302	-469.3	-469.3	-419.1	500	0.0216	0.0154	0.0061	0
303	-545.9	-545.9	-419.3	500	0.0205	0.0297	-0.0092	0
304	-408.8	-408.8	-419.7	500	0.1099	0.0917	0.0182	0
305	-61.0	-61.0	-419.7	500	0.1102	0.0224	0.0878	0
306	-544.8	-544.8	-418.5	500	0.0159	0.0249	-0.0090	0
307	-402.0	-402.0	-418.9	500	0.1125	0.0929	0.0196	0
308	-461.5	-461.5	-418.9	500	0.0743	0.0666	0.0077	0
309	-265.9	-275.6	-419.0	500	0.1020	0.0571	0.0449	0
310	-513.1	-513.1	-418.6	500	0.0330	0.0356	-0.0026	0
311	325.7	327.3	-418.9	36	0.0259	0.0029	0.0231	1
312	-439.4	-439.4	-416.5	500	0.0919	0.0798	0.0121	0
313	-458.1	-464.0	-416.5	500	0.0652	0.0580	0.0072	0
314	-498.9	-498.9	-416.7	500	0.0231	0.0229	0.0002	0
315	-281.4	-183.1	-416.9	500	0.0789	0.0155	0.0634	0
316	-418.9	-418.9	-416.2	500	0.1021	0.0859	0.0162	0
317	-478.4	-478.4	-416.2	500	0.0606	0.0562	0.0043	0
318	-94.6	-107.2	-416.4	500	0.1119	0.0334	0.0786	0
319	-460.1	-460.1	-415.4	500	0.0784	0.0705	0.0080	0
320	-525.1	-525.1	-415.6	500	0.0523	0.0573	-0.0050	0
321	-415.1	-415.1	-415.9	500	0.0996	0.0826	0.0170	0
322	-572.8	-572.8	-415.9	500	0.0344	0.0490	-0.0146	0
323	-542.9	-542.9	-416.4	500	0.0284	0.0370	-0.0086	0
324	-449.0	-449.0	-416.8	500	0.0801	0.0699	0.0102	0
325	-491.4	-474.6	-416.9	500	0.0316	0.0265	0.0051	0
326	-467.1	-467.1	-417.1	500	0.0505	0.0439	0.0066	0
327	-251.6	-229.5	-417.2	500	0.0949	0.0408	0.0541	0
328	-449.6	-449.6	-416.7	500	0.0834	0.0733	0.0101	0
329	-330.7	-320.5	-416.8	500	0.1163	0.0804	0.0359	0
330	-511.8	-511.8	-416.5	500	0.0465	0.0488	-0.0024	0
331	-428.1	-428.1	-416.8	500	0.0889	0.0745	0.0144	0
332	-416.8	-416.8	-416.8	500	0.1050	0.0883	0.0166	0
333	-400.8	-409.3	-416.8	500	0.0482	0.0301	0.0181	0
334	-451.4	-446.3	-416.8	500	0.0771	0.0663	0.0107	0
335	-412.8	-404.4	-416.9	500	0.0810	0.0618	0.0191	0
336	-479.5	-485.9	-416.8	500	0.0274	0.0246	0.0028	0
337	-479.3	-481.5	-417.0	500	0.0563	0.0526	0.0037	0
338	-484.0	-506.9	-417.2	500	0.0522	0.0536	-0.0014	0
339	-474.5	-474.5	-417.5	500	0.0661	0.0610	0.0051	0
340	-530.1	-530.1	-417.6	500	0.0296	0.0356	-0.0060	0
341	-526.0	-526.0	-418.0	500	0.0389	0.0441	-0.0052	0
342	-304.6	-306.6	-418.3	500	0.0559	0.0172	0.0387	0
343	-449.1	-449.1	-418.0	500	0.0773	0.0672	0.0102	0
344	-467.1	-467.1	-418.1	500	0.0350	0.0284	0.0066	0
345	-453.5	-416.9	-418.2	500	0.0486	0.0319	0.0166	0
346	-426.2	-426.2	-418.2	500	0.0988	0.0840	0.0148	0
347	-491.9	-491.9	-418.2	500	0.0481	0.0465	0.0016	0
348	-450.1	-450.1	-418.4	500	0.0864	0.0764	0.0100	0
349	-488.9	-456.2	-418.5	500	0.0218	0.0131	0.0088	0
350	-430.6	-430.6	-418.6	500	0.0980	0.0841	0.0139	0
351	-419.4	-419.4	-418.7	500	0.1035	0.0873	0.0161	0
352	-481.5	-481.5	-418.7	500	0.0627	0.0590	0.0037	0
353	-451.6	-451.6	-418.8	500	0.0673	0.0576	0.0097	0
354	-421.1	-421.1	-418.9	500	0.0998	0.0840	0.0158	0
355	-439.1	-439.1	-418.9	500	0.0782	0.0660	0.0122	0
356	-317.2	-330.0	-419.0	500	0.0856	0.0515	0.0340	0
357	-612.0	-612.0	-418.7	500	0.0258	0.0482	-0.0224	0
358	-446.1	-446.1	-419.3	500	0.0777	0.0669	0.0108	0
359	-342.9	-270.1	-419.4	500	0.0646	0.0186	0.0460	0
360	-210.2	-216.5	-418.9	500	0.0821	0.0254	0.0567	0
361	-461.4	-436.0	-418.4	500	0.0649	0.0521	0.0128	0
362	-385.2	-386.5	-418.4	500	0.0746	0.0519	0.0227	0
363	-368.7	-350.9	-418.3	500	0.1017	0.0719	0.0298	0
364	-463.7	-463.7	-418.2	500	0.0602	0.0530	0.0073	0
365	-440.8	-417.0	-418.3	500	0.1046	0.0880	0.0166	0
366	-499.7	-499.7	-418.3	500	0.0557	0.0556	0.0001	0
367	-375.0	-366.2	-418.5	500	0.0564	0.0297	0.0268	0
368	-414.4	-414.4	-418.4	500	0.1057	0.0886	0.0171	0
369	-450.2	-450.2	-418.3	500	0.0646	0.0546	0.0100	0
370	-486.6	-486.6	-418.4	500	0.0597	0.0570	0.0027	0
371	-508.8	-508.8	-418.6	500	0.0560	0.0577	-0.0018	0
372	-263.2	-223.4	-418.9	500	0.0682	0.0129	0.0553	0
373	-437.2	-439.7	-418.3	500	0.0893	0.0772	0.0121	0
374	-432.2	-432.2	-418.4	500	0.0777	0.0641	0.0136	0
375	-488.8	-484.4	-418.4	500	0.0511	0.0480	0.0031	0
376	-502.0	-502.0	-418.6	500	0.0519	0.0523	-0.0004	0
377	-415.7	-415.7	-418.8	500	0.1037	0.0868	0.0169	0
378	-440.3	-440.3	-418.8	500	0.0916	0.0797	0.0119	0
379	-268.4	-243.4	-418.9	500	0.1123	0.0610	0.0513	0
380	-427.7	-427.7	-418.4	500	0.0913	0.0768	0.0145	0
381	-515.0	-515.0	-418.4	500	0.0477	0.0507	-0.0030	0
382	-465.3	-465.3	-418.7	500	0.0611	0.0542	0.0069	0
383	-404.8	-364.7	-418.8	500	0.0713	0.0442	0.0271	0
384	-553.1	-553.1	-418.7	500	0.0238	0.0344	-0.0106	0
385	-418.1	-418.1	-419.0	500	0.0992	0.0828	0.0164	0
386	-414.8	-414.8	-419.0	500	0.1008	0.0837	0.0170	0
387	-404.8	-404.8	-419.0	500	0.1183	0.0992	0.0190	0
388	-445.5	-439.9	-419.0	500	0.0762	0.0642	0.0120	0
389	-344.2	-245.0	-419.0	500	0.0839	0.0329	0.0510	0
390	-438.6	-438.6	-418.6	500	0.0819	0.0696	0.0123	0
391	-452.5	-420.3	-418.6	500	0.0850	0.0690	0.0159	0
392	-531.5	-491.1	-418.6	500	0.0596	0.0578	0.0018	0
393	-435.0	-409.2	-418.8	500	0.0861	0.0679	0.0182	0
394	-458.2	-458.9	-418.8	500	0.0745	0.0663	0.0082	0
395	-535.0	-535.0	-418.9	500	0.0463	0.0533	-0.0070	0
396	-463.6	-421.3	-419.2	500	0.1037	0.0880	0.0157	0
397	-489.4	-489.4	-419.2	500	0.0581	0.0559	0.0021	0
398	-457.2	-424.7	-419.4	500	0.0510	0.0359	0.0151	0
399	-406.9	-406.9	-419.4	500	0.1109	0.0923	0.0186	0
400	-435.1	-435.1	-419.4	500	0.0849	0.0719	0.0130	0
401	-486.1	-486.1	-419.4	500	0.0534	0.0506	0.0028	0
402	-297.1	-289.1	-419.6	500	0.0756	0.0335	0.0422	0
403	-475.7	-475.7	-419.2	500	0.0463	0.0414	0.0049	0
404	-428.0	-428.0	-419.4	500	0.0969	0.0825	0.0144	0
405	-414.8	-414.8	-419.4	500	0.1074	0.0904	0.0170	0
406	-464.9	-464.9	-419.4	500	0.0720	0.0650	0.0070	0
407	-462.1	-462.1	-419.5	500	0.0727	0.0651	0.0076	0
408	-438.8	-438.8	-419.6	500	0.0781	0.0658	0.0122	0
409	-500.3	-500.3	-419.6	500	0.0477	0.0477	-0.0001	0
410	-432.3	-432.3	-419.8	500	0.0881	0.0746	0.0135	0
411	-436.3	-436.3	-419.9	500	0.0803	0.0676	0.0127	0
412	-432.2	-432.2	-419.9	500	0.1004	0.0869	0.0136	0
413	-474.4	-474.4	-419.9	500	0.0338	0.0287	0.0051	0
414	-237.5	-228.5	-420.1	500	0.0936	0.0393	0.0543	0
415	-476.0	-520.0	-419.6	500	0.0227	0.0267	-0.0040	0
416	-179.3	-190.3	-419.9	500	0.0951	0.0331	0.0619	0
417	-444.5	-444.5	-419.3	500	0.0797	0.0686	0.0111	0
418	-37.5	-41.7	-419.4	500	0.1065	0.0148	0.0917	0
419	-448.1	-448.1	-418.5	500	0.0739	0.0636	0.0104	0
420	-414.6	-423.9	-418.5	500	0.0783	0.0630	0.0152	0
421	-428.4	-428.4	-418.5	500	0.1019	0.0876	0.0143	0
422	-553.9	-553.9	-418.6	500	0.0224	0.0332	-0.0108	0
423	-442.7	-442.7	-418.9	500	0.0838	0.0723	0.0115	0
424	-418.1	-418.1	-418.9	500	0.1017	0.0854	0.0164	0
425	-477.6	-477.6	-418.9	500	0.0467	0.0423	0.0045	0
426	-423.5	-423.5	-419.1	500	0.1021	0.0868	0.0153	0
427	-535.0	-535.0	-419.1	500	0.0481	0.0551	-0.0070	0
428	-390.1	-300.6	-419.4	500	0.0817	0.0418	0.0399	0
429	-454.0	-454.0	-419.1	500	0.0460	0.0368	0.0092	0
430	-428.4	-428.4	-419.2	500	0.0914	0.0771	0.0143	0
431	-483.6	-483.6	-419.2	500	0.0263	0.0230	0.0033	0
432	-530.5	-530.5	-419.3	500	0.0452	0.0513	-0.0061	0
433	-228.8	-188.9	-419.6	500	0.0991	0.0369	0.0622	0
434	-406.5	-406.5	-419.1	500	0.1102	0.0915	0.0187	0
435	-355.9	-365.8	-419.0	500	0.0709	0.0441	0.0268	0
436	-492.9	-492.9	-418.9	500	0.0452	0.0438	0.0014	0
437	-595.2	-595.2	-419.1	500	0.0073	0.0264	-0.0190	0
438	-464.7	-465.4	-419.5	500	0.0658	0.0589	0.0069	0
439	-470.9	-479.0	-419.6	500	0.0690	0.0648	0.0042	0
440	-414.6	-409.0	-419.7	500	0.1076	0.0894	0.0182	0
441	-571.3	-571.3	-419.7	500	0.0287	0.0429	-0.0143	0
442	-494.2	-494.2	-420.0	500	0.0501	0.0489	0.0012	0
443	-443.1	-443.1	-420.2	500	0.0782	0.0668	0.0114	0
444	-429.1	-429.1	-420.3	500	0.0936	0.0795	0.0142	0
445	-414.5	-414.5	-420.3	500	0.1026	0.0855	0.0171	0
446	-286.1	-288.8	-420.3	500	0.0577	0.0155	0.0422	0
447	-465.4	-465.4	-420.0	500	0.0719	0.0650	0.0069	0
448	-609.1	-609.1	-420.1	500	0.0186	0.0404	-0.0218	0
449	-454.2	-455.6	-420.5	500	0.0617	0.0528	0.0089	0
450	-415.4	-415.4	-420.6	500	0.1051	0.0882	0.0169	0
451	-438.8	-438.8	-420.6	500	0.0826	0.0703	0.0122	0
452	-464.4	-464.4	-420.6	500	0.0698	0.0627	0.0071	0
453	-440.6	-440.6	-420.7	500	0.0894	0.0775	0.0119	0
454	-481.5	-460.4	-420.7	500	0.0356	0.0277	0.0079	0
455	-410.6	-412.4	-420.8	500	0.0566	0.0391	0.0175	0
456	-467.7	-467.7	-420.8	500	0.0698	0.0633	0.0065	0
457	-587.4	-587.4	-420.9	500	0.0326	0.0501	-0.0175	0
458	-415.3	-415.3	-421.3	500	0.1020	0.0851	0.0169	0
459	-441.7	-441.7	-421.3	500	0.0741	0.0624	0.0117	0
460	-299.2	-246.7	-421.3	500	0.1122	0.0615	0.0507	0
461	-291.7	-285.3	-420.9	500	0.1136	0.0707	0.0429	0
462	-464.1	-464.1	-420.6	500	0.0594	0.0522	0.0072	0
463	-482.3	-482.3	-420.7	500	0.0489	0.0453	0.0035	0
464	-601.4	-523.6	-420.9	500	0.0521	0.0568	-0.0047	0
465	-460.9	-392.4	-421.1	500	0.0453	0.0238	0.0215	0
466	-466.6	-466.6	-421.0	500	0.0239	0.0172	0.0067	0
467	-259.3	-289.1	-421.1	500	0.0620	0.0198	0.0422	0
468	-375.9	-363.7	-420.8	500	0.0644	0.0371	0.0273	0
469	-429.0	-429.0	-420.7	500	0.0826	0.0684	0.0142	0
470	-414.0	-414.0	-420.7	500	0.1050	0.0878	0.0172	0
471	-423.6	-423.6	-420.7	500	0.0963	0.0810	0.0153	0
472	-434.7	-434.7	-420.7	500	0.0928	0.0797	0.0131	0
473	-360.4	-371.3	-420.8	500	0.0442	0.0184	0.0257	0
474	-501.8	-501.8	-420.7	500	0.0505	0.0508	-0.0004	0
475	-398.3	-398.3	-420.8	500	0.1160	0.0956	0.0203	0
476	-611.2	-611.2	-420.8	500	0.0090	0.0313	-0.0222	0
477	-403.5	-403.5	-421.2	500	0.1132	0.0939	0.0193	0
478	-411.0	-401.8	-421.1	500	0.0995	0.0799	0.0196	0
479	-424.6	-424.6	-421.1	500	0.0966	0.0815	0.0151	0
480	-493.5	-393.0	-421.1	500	0.0553	0.0339	0.0214	0
481	-137.5	-134.5	-421.0	500	0.1069	0.0338	0.0731	0
482	-314.1	-268.4	-420.5	500	0.1178	0.0715	0.0463	0
483	-315.0	-255.1	-420.1	500	0.0864	0.0375	0.0490	0
484	-527.6	-527.6	-419.8	500	0.0332	0.0387	-0.0055	0
485	-547.4	-547.4	-420.0	500	0.0266	0.0361	-0.0095	0
486	-467.8	-467.8	-420.3	500	0.0673	0.0608	0.0064	0
487	-396.0	-344.3	-420.4	500	0.1022	0.0710	0.0311	0
488	-441.2	-421.7	-420.2	500	0.1019	0.0862	0.0157	0
489	-448.0	-448.0	-420.2	500	0.0851	0.0747	0.0104	0
490	-472.2	-472.2	-420.3	500	0.0641	0.0585	0.0056	0
491	-339.7	-351.5	-420.4	500	0.0622	0.0325	0.0297	0
492	-337.5	-316.9	-420.2	500	0.1105	0.0739	0.0366	0
493	-348.7	-349.9	-420.0	500	0.1071	0.0771	0.0300	0
494	-431.8	-431.8	-419.9	500	0.0755	0.0618	0.0136	0
495	-447.4	-447.4	-419.9	500	0.0832	0.0727	0.0105	0
496	-408.8	-408.8	-420.0	500	0.1170	0.0988	0.0182	0
497	-378.2	-309.0	-420.0	500	0.0510	0.0128	0.0382	0
498	-437.7	-437.7	-419.7	500	0.0842	0.0718	0.0125	0
499	-451.8	-451.8	-419.8	500	0.0613	0.0517	0.0096	0
500	-516.7	-516.7	-419.8	500	0.0229	0.0262	-0.0033	0
501	-350.1	-350.5	-420.0	500	0.0404	0.0105	0.0299	0
502	-348.1	-348.3	-419.9	500	0.0677	0.0374	0.0303	0
503	-511.8	-511.8	-419.7	500	0.0532	0.0556	-0.0024	0
504	-453.7	-453.7	-419.9	500	0.0655	0.0562	0.0093	0
505	-340.7	-297.1	-420.0	500	0.1107	0.0701	0.0406	0
506	-291.3	-295.5	-419.7	500	0.0720	0.0311	0.0409	0
507	-441.8	45.8	-419.5	353	0.0326	0.0030	0.0296	1
508	-386.4	-416.9	-418.6	500	0.0510	0.0344	0.0166	0
509	-434.0	-434.0	-418.6	500	0.0814	0.0682	0.0132	0
510	-428.9	-402.7	-418.6	500	0.0769	0.0575	0.0195	0
511	-478.9	-478.9	-418.6	500	0.0644	0.0602	0.0042	0
512	-424.7	-424.7	-418.7	500	0.0934	0.0783	0.0151	0
513	-493.5	-493.5	-418.7	500	0.0161	0.0148	0.0013	0
514	-313.9	-318.9	-418.9	500	0.0595	0.0233	0.0362	0
515	-398.6	-393.5	-418.7	500	0.1042	0.0829	0.0213	0
516	-524.2	-524.2	-418.6	500	0.0332	0.0380	-0.0048	0
517	-412.3	-453.5	-418.8	500	0.0315	0.0222	0.0093	0
518	-437.2	-437.2	-418.9	500	0.0849	0.0724	0.0126	0
519	-563.9	-563.9	-418.9	500	0.0324	0.0452	-0.0128	0
520	-426.1	-429.2	-419.2	500	0.0561	0.0420	0.0142	0
521	-530.6	-530.6	-419.2	500	0.0241	0.0302	-0.0061	0
522	-374.6	-387.5	-419.4	500	0.0581	0.0356	0.0225	0
523	-463.7	-455.2	-419.4	500	0.0525	0.0435	0.0090	0
524	-503.4	-503.4	-419.4	500	0.0228	0.0235	-0.0007	0
525	-438.7	-438.7	-419.6	500	0.0841	0.0718	0.0123	0
526	-417.2	-417.2	-419.6	500	0.0983	0.0817	0.0166	0
527	-365.2	-354.2	-419.6	500	0.0994	0.0703	0.0292	0
528	-119.8	-24.4	-419.5	500	0.1052	0.0101	0.0951	0
529	-437.1	-437.0	-418.8	500	0.0726	0.0600	0.0126	0
530	-467.6	-486.9	-418.8	500	0.0246	0.0220	0.0026	0
531	-226.2	-235.7	-418.9	500	0.1063	0.0534	0.0529	0
532	-433.2	-433.2	-418.6	500	0.0854	0.0721	0.0134	0
533	-429.8	-423.0	-418.6	500	0.0988	0.0834	0.0154	0
534	-379.9	387.2	-418.6	103	0.0509	0.0030	0.0479	1
535	-467.8	-462.7	-417.1	500	0.0522	0.0447	0.0075	0
536	-414.3	-414.3	-417.2	500	0.1129	0.0958	0.0171	0
537	-416.2	-416.2	-417.2	500	0.1081	0.0914	0.0168	0
538	-564.7	-564.7	-417.2	500	0.0159	0.0288	-0.0129	0
539	-356.2	-372.5	-417.5	500	0.0350	0.0095	0.0255	0
540	-416.2	-405.8	-417.4	500	0.0812	0.0623	0.0188	0
541	-533.6	-533.6	-417.4	500	0.0482	0.0549	-0.0067	0
542	-568.0	-568.0	-417.6	500	0.0367	0.0503	-0.0136	0
543	-530.6	-530.6	-417.8	500	0.0343	0.0405	-0.0061	0
544	-400.9	-415.1	-418.1	500	0.0466	0.0296	0.0170	0
545	-540.3	-540.3	-418.1	500	0.0246	0.0327	-0.0081	0
546	-469.4	-469.4	-418.3	500	0.0601	0.0540	0.0061	0
547	-586.9	-586.9	-418.4	500	0.0198	0.0372	-0.0174	0
548	-556.6	-556.6	-418.7	500	0.0113	0.0226	-0.0113	0
549	-406.0	-406.0	-418.9	500	0.1116	0.0928	0.0188	0
550	-442.2	-442.2	-418.9	500	0.0883	0.0767	0.0116	0
551	-480.7	-480.7	-418.9	500	0.0646	0.0607	0.0039	0
552	-545.1	-545.1	-419.1	500	0.0396	0.0486	-0.0090	0
553	-136.2	-94.2	-419.3	500	0.0988	0.0176	0.0812	0
554	-560.8	-560.8	-418.7	500	0.0342	0.0464	-0.0122	0
555	-452.8	-452.8	-419.0	500	0.0594	0.0499	0.0094	0
556	-431.9	-433.6	-419.0	500	0.0796	0.0663	0.0133	0
557	-548.0	-499.6	-419.0	500	0.0245	0.0244	0.0001	0
558	-280.9	-277.8	-419.2	500	0.1229	0.0785	0.0444	0
559	-363.0	-350.2	-418.9	500	0.1086	0.0786	0.0300	0
560	-276.0	-259.8	-418.8	500	0.0772	0.0291	0.0480	0
561	-445.2	-445.2	-418.5	500	0.0941	0.0831	0.0110	0
562	-161.1	-198.8	-418.6	500	0.0725	0.0123	0.0602	0
563	-472.3	-472.3	-418.2	500	0.0705	0.0650	0.0055	0
564	-430.7	-430.7	-418.3	500	0.1013	0.0874	0.0139	0
565	-424.1	-424.1	-418.3	500	0.1015	0.0863	0.0152	0
566	-414.5	-414.5	-418.3	500	0.1091	0.0920	0.0171	0
567	-414.1	-414.1	-418.3	500	0.1041	0.0869	0.0172	0
568	-490.5	-490.5	-418.3	500	0.0457	0.0438	0.0019	0
569	-428.3	-428.3	-418.4	500	0.0970	0.0826	0.0143	0
570	-431.0	-431.0	-418.4	500	0.0886	0.0748	0.0138	0
571	-479.4	-479.4	-418.5	500	0.0487	0.0446	0.0041	0
572	-426.0	-426.0	-418.6	500	0.1027	0.0879	0.0148	0
573	-609.1	-609.1	-418.6	500	0.0147	0.0365	-0.0218	0
574	-479.6	-479.6	-418.9	500	0.0411	0.0370	0.0041	0
575	-593.0	-593.0	-419.0	500	0.0280	0.0466	-0.0186	0
576	-467.4	-467.4	-419.3	500	0.0483	0.0417	0.0065	0
577	-441.3	-439.3	-419.4	500	0.0689	0.0568	0.0121	0
578	-317.9	-294.8	-419.4	500	0.0627	0.0216	0.0410	0
579	-415.5	-415.5	-419.2	500	0.1047	0.0878	0.0169	0
580	-393.2	-408.5	-419.2	500	0.0505	0.0322	0.0183	0
581	-418.0	-418.0	-419.2	500	0.0996	0.0832	0.0164	0
582	-435.6	-435.6	-419.2	500	0.0746	0.0617	0.0129	0
583	-445.6	-407.1	-419.2	500	0.0950	0.0764	0.0186	0
584	-448.0	-448.0	-419.2	500	0.0622	0.0518	0.0104	0
585	-421.4	-421.0	-419.3	500	0.0957	0.0799	0.0158	0
586	-459.7	-454.2	-419.3	500	0.0494	0.0402	0.0092	0
587	-499.2	-492.2	-419.3	500	0.0444	0.0429	0.0016	0
588	-525.7	-531.0	-419.4	500	0.0352	0.0414	-0.0062	0
589	-469.9	-464.0	-419.6	500	0.0744	0.0672	0.0072	0
590	-201.5	-147.5	-419.7	500	0.1047	0.0342	0.0705	0
591	-420.8	-419.5	-419.2	500	0.0966	0.0805	0.0161	0
592	-409.8	-409.8	-419.2	500	0.1111	0.0930	0.0180	0
593	-520.3	-520.3	-419.2	500	0.0534	0.0574	-0.0041	0
594	-418.9	-418.9	-419.4	500	0.0984	0.0822	0.0162	0
595	-216.8	-225.3	-419.4	500	0.0710	0.0160	0.0549	0
596	-515.3	-501.9	-419.1	500	0.0370	0.0374	-0.0004	0
597	-626.1	-626.1	-419.2	500	0.1042	0.1295	-0.0252	0
598	-154.0	-154.1	-419.6	500	0.1019	0.0327	0.0692	0
599	-222.2	-180.1	-419.1	500	0.0847	0.0207	0.0640	0
600	-424.7	-425.2	-418.7	500	0.0959	0.0810	0.0150	0
601	-469.4	-470.8	-418.7	500	0.0547	0.0488	0.0058	0
602	-389.8	-380.9	-418.8	500	0.0740	0.0502	0.0238	0
603	-459.0	-459.0	-418.8	500	0.0608	0.0526	0.0082	0
604	-529.9	-529.9	-418.8	500	0.0444	0.0503	-0.0060	0
605	-480.5	-480.5	-419.0	500	0.0537	0.0498	0.0039	0
606	-483.7	-483.7	-419.1	500	0.0682	0.0650	0.0033	0
607	-296.8	-290.7	-419.2	500	0.0914	0.0495	0.0419	0
608	-406.2	-406.2	-419.0	500	0.1071	0.0884	0.0188	0
609	-412.8	-394.2	-419.0	500	0.0485	0.0273	0.0212	0
610	-194.0	-165.8	-418.9	500	0.1002	0.0333	0.0668	0
611	-457.9	-449.7	-418.5	500	0.0670	0.0570	0.0101	0
612	-454.2	-454.2	-418.6	500	0.0575	0.0483	0.0092	0
613	-457.4	-457.4	-418.6	500	0.0698	0.0613	0.0085	0
614	-402.1	-406.6	-418.7	500	0.0743	0.0556	0.0187	0
615	-227.5	-238.6	-418.7	500	0.0744	0.0221	0.0523	0
616	-261.5	-260.4	-418.4	500	0.0721	0.0242	0.0479	0
617	-466.5	-466.5	-418.1	500	0.0678	0.0611	0.0067	0
618	-496.4	-494.5	-418.2	500	0.0361	0.0350	0.0011	0
619	-277.0	-274.1	-418.3	500	0.0991	0.0539	0.0452	0
620	-429.5	-429.5	-418.1	500	0.0796	0.0655	0.0141	0
621	-558.3	-415.8	-418.1	500	0.1077	0.0908	0.0168	0
622	-474.3	-474.3	-418.1	500	0.0496	0.0445	0.0051	0
623	-433.0	-433.0	-418.2	500	0.0953	0.0819	0.0134	0
624	-420.0	-420.0	-418.2	500	0.1052	0.0892	0.0160	0
625	32.1	-2.9	-418.2	500	0.1140	0.0146	0.0994	0
626	-440.6	-440.6	-417.6	500	0.0862	0.0743	0.0119	0
627	-444.6	-444.6	-417.6	500	0.0596	0.0485	0.0111	0
628	-567.2	-418.0	-417.6	500	0.1041	0.0877	0.0164	0
629	-434.8	-435.5	-417.6	500	0.0387	0.0258	0.0129	0
630	-167.7	-164.0	-417.7	500	0.0988	0.0316	0.0672	0
631	-522.6	-525.2	-417.3	500	0.0491	0.0541	-0.0050	0
632	-458.2	-463.7	-417.4	500	0.0575	0.0503	0.0073	0
633	-374.5	-372.5	-417.5	500	0.0697	0.0442	0.0255	0
634	-401.6	-401.6	-417.4	500	0.1121	0.0925	0.0197	0
635	-390.6	-391.6	-417.4	500	0.0897	0.0681	0.0217	0
636	-482.5	-482.5	-417.4	500	0.0214	0.0179	0.0035	0
637	-462.1	-466.7	-417.5	500	0.0330	0.0263	0.0067	0
638	-481.3	-481.3	-417.6	500	0.0477	0.0439	0.0037	0
639	-442.8	-442.8	-417.7	500	0.0827	0.0712	0.0114	0
640	-408.6	-408.6	-417.7	500	0.1093	0.0910	0.0183	0
641	-428.8	-428.8	-417.7	500	0.0858	0.0716	0.0142	0
642	-519.6	-468.7	-417.7	500	0.0312	0.0249	0.0063	0
643	-582.3	-582.3	-417.8	500	0.0233	0.0398	-0.0165	0
644	-499.8	-499.8	-418.0	500	0.0619	0.0618	0.0000	0
645	-94.8	-114.2	-418.2	500	0.0897	0.0125	0.0772	0
646	-289.5	-265.8	-417.7	500	0.0966	0.0498	0.0468	0
647	-491.6	-491.6	-417.5	500	0.0600	0.0583	0.0017	0
648	-466.0	-466.0	-417.6	500	0.0718	0.0650	0.0068	0
649	-336.7	-350.0	-417.6	500	0.0459	0.0159	0.0300	0
650	-137.3	-92.9	-417.5	500	0.1049	0.0234	0.0814	0
651	-469.9	-469.9	-417.0	500	0.0506	0.0446	0.0060	0
652	-311.7	-307.1	-417.1	500	0.0703	0.0317	0.0386	0
653	-459.2	-459.2	-417.0	500	0.0430	0.0348	0.0082	0
654	-422.8	-422.8	-417.0	500	0.0908	0.0753	0.0154	0
655	-428.0	-427.7	-417.0	500	0.0523	0.0379	0.0145	0
656	-295.5	-271.9	-417.0	500	0.1116	0.0660	0.0456	0
657	-464.8	-464.8	-416.8	500	0.0392	0.0322	0.0070	0
658	-438.9	-429.0	-416.9	500	0.0870	0.0728	0.0142	0
659	-456.9	-456.5	-416.9	500	0.0500	0.0412	0.0087	0
660	-458.9	-459.1	-417.0	500	0.0184	0.0102	0.0082	0
661	-430.3	-430.3	-417.0	500	0.0967	0.0828	0.0139	0
662	-569.6	-569.6	-417.1	500	0.0354	0.0493	-0.0139	0
663	-211.6	-223.5	-417.3	500	0.0735	0.0182	0.0553	0
664	-359.4	-347.4	-417.0	500	0.0613	0.0308	0.0305	0
665	-498.7	-498.7	-416.9	500	0.0568	0.0565	0.0003	0
666	-442.9	-442.5	-417.0	500	0.0878	0.0763	0.0115	0
667	-456.1	-456.1	-417.1	500	0.0761	0.0673	0.0088	0
668	-516.8	-516.8	-417.1	500	0.0472	0.0505	-0.0034	0
669	-351.0	-345.0	-417.3	500	0.1010	0.0700	0.0310	0
670	-454.8	-454.8	-417.2	500	0.0385	0.0295	0.0090	0
671	-512.2	-499.1	-417.2	500	0.0493	0.0491	0.0002	0
672	-462.3	-462.3	-417.3	500	0.0783	0.0707	0.0075	0
673	-420.7	-407.2	-417.4	500	0.0669	0.0483	0.0186	0
674	-340.4	-344.8	-417.4	500	0.0603	0.0293	0.0310	0
675	-400.7	-400.7	-417.3	500	0.1118	0.0920	0.0199	0
676	-346.3	-347.6	-417.3	500	0.0462	0.0157	0.0305	0
677	-436.7	-436.7	-417.1	500	0.0825	0.0698	0.0127	0
678	-607.5	-607.5	-417.2	500	0.0100	0.0315	-0.0215	0
679	-440.2	-440.2	-417.5	500	0.0810	0.0691	0.0120	0
680	-421.7	-421.7	-417.5	500	0.1069	0.0912	0.0157	0
681	-392.0	-391.3	-417.5	500	0.0784	0.0566	0.0217	0
682	-442.0	-442.0	-417.5	500	0.0893	0.0777	0.0116	0
683	-461.8	-461.8	-417.5	500	0.0424	0.0348	0.0076	0
684	-436.8	-434.3	-417.6	500	0.0769	0.0638	0.0131	0
685	-501.5	-501.5	-417.6	500	0.0365	0.0368	-0.0003	0
686	-423.9	-425.1	-417.7	500	0.0586	0.0437	0.0150	0
687	-489.3	-489.3	-417.7	500	0.0665	0.0644	0.0021	0
688	-466.1	-466.1	-417.8	500	0.0602	0.0534	0.0068	0
689	-435.9	-435.9	-417.9	500	0.0785	0.0656	0.0128	0
690	-471.8	-471.8	-417.9	500	0.0594	0.0537	0.0056	0
691	-276.8	-244.9	-418.0	500	0.1048	0.0538	0.0510	0
692	-443.8	-443.8	-417.7	500	0.0888	0.0776	0.0112	0
693	-449.6	-449.6	-417.8	500	0.0845	0.0745	0.0101	0
694	-448.7	-439.6	-417.8	500	0.0928	0.0807	0.0121	0
695	-120.5	-79.8	-417.9	500	0.0999	0.0158	0.0840	0
696	-384.3	-373.1	-417.4	500	0.1083	0.0829	0.0254	0
697	-457.3	-449.0	-417.3	500	0.0725	0.0623	0.0102	0
698	-389.8	-391.6	-417.4	500	0.0686	0.0469	0.0217	0
699	-488.8	-488.8	-417.3	500	0.0312	0.0290	0.0022	0
700	-433.8	-436.4	-417.4	500	0.0866	0.0739	0.0127	0
701	-481.7	-481.7	-417.4	500	0.0755	0.0719	0.0037	0
702	-456.0	-448.8	-417.5	500	0.0583	0.0481	0.0102	0
703	-418.4	-418.4	-417.6	500	0.1068	0.0905	0.0163	0
704	-476.2	-476.2	-417.6	500	0.0609	0.0561	0.0048	0
705	-446.6	-446.6	-417.7	500	0.0319	0.0212	0.0107	0
706	-393.5	-390.9	-417.7	500	0.0935	0.0717	0.0218	0
707	-480.0	-478.4	-417.7	500	0.0569	0.0526	0.0043	0
708	-294.6	-297.1	-417.8	500	0.0804	0.0398	0.0406	0
709	-427.0	-427.0	-417.6	500	0.0963	0.0817	0.0146	0
710	-422.9	-407.8	-417.6	500	0.1099	0.0914	0.0184	0
711	-464.5	-464.5	-417.6	500	0.0774	0.0703	0.0071	0
712	-444.5	-444.5	-417.7	500	0.0221	0.0110	0.0111	0
713	-460.2	-460.2	-417.7	500	0.0646	0.0566	0.0080	0
714	-418.6	-421.8	-417.7	500	0.0715	0.0559	0.0156	0
715	-416.2	-413.7	-417.8	500	0.0902	0.0730	0.0173	0
716	-430.1	-430.1	-417.7	500	0.0910	0.0770	0.0140	0
717	-105.2	-107.9	-417.8	500	0.0937	0.0153	0.0784	0
718	-435.6	-439.3	-417.3	500	0.0711	0.0589	0.0121	0
719	-390.2	-389.8	-417.4	500	0.0630	0.0409	0.0220	0
720	-414.0	-414.0	-417.3	500	0.1042	0.0870	0.0172	0
721	-218.6	-218.6	-417.3	500	0.0970	0.0407	0.0563	0
722	-510.3	-510.3	-417.0	500	0.0451	0.0472	-0.0021	0
723	-424.9	-415.9	-417.2	500	0.1045	0.0877	0.0168	0
724	-491.4	-491.4	-417.2	500	0.0297	0.0280	0.0017	0
725	-425.6	-425.6	-417.3	500	0.0991	0.0842	0.0149	0
726	-289.6	-290.4	-417.3	500	0.0734	0.0315	0.0419	0
727	-113.2	-111.5	-417.1	500	0.0906	0.0128	0.0777	0
728	-427.4	-428.7	-416.7	500	0.0864	0.0722	0.0143	0
729	-422.8	-419.9	-416.7	500	0.0681	0.0521	0.0160	0
730	-378.6	-381.0	-416.7	500	0.0876	0.0638	0.0238	0
731	-458.2	-458.2	-416.7	500	0.0477	0.0393	0.0084	0
732	-512.1	-509.0	-416.7	500	0.0541	0.0559	-0.0018	0
733	-519.6	-523.2	-416.8	500	0.0213	0.0259	-0.0046	0
734	-550.4	-550.4	-417.0	500	0.0390	0.0490	-0.0101	0
735	-427.7	-427.7	-417.2	500	0.0948	0.0804	0.0145	0
736	-470.7	-470.7	-417.2	500	0.0608	0.0549	0.0059	0
737	-509.6	-509.6	-417.3	500	0.0503	0.0522	-0.0019	0
738	-417.5	-417.5	-417.4	500	0.1061	0.0896	0.0165	0
739	-477.0	-477.0	-417.4	500	0.0687	0.0641	0.0046	0
740	-454.4	-454.4	-417.5	500	0.0722	0.0630	0.0091	0
741	-280.5	-247.3	-417.5	500	0.1091	0.0586	0.0505	0
742	-485.8	-497.7	-417.3	500	0.0501	0.0496	0.0005	0
743	-513.4	-513.4	-417.4	500	0.0524	0.0551	-0.0027	0
744	-514.1	-471.5	-417.5	500	0.0304	0.0247	0.0057	0
745	-463.8	-470.6	-417.6	500	0.0281	0.0222	0.0059	0
746	-362.9	-361.7	-417.7	500	0.0751	0.0474	0.0277	0
747	-432.8	-432.8	-417.6	500	0.0862	0.0728	0.0134	0
748	-521.0	-521.0	-417.6	500	0.0447	0.0489	-0.0042	0
749	-295.5	-259.6	-417.8	500	0.1188	0.0707	0.0481	0
750	-465.9	-465.9	-417.5	500	0.0735	0.0667	0.0068	0
751	-563.2	-563.2	-417.6	500	0.0081	0.0208	-0.0126	0
752	-460.3	-460.3	-417.8	500	0.0808	0.0728	0.0079	0
753	-460.7	-460.7	-417.9	500	0.0746	0.0668	0.0079	0
754	-474.2	-474.2	-417.9	500	0.0228	0.0177	0.0052	0
755	-485.3	-485.3	-418.0	500	0.0389	0.0360	0.0029	0
756	-446.2	-446.2	-418.1	500	0.0853	0.0745	0.0108	0
757	-373.1	-356.2	-418.1	500	0.0537	0.0249	0.0288	0
758	513.1	-74.3	-418.0	500	0.0961	0.0109	0.0851	0
759	-435.5	-435.5	-417.6	500	0.0849	0.0720	0.0129	0
760	-234.3	-238.9	-417.6	500	0.0685	0.0163	0.0522	0
761	-415.2	-413.7	-417.4	500	0.0702	0.0530	0.0173	0
762	-471.0	-471.0	-417.4	500	0.0812	0.0754	0.0058	0
763	-437.1	-437.1	-417.4	500	0.0960	0.0834	0.0126	0
764	-486.7	-480.7	-417.5	500	0.0511	0.0472	0.0039	0
765	-312.7	-312.7	-417.5	500	0.0812	0.0437	0.0375	0
766	-476.7	-476.7	-417.4	500	0.0300	0.0254	0.0047	0
767	-459.6	-459.6	-417.5	500	0.0702	0.0621	0.0081	0
768	-460.7	-460.7	-417.5	500	0.0526	0.0447	0.0079	0
769	-550.9	-550.9	-417.6	500	0.0422	0.0524	-0.0102	0
770	-83.0	-29.2	-417.8	500	0.1103	0.0161	0.0942	0
771	-436.9	-436.9	-417.3	500	0.0704	0.0578	0.0126	0
772	-453.0	-455.2	-417.3	500	0.0507	0.0418	0.0090	0
773	-517.4	-517.4	-417.3	500	0.0350	0.0385	-0.0035	0
774	-281.8	-284.0	-417.5	500	0.0850	0.0418	0.0432	0
775	-466.9	-466.9	-417.3	500	0.0592	0.0525	0.0066	0
776	-453.3	-434.8	-417.4	500	0.1003	0.0873	0.0130	0
777	-385.0	-380.9	-417.4	500	0.0475	0.0237	0.0238	0
778	-512.1	-512.1	-417.3	500	0.0492	0.0517	-0.0024	0
779	-538.6	-546.5	-417.5	500	0.0155	0.0248	-0.0093	0
780	-189.1	-135.3	-417.6	500	0.0783	0.0054	0.0729	0
781	-446.6	-446.6	-417.3	500	0.0843	0.0736	0.0107	0
782	-458.0	-461.6	-417.3	500	0.0463	0.0387	0.0077	0
783	-479.6	-479.6	-417.4	500	0.0513	0.0472	0.0041	0
784	-516.7	-516.7	-417.4	500	0.0446	0.0479	-0.0033	0
785	-454.7	-454.7	-417.6	500	0.0708	0.0617	0.0091	0
786	-449.7	-449.7	-417.6	500	0.0673	0.0573	0.0101	0
787	-465.1	-465.1	-417.6	500	0.0662	0.0592	0.0070	0
788	-556.0	-556.0	-417.7	500	0.0348	0.0460	-0.0112	0
789	-459.3	-459.3	-417.9	500	0.0805	0.0724	0.0081	0
790	-183.5	-185.8	-417.9	500	0.0839	0.0211	0.0628	0
791	-536.9	-536.9	-417.6	500	0.0293	0.0367	-0.0074	0
792	-445.8	-445.8	-417.8	500	0.0678	0.0570	0.0108	0
793	-463.8	-467.1	-417.8	500	0.0515	0.0449	0.0066	0
794	-191.4	-159.1	-417.9	500	0.0899	0.0217	0.0682	0
795	-71.7	-57.1	-417.6	500	0.1061	0.0175	0.0886	0
796	-346.5	-327.7	-417.1	500	0.0601	0.0256	0.0345	0
797	-251.6	-259.4	-417.0	500	0.0789	0.0308	0.0481	0
798	-476.7	-476.7	-416.8	500	0.0698	0.0651	0.0047	0
799	-440.7	-440.7	-416.9	500	0.0792	0.0673	0.0119	0
800	-443.3	-443.3	-416.9	500	0.0968	0.0855	0.0113	0
801	-669.1	-377.4	-416.9	500	0.1046	0.0801	0.0245	0
802	-324.7	-331.5	-416.9	500	0.0646	0.0308	0.0337	0
803	-468.4	-467.5	-416.8	500	0.0270	0.0205	0.0065	0
804	-345.2	-331.5	-416.8	500	0.1101	0.0764	0.0337	0
805	-472.9	-472.9	-416.7	500	0.0643	0.0589	0.0054	0
806	-448.7	-448.7	-416.8	500	0.0636	0.0533	0.0103	0
807	-415.2	-415.2	-416.8	500	0.1057	0.0887	0.0170	0
808	-551.7	-551.7	-416.8	500	0.0421	0.0525	-0.0103	0
809	-312.6	-299.0	-417.0	500	0.0544	0.0142	0.0402	0
810	-454.9	-454.9	-416.9	500	0.0629	0.0539	0.0090	0
811	-474.9	-474.9	-416.9	500	0.0246	0.0196	0.0050	0
812	-483.8	-483.8	-417.0	500	0.0595	0.0563	0.0032	0
813	-379.7	-381.0	-417.1	500	0.0797	0.0559	0.0238	0
814	-466.6	-466.6	-417.0	500	0.0667	0.0600	0.0067	0
815	-298.9	-299.8	-417.1	500	0.0788	0.0388	0.0400	0
816	-515.1	-515.1	-416.9	500	0.0296	0.0326	-0.0030	0
817	-475.5	-475.5	-417.1	500	0.0711	0.0662	0.0049	0
818	-126.0	-72.1	-417.1	500	0.1089	0.0234	0.0856	0
819	-93.4	-98.8	-416.7	500	0.0957	0.0155	0.0802	0
820	-447.2	-447.2	-416.3	500	0.0739	0.0633	0.0106	0
821	-479.5	-479.5	-416.4	500	0.0548	0.0507	0.0041	0
822	-104.7	-113.4	-416.4	500	0.0931	0.0157	0.0773	0
823	-445.7	-445.7	-416.1	500	0.0624	0.0516	0.0109	0
824	-322.5	-293.9	-416.1	500	0.0644	0.0232	0.0412	0
825	-508.4	-477.2	-416.0	500	0.0387	0.0341	0.0046	0
826	-572.9	-566.6	-416.0	500	0.0301	0.0434	-0.0133	0
827	-454.7	-414.6	-416.2	500	0.0442	0.0271	0.0171	0
828	-533.8	-533.1	-416.2	500	0.0373	0.0439	-0.0066	0
829	-343.1	-318.3	-416.4	500	0.0753	0.0390	0.0363	0
830	-422.8	-430.2	-416.2	500	0.0400	0.0261	0.0140	0
831	-430.9	-430.9	-416.3	500	0.0787	0.0648	0.0138	0
832	-498.2	-498.2	-416.3	500	0.0373	0.0370	0.0004	0
833	-309.1	-309.6	-416.4	500	0.0741	0.0360	0.0381	0
834	-438.6	-438.6	-416.2	500	0.0701	0.0578	0.0123	0
835	-440.3	-437.5	-416.3	500	0.0833	0.0708	0.0125	0
836	-258.6	-265.8	-416.3	500	0.0719	0.0251	0.0468	0
837	-215.5	-206.3	-416.1	500	0.1023	0.0436	0.0587	0
838	-446.2	-446.2	-415.9	500	0.0759	0.0652	0.0108	0
839	-456.0	-456.0	-415.9	500	0.0725	0.0637	0.0088	0
840	-406.9	-394.3	-415.9	500	0.0361	0.0149	0.0211	0
841	-403.5	-406.1	-415.9	500	0.0654	0.0466	0.0188	0
842	-421.5	-421.5	-415.9	500	0.1030	0.0873	0.0157	0
843	-243.7	-244.8	-415.9	500	0.1027	0.0517	0.0510	0
844	-442.6	-442.6	-415.7	500	0.0927	0.0812	0.0115	0
845	-459.9	-459.9	-415.7	500	0.0496	0.0416	0.0080	0
846	-451.9	-451.9	-415.8	500	0.0798	0.0702	0.0096	0
847	-416.4	-416.4	-415.8	500	0.1053	0.0886	0.0167	0
848	-451.4	-422.5	-415.8	500	0.0984	0.0829	0.0155	0
849	-380.9	-375.6	-415.8	500	0.1083	0.0834	0.0249	0
850	-444.3	-426.8	-415.8	500	0.0843	0.0697	0.0146	0
851	-312.9	-312.1	-415.8	500	0.0995	0.0619	0.0376	0
852	-427.1	-427.1	-415.7	500	0.0850	0.0705	0.0146	0
853	-306.6	-301.0	-415.7	500	0.0651	0.0253	0.0398	0
854	-456.5	-456.5	-415.6	500	0.0433	0.0346	0.0087	0
855	-428.1	-428.1	-415.6	500	0.0982	0.0838	0.0144	0
856	-492.3	-492.3	-415.6	500	0.0596	0.0581	0.0015	0
857	-606.1	-606.1	-415.7	500	0.0263	0.0475	-0.0212	0
858	-165.2	-148.5	-415.9	500	0.0975	0.0272	0.0703	0
859	-382.1	-388.9	-415.6	500	0.0488	0.0265	0.0222	0
860	-481.0	-481.0	-415.6	500	0.0371	0.0333	0.0038	0
861	-438.1	-438.1	-415.7	500	0.0873	0.0749	0.0124	0
862	-365.7	-367.4	-415.7	500	0.0774	0.0508	0.0265	0
863	-458.5	-458.5	-415.6	500	0.0701	0.0619	0.0083	0
864	-454.5	-454.5	-415.7	500	0.0854	0.0763	0.0091	0
865	-477.3	-477.3	-415.7	500	0.0647	0.0602	0.0045	0
866	-511.3	-511.3	-415.8	500	0.0415	0.0438	-0.0023	0
867	-439.3	-439.3	-415.9	500	0.0889	0.0767	0.0121	0
868	-429.0	-429.0	-415.9	500	0.0947	0.0805	0.0142	0
869	-417.7	-417.7	-416.0	500	0.1096	0.0932	0.0165	0
870	-468.6	-423.5	-416.0	500	0.0330	0.0177	0.0153	0
871	-201.8	-203.0	-416.0	500	0.1016	0.0422	0.0594	0
872	-441.3	-441.3	-415.7	500	0.0863	0.0746	0.0117	0
873	-369.1	-369.8	-415.8	500	0.0408	0.0148	0.0260	0
874	-567.4	-567.4	-415.7	500	0.0284	0.0418	-0.0135	0
875	-508.1	-521.2	-415.9	500	0.0197	0.0239	-0.0042	0
876	-508.2	-483.4	-416.0	500	0.0168	0.0134	0.0033	0
877	-199.8	-185.9	-416.1	500	0.0909	0.0280	0.0628	0
878	-447.4	-447.4	-415.8	500	0.0791	0.0685	0.0105	0
879	-520.9	-520.9	-415.9	500	0.0325	0.0366	-0.0042	0
880	-453.4	-453.4	-416.0	500	0.0485	0.0392	0.0093	0
881	-479.5	-479.5	-416.0	500	0.0471	0.0430	0.0041	0
882	-63.0	-65.6	-416.1	500	0.1057	0.0188	0.0869	0
883	-511.0	-511.0	-415.7	500	0.0471	0.0493	-0.0022	0
884	-439.5	-439.5	-415.8	500	0.0866	0.0745	0.0121	0
885	-425.3	-426.3	-415.8	500	0.0422	0.0275	0.0147	0
886	-347.1	-363.8	-415.8	500	0.0389	0.0117	0.0272	0
887	-525.9	-525.9	-415.8	500	0.0116	0.0168	-0.0052	0
888	-464.1	-450.0	-415.9	500	0.0558	0.0458	0.0100	0
889	-362.2	-365.8	-415.9	500	0.0418	0.0150	0.0268	0
890	-465.3	-465.3	-415.9	500	0.0765	0.0696	0.0069	0
891	-460.6	-460.6	-415.9	500	0.0632	0.0553	0.0079	0
892	-442.8	-443.1	-416.0	500	0.0601	0.0487	0.0114	0
893	-524.7	-524.7	-416.0	500	0.0433	0.0483	-0.0049	0
894	-429.7	-430.7	-416.1	500	0.0601	0.0462	0.0139	0
895	-428.6	-427.1	-416.2	500	0.0723	0.0577	0.0146	0
896	-456.3	-456.3	-416.2	500	0.0882	0.0795	0.0087	0
897	-400.4	-400.4	-416.2	500	0.1127	0.0928	0.0199	0
898	-443.8	-443.8	-416.2	500	0.0837	0.0725	0.0112	0
899	-413.0	-413.0	-416.2	500	0.1087	0.0913	0.0174	0
900	-467.2	-472.1	-416.2	500	0.0741	0.0686	0.0056	0
901	-193.4	-180.8	-416.3	500	0.0908	0.0270	0.0638	0
902	-374.8	-361.2	-416.0	500	0.0578	0.0300	0.0278	0
903	-414.5	-414.5	-416.0	500	0.1094	0.0923	0.0171	0
904	-451.5	-451.5	-416.0	500	0.0842	0.0745	0.0097	0
905	-400.7	-400.7	-416.0	500	0.1142	0.0944	0.0199	0
906	-416.6	-416.6	-416.0	500	0.1022	0.0855	0.0167	0
907	-431.1	-431.1	-416.0	500	0.0778	0.0640	0.0138	0
908	-454.0	-454.0	-416.0	500	0.0234	0.0142	0.0092	0
909	-124.4	-122.8	-416.0	500	0.0975	0.0221	0.0754	0
910	-167.5	-166.9	-415.7	500	0.0878	0.0212	0.0666	0
911	-425.1	-425.1	-415.4	500	0.0975	0.0825	0.0150	0
912	-335.8	-336.1	-415.5	500	0.0808	0.0480	0.0328	0
913	-470.6	-470.6	-415.4	500	0.0662	0.0603	0.0059	0
914	-430.6	-430.6	-415.4	500	0.0964	0.0826	0.0139	0
915	-409.4	-409.4	-415.4	500	0.1162	0.0981	0.0181	0
916	-109.0	-109.0	-415.4	500	0.1064	0.0282	0.0782	0
917	-284.7	-273.9	-415.1	500	0.1056	0.0604	0.0452	0
918	-488.6	-488.6	-415.0	500	0.0268	0.0245	0.0023	0
919	-536.1	-536.1	-415.0	500	0.0433	0.0505	-0.0072	0
920	-415.2	-402.4	-415.2	500	0.0557	0.0361	0.0195	0
921	-321.2	-324.9	-415.2	500	0.0660	0.0309	0.0350	0
922	-462.4	-462.4	-415.1	500	0.0754	0.0679	0.0075	0
923	-381.0	-380.9	-415.1	500	0.0400	0.0162	0.0238	0
924	-276.5	-266.3	-415.1	500	0.0702	0.0235	0.0467	0
925	-432.5	-432.5	-414.9	500	0.0958	0.0823	0.0135	0
926	-609.6	-609.6	-414.9	500	0.0193	0.0412	-0.0219	0
927	-476.2	-473.0	-415.1	500	0.0269	0.0215	0.0054	0
928	-330.4	-329.6	-415.2	500	0.0522	0.0181	0.0341	0
929	-472.8	-472.8	-415.1	500	0.0613	0.0558	0.0054	0
930	-472.0	-472.0	-415.2	500	0.0453	0.0397	0.0056	0
931	-506.3	-506.3	-415.2	500	0.0489	0.0502	-0.0013	0
932	-359.2	-357.5	-415.3	500	0.0619	0.0334	0.0285	0
933	-427.6	-427.6	-415.3	500	0.0878	0.0734	0.0145	0
934	-460.3	-460.3	-415.3	500	0.0749	0.0669	0.0079	0
935	-445.8	-445.8	-415.3	500	0.0893	0.0785	0.0108	0
936	-329.4	-318.1	-415.4	500	0.1076	0.0712	0.0364	0
937	-383.1	-380.8	-415.3	500	0.0761	0.0522	0.0238	0
938	-412.7	-412.9	-415.2	500	0.0827	0.0653	0.0174	0
939	-424.1	-424.1	-415.2	500	0.0990	0.0838	0.0152	0
940	-493.0	-493.0	-415.2	500	0.0645	0.0631	0.0014	0
941	-457.6	-465.2	-415.3	500	0.0317	0.0248	0.0070	0
942	-463.5	-464.4	-415.4	500	0.0436	0.0364	0.0071	0
943	-517.5	-529.5	-415.4	500	0.0123	0.0182	-0.0059	0
944	-459.0	-459.0	-415.5	500	0.0637	0.0555	0.0082	0
945	-377.5	-377.4	-415.6	500	0.0555	0.0310	0.0245	0
946	-220.8	-220.0	-415.5	500	0.0660	0.0101	0.0560	0
947	-464.5	-464.5	-415.3	500	0.0802	0.0731	0.0071	0
948	-415.0	-415.0	-415.4	500	0.1070	0.0900	0.0170	0
949	-302.2	-298.7	-415.4	500	0.1044	0.0641	0.0403	0
950	-469.3	-463.2	-415.3	500	0.0605	0.0532	0.0074	0
951	-495.3	-495.3	-415.3	500	0.0614	0.0605	0.0009	0
952	-369.3	-375.0	-415.4	500	0.0483	0.0233	0.0250	0
953	-543.4	-541.2	-415.4	500	0.0334	0.0416	-0.0082	0
954	-432.3	-432.3	-415.5	500	0.0885	0.0750	0.0135	0
955	-455.8	-455.8	-415.5	500	0.0612	0.0523	0.0088	0
956	-381.0	-355.3	-415.5	500	0.0726	0.0437	0.0289	0
957	-423.0	-420.6	-415.5	500	0.0669	0.0510	0.0159	0
958	-600.0	-600.0	-415.5	500	0.0219	0.0419	-0.0200	0
959	-478.4	-478.4	-415.7	500	0.0531	0.0488	0.0043	0
960	-425.8	-427.1	-415.7	500	0.0287	0.0141	0.0146	0
961	-439.1	-436.5	-415.8	500	0.0758	0.0631	0.0127	0
962	-299.4	-301.4	-415.8	500	0.0856	0.0458	0.0397	0
963	-432.8	-427.0	-415.7	500	0.0577	0.0431	0.0146	0
964	-415.6	-414.9	-415.7	500	0.1002	0.0832	0.0170	0
965	-439.9	-439.9	-415.7	500	0.0912	0.0792	0.0120	0
966	-433.3	-433.3	-415.7	500	0.0974	0.0841	0.0133	0
967	-454.3	-454.4	-415.7	500	0.0541	0.0449	0.0091	0
968	-429.9	-429.9	-415.8	500	0.0877	0.0737	0.0140	0
969	-422.4	-422.4	-415.8	500	0.1007	0.0851	0.0155	0
970	-419.5	-419.5	-415.8	500	0.1020	0.0859	0.0161	0
971	-435.6	-435.6	-415.8	500	0.0910	0.0781	0.0129	0
972	-519.2	-519.2	-415.8	500	0.0491	0.0529	-0.0038	0
973	-464.1	-464.1	-415.9	500	0.0334	0.0262	0.0072	0
974	-464.3	-464.3	-416.0	500	0.0629	0.0557	0.0071	0
975	-421.1	-389.9	-416.0	500	0.0679	0.0459	0.0220	0
976	-442.0	-442.0	-416.0	500	0.0687	0.0571	0.0116	0
977	-467.9	-467.9	-416.0	500	0.0503	0.0438	0.0064	0
978	-463.8	-463.8	-416.1	500	0.0782	0.0710	0.0072	0
979	-449.0	-449.0	-416.1	500	0.0439	0.0338	0.0102	0
980	-376.4	-370.6	-416.1	500	0.0716	0.0457	0.0259	0
981	-361.5	-353.7	-416.1	500	0.1056	0.0763	0.0293	0
982	-423.1	-423.1	-416.0	500	0.0910	0.0757	0.0154	0
983	-485.6	-485.6	-416.0	500	0.0591	0.0562	0.0029	0
984	-458.7	-463.7	-416.1	500	0.0577	0.0504	0.0073	0
985	-513.5	-513.5	-416.2	500	0.0259	0.0286	-0.0027	0
986	-281.6	-272.9	-416.3	500	0.1058	0.0604	0.0454	0
987	-250.9	-240.7	-416.1	500	0.1143	0.0625	0.0519	0
988	-445.9	-408.4	-415.9	500	0.0307	0.0124	0.0183	0
989	-308.1	-311.3	-415.9	500	0.0483	0.0105	0.0377	0
990	-363.9	-367.7	-415.8	500	0.0569	0.0304	0.0265	0
991	-382.5	-384.0	-415.8	500	0.0625	0.0393	0.0232	0
992	-395.5	-400.9	-415.7	500	0.0614	0.0416	0.0198	0
993	-470.8	-470.8	-415.7	500	0.0750	0.0691	0.0058	0
994	-451.6	-451.6	-415.8	500	0.0850	0.0754	0.0097	0
995	-309.2	-254.4	-415.8	500	0.0770	0.0279	0.0491	0
996	-237.4	-237.2	-415.7	500	0.1005	0.0479	0.0526	0
997	-397.5	-397.5	-415.5	500	0.1159	0.0954	0.0205	0
998	-450.5	-445.6	-415.5	500	0.0365	0.0256	0.0109	0
999	-366.2	-346.3	-415.5	500	0.0735	0.0428	0.0307	0
1000	-457.6	-457.6	-415.4	500	0.0734	0.0650	0.0085	0
1001	-474.0	-443.7	-415.5	500	0.0525	0.0412	0.0113	0
1002	-423.3	-423.3	-415.5	500	0.0970	0.0817	0.0153	0
1003	-440.0	-440.0	-415.5	500	0.0838	0.0718	0.0120	0
1004	-367.5	-370.7	-415.5	500	0.0653	0.0394	0.0259	0
1005	-537.1	-537.1	-415.5	500	0.0405	0.0479	-0.0074	0
1006	-424.2	-424.2	-415.6	500	0.0995	0.0843	0.0152	0
1007	-429.8	-429.8	-415.6	500	0.0916	0.0776	0.0140	0
1008	-460.6	-460.6	-415.6	500	0.0525	0.0446	0.0079	0
1009	-404.1	-404.1	-415.7	500	0.1102	0.0911	0.0192	0
1010	-527.6	-527.6	-415.7	500	0.0490	0.0545	-0.0055	0
1011	-394.1	-388.5	-415.8	500	0.1033	0.0810	0.0223	0
1012	-269.3	-226.4	-415.7	500	0.0794	0.0247	0.0547	0
1013	-430.0	-431.5	-415.5	500	0.0876	0.0739	0.0137	0
1014	-448.8	-448.8	-415.6	500	0.0587	0.0485	0.0102	0
1015	-322.7	-320.2	-415.6	500	0.0700	0.0340	0.0360	0
1016	-494.0	-488.7	-415.5	500	0.0373	0.0351	0.0023	0
1017	-549.8	-549.8	-415.6	500	0.0351	0.0451	-0.0100	0
1018	-395.1	-377.7	-415.7	500	0.0378	0.0133	0.0245	0
1019	-520.1	-495.4	-415.7	500	0.0530	0.0521	0.0009	0
1020	-236.5	-226.2	-415.7	500	0.0996	0.0448	0.0548	0
1021	-432.9	-425.8	-415.6	500	0.1009	0.0861	0.0148	0
1022	-351.4	-351.8	-415.6	500	0.0785	0.0489	0.0296	0
1023	-372.4	-381.1	-415.5	500	0.0457	0.0219	0.0238	0
1024	-405.6	-407.1	-415.5	500	0.0871	0.0686	0.0186	0
1025	-451.5	-451.5	-415.5	500	0.0632	0.0535	0.0097	0
1026	-487.6	-487.6	-415.5	500	0.0408	0.0383	0.0025	0
1027	-354.9	-355.6	-415.6	500	0.1035	0.0746	0.0289	0
1028	-409.0	-409.0	-415.5	500	0.1022	0.0840	0.0182	0
1029	-505.5	-505.5	-415.5	500	0.0581	0.0592	-0.0011	0
1030	-409.1	-409.1	-415.6	500	0.1076	0.0894	0.0182	0
1031	-444.9	-444.9	-415.6	500	0.0805	0.0695	0.0110	0
1032	-397.7	-382.0	-415.6	500	0.0704	0.0468	0.0236	0
1033	-407.2	-407.9	-415.6	500	0.0746	0.0561	0.0184	0
1034	-381.0	-370.4	-415.6	500	0.1094	0.0835	0.0259	0
1035	-445.6	-445.6	-415.5	500	0.0659	0.0550	0.0109	0
1036	-447.6	-447.6	-415.6	500	0.0907	0.0802	0.0105	0
1037	-511.3	-511.3	-415.6	500	0.0499	0.0522	-0.0023	0
1038	-445.7	-445.7	-415.7	500	0.0356	0.0247	0.0109	0
1039	-440.4	-440.4	-415.7	500	0.0886	0.0766	0.0119	0
1040	-473.3	-473.3	-415.7	500	0.0600	0.0547	0.0053	0
1041	-572.9	-564.2	-415.8	500	0.0261	0.0389	-0.0128	0
1042	-502.6	-501.4	-415.9	500	0.0456	0.0459	-0.0003	0
1043	-456.7	-440.3	-416.0	500	0.0939	0.0820	0.0119	0
1044	-422.9	-419.9	-416.0	500	0.0992	0.0832	0.0160	0
1045	-297.2	-295.2	-416.0	500	0.1004	0.0594	0.0410	0
1046	-342.0	-334.9	-415.9	500	0.1082	0.0752	0.0330	0
1047	-401.9	-347.9	-415.9	500	0.0538	0.0234	0.0304	0
1048	-461.3	-461.3	-415.8	500	0.0507	0.0429	0.0077	0
1049	-438.0	-438.8	-415.8	500	0.0565	0.0442	0.0122	0
1050	-416.2	-416.2	-415.9	500	0.1100	0.0933	0.0168	0
1051	-502.1	-502.1	-415.9	500	0.0445	0.0449	-0.0004	0
1052	-497.4	-497.4	-415.9	500	0.0358	0.0353	0.0005	0
1053	-438.7	-438.7	-416.0	500	0.0945	0.0822	0.0123	0
1054	-559.8	-559.8	-416.0	500	0.0165	0.0285	-0.0120	0
1055	-280.8	-277.7	-416.2	500	0.1141	0.0696	0.0445	0
1056	-458.6	-443.9	-416.0	500	0.1039	0.0927	0.0112	0
1057	-444.4	-444.4	-416.1	500	0.0778	0.0667	0.0111	0
1058	-339.5	-326.1	-416.1	500	0.0956	0.0609	0.0348	0
1059	-442.0	-442.0	-416.0	500	0.0836	0.0720	0.0116	0
1060	-449.5	-449.5	-416.0	500	0.0618	0.0517	0.0101	0
1061	-431.1	-431.6	-416.1	500	0.0709	0.0572	0.0137	0
1062	-555.5	-555.5	-416.1	500	0.0358	0.0468	-0.0111	0
1063	-496.3	-496.3	-416.2	500	0.0560	0.0552	0.0007	0
1064	-615.0	-615.0	-416.3	500	0.0222	0.0452	-0.0230	0
1065	-161.9	-117.2	-416.5	500	0.0924	0.0158	0.0766	0
1066	-206.1	-212.7	-416.2	500	0.0800	0.0225	0.0575	0
1067	-552.6	-552.6	-416.0	500	0.0298	0.0404	-0.0105	0
1068	-584.5	-584.5	-416.1	500	0.0290	0.0459	-0.0169	0
1069	-459.8	-459.8	-416.3	500	0.0767	0.0687	0.0080	0
1070	-338.9	-326.4	-416.3	500	0.0764	0.0417	0.0347	0
1071	-497.5	-497.5	-416.2	500	0.0559	0.0554	0.0005	0
1072	-481.6	-477.2	-416.3	500	0.0684	0.0639	0.0046	0
1073	-468.6	-468.6	-416.4	500	0.0352	0.0290	0.0063	0
1074	-461.3	-461.3	-416.4	500	0.0698	0.0620	0.0077	0
1075	-182.2	-170.1	-416.5	500	0.0790	0.0130	0.0660	0
1076	-465.7	-460.3	-416.2	500	0.0536	0.0457	0.0079	0
1077	-396.1	-397.6	-416.3	500	0.0700	0.0495	0.0205	0
1078	-440.5	-440.5	-416.3	500	0.0939	0.0820	0.0119	0
1079	-293.0	-290.2	-416.3	500	0.0968	0.0548	0.0420	0
1080	-415.5	-415.5	-416.2	500	0.1069	0.0900	0.0169	0
1081	-524.5	-524.5	-416.2	500	0.0478	0.0527	-0.0049	0
1082	-539.3	-539.3	-416.3	500	0.0308	0.0387	-0.0079	0
1083	-108.7	-117.6	-416.4	500	0.0934	0.0169	0.0765	0
1084	-458.0	-458.0	-416.1	500	0.0891	0.0807	0.0084	0
1085	-340.9	-332.9	-416.1	500	0.0927	0.0592	0.0334	0
1086	-524.4	-513.5	-416.1	500	0.0440	0.0467	-0.0027	0
1087	-476.3	-476.3	-416.2	500	0.0351	0.0303	0.0047	0
1088	-435.9	-435.9	-416.2	500	0.0902	0.0774	0.0128	0
1089	-455.5	-455.5	-416.2	500	0.1081	0.0992	0.0089	0
1090	-231.1	-208.2	-416.3	500	0.0714	0.0130	0.0584	0
1091	-433.6	-433.6	-416.1	500	0.0915	0.0782	0.0133	0
1092	-178.7	-171.6	-416.1	500	0.0842	0.0185	0.0657	0
1093	-228.3	-212.7	-415.9	500	0.0874	0.0299	0.0575	0
1094	-425.7	-417.2	-415.7	500	0.1048	0.0883	0.0166	0
1095	-418.5	-419.3	-415.7	500	0.0703	0.0542	0.0161	0
1096	-225.5	-216.6	-415.7	500	0.0947	0.0380	0.0567	0
1097	-279.8	-281.1	-415.5	500	0.1011	0.0573	0.0438	0
1098	-550.1	-552.4	-415.4	500	0.0236	0.0341	-0.0105	0
1099	-468.9	-468.9	-415.5	500	0.0652	0.0590	0.0062	0
1100	-580.0	-580.0	-415.6	500	0.0195	0.0355	-0.0160	0
1101	-469.5	-469.5	-415.7	500	0.0559	0.0498	0.0061	0
1102	-481.6	-481.6	-415.8	500	0.0682	0.0645	0.0037	0
1103	-526.0	-526.0	-415.8	500	0.0440	0.0492	-0.0052	0
1104	-452.0	-452.0	-415.9	500	0.0475	0.0379	0.0096	0
1105	-456.3	-456.3	-415.9	500	0.0622	0.0535	0.0087	0
1106	-477.4	-478.3	-416.0	500	0.0646	0.0603	0.0043	0
1107	-428.2	-428.2	-416.0	500	0.0980	0.0837	0.0144	0
1108	-453.0	-455.3	-416.0	500	0.0564	0.0475	0.0089	0
1109	-346.4	-334.9	-416.1	500	0.1091	0.0761	0.0330	0
1110	-380.6	-375.2	-416.0	500	0.0679	0.0429	0.0250	0
1111	-475.0	-475.0	-416.0	500	0.0730	0.0680	0.0050	0
1112	-412.4	-398.0	-416.0	500	0.0454	0.0250	0.0204	0
1113	-273.4	-259.9	-416.0	500	0.1137	0.0657	0.0480	0
1114	-328.8	-272.6	-415.9	500	0.0707	0.0252	0.0455	0
1115	-440.1	-440.1	-415.7	500	0.0890	0.0770	0.0120	0
1116	-63.3	-64.9	-415.8	500	0.0998	0.0128	0.0870	0
1117	-96.1	-98.6	-415.4	500	0.1076	0.0273	0.0803	0
1118	-452.8	-452.8	-415.2	500	0.0836	0.0742	0.0094	0
1119	-445.5	-445.5	-415.2	500	0.0838	0.0729	0.0109	0
1120	-337.1	-336.9	-415.2	500	0.0535	0.0209	0.0326	0
1121	-319.1	-320.0	-415.2	500	0.0755	0.0395	0.0360	0
1122	-425.3	-425.3	-415.1	500	0.0900	0.0751	0.0149	0
1123	-647.5	-427.8	-415.1	500	0.0960	0.0816	0.0144	0
1124	-438.8	-438.8	-415.1	500	0.0925	0.0803	0.0122	0
1125	-453.0	-453.0	-415.1	500	0.0429	0.0335	0.0094	0
1126	-94.9	-84.2	-415.1	500	0.0950	0.0118	0.0832	0
1127	-450.5	-450.5	-414.9	500	0.0449	0.0350	0.0099	0
1128	-487.3	-487.3	-414.9	500	0.0703	0.0677	0.0025	0
1129	-593.8	-593.8	-414.9	500	0.0300	0.0487	-0.0188	0
1130	-342.1	-323.6	-415.1	500	0.1088	0.0736	0.0353	0
1131	-457.3	-457.3	-415.0	500	0.0672	0.0586	0.0085	0
1132	-643.9	-440.5	-415.1	500	0.0945	0.0826	0.0119	0
1133	-354.0	-352.5	-415.1	500	0.0909	0.0614	0.0295	0
1134	-421.0	-418.9	-415.0	500	0.1080	0.0918	0.0162	0
1135	-322.7	-322.7	-415.0	500	0.1157	0.0803	0.0355	0
1136	-500.9	-500.9	-415.0	500	0.0485	0.0487	-0.0002	0
1137	-460.8	-460.8	-415.0	500	0.0694	0.0615	0.0078	0
1138	-571.6	-571.6	-415.1	500	0.0286	0.0429	-0.0143	0
1139	-595.1	-595.1	-415.2	500	0.0289	0.0479	-0.0190	0
1140	-426.8	-426.8	-415.4	500	0.0901	0.0755	0.0146	0
1141	-639.9	-639.9	-415.4	500	0.0929	0.1209	-0.0280	0
1142	-496.6	-469.5	-415.6	500	0.0583	0.0522	0.0061	0
1143	-430.7	-430.7	-415.6	500	0.0944	0.0806	0.0139	0
1144	-701.3	-434.7	-415.6	500	0.0799	0.0668	0.0131	0
1145	-441.9	-441.9	-415.6	500	0.0790	0.0673	0.0116	0
1146	-424.6	-317.4	-415.7	500	0.1052	0.0687	0.0365	0
1147	-473.6	-473.6	-415.6	500	0.0290	0.0238	0.0053	0
1148	-306.9	-307.5	-415.6	500	0.0730	0.0345	0.0385	0
1149	-431.4	-431.4	-415.5	500	0.0930	0.0793	0.0137	0
1150	-415.0	-408.2	-415.6	500	0.0698	0.0514	0.0184	0
1151	-464.4	-464.4	-415.5	500	0.0738	0.0666	0.0071	0
1152	-358.3	-358.6	-415.6	500	0.0820	0.0537	0.0283	0
1153	-574.1	-571.3	-415.5	500	0.0205	0.0348	-0.0143	0
1154	-494.6	-466.5	-415.7	500	0.0605	0.0538	0.0067	0
1155	-440.8	-440.8	-415.7	500	0.0865	0.0747	0.0118	0
1156	-470.0	-470.0	-415.7	500	0.0729	0.0669	0.0060	0
1157	-453.9	-453.5	-415.8	500	0.0377	0.0284	0.0093	0
1158	-443.7	-443.7	-415.8	500	0.1127	0.1014	0.0113	0
1159	-413.4	-408.3	-415.8	500	0.0592	0.0409	0.0183	0
1160	-252.3	-241.0	-415.8	500	0.1031	0.0513	0.0518	0
1161	-445.1	-445.1	-415.7	500	0.0705	0.0596	0.0110	0
1162	-366.6	-365.6	-415.7	500	0.0688	0.0420	0.0269	0
1163	-711.4	-439.2	-415.7	500	0.0788	0.0666	0.0122	0
1164	-450.2	-450.2	-415.7	500	0.0855	0.0756	0.0100	0
1165	-361.5	-362.5	-415.7	500	0.0720	0.0445	0.0275	0
1166	-451.1	-451.1	-415.7	500	0.0677	0.0579	0.0098	0
1167	-585.8	-576.5	-415.7	500	0.0220	0.0373	-0.0153	0
1168	-265.9	-266.4	-415.8	500	0.0833	0.0366	0.0467	0
1169	-421.8	-421.8	-415.7	500	0.1069	0.0913	0.0156	0
1170	-410.0	-410.9	-415.7	500	0.0654	0.0475	0.0178	0
1171	-430.2	-430.2	-415.7	500	0.0839	0.0699	0.0140	0
1172	-491.2	-491.2	-415.7	500	0.0239	0.0221	0.0018	0
1173	-575.3	-575.3	-415.8	500	0.0309	0.0459	-0.0151	0
1174	-424.9	-419.7	-415.9	500	0.0960	0.0799	0.0161	0
1175	-453.2	-453.2	-415.9	500	0.0721	0.0627	0.0094	0
1176	-530.5	-530.5	-416.0	500	0.0405	0.0466	-0.0061	0
1177	-403.2	-396.9	-416.1	500	0.0912	0.0705	0.0206	0
1178	-465.3	-465.3	-416.0	500	0.0738	0.0669	0.0069	0
1179	-550.2	-550.2	-416.1	500	0.0402	0.0503	-0.0100	0
1180	-549.7	-549.7	-416.2	500	0.0336	0.0435	-0.0099	0
1181	-476.8	-470.9	-416.3	500	0.0635	0.0577	0.0058	0
1182	-452.0	-454.4	-416.4	500	0.0377	0.0286	0.0091	0
1183	-458.1	-458.1	-416.4	500	0.0477	0.0393	0.0084	0
1184	-430.3	-430.3	-416.4	500	0.0927	0.0788	0.0139	0
1185	-563.6	-556.2	-416.4	500	0.0212	0.0324	-0.0112	0
1186	-459.9	-459.9	-416.6	500	0.0332	0.0252	0.0080	0
1187	-453.1	-450.1	-416.6	500	0.0496	0.0397	0.0100	0
1188	-461.6	-461.6	-416.6	500	0.0448	0.0371	0.0077	0
1189	-357.1	-353.1	-416.7	500	0.0931	0.0637	0.0294	0
1190	-422.7	-420.4	-416.6	500	0.0818	0.0659	0.0159	0
1191	-114.4	-116.4	-416.6	500	0.0889	0.0122	0.0767	0
1192	-169.5	-173.8	-416.4	500	0.0744	0.0092	0.0652	0
1193	-387.2	-384.8	-416.2	500	0.0882	0.0652	0.0230	0
1194	-463.0	-463.0	-416.1	500	0.1119	0.1045	0.0074	0
1195	-273.5	-270.0	-416.2	500	0.0993	0.0534	0.0460	0
1196	-448.4	-448.4	-416.0	500	0.0902	0.0799	0.0103	0
1197	-401.0	-394.5	-416.1	500	0.0806	0.0595	0.0211	0
1198	-429.1	-435.3	-416.1	500	0.0320	0.0191	0.0129	0
1199	-448.0	-448.0	-416.1	500	0.0906	0.0802	0.0104	0
1200	-583.3	-579.6	-416.1	500	0.0323	0.0483	-0.0159	0
1201	-438.6	-413.8	-416.2	500	0.1155	0.0982	0.0172	0
1202	-169.0	-169.0	-416.2	500	0.0959	0.0297	0.0662	0
1203	-574.9	-422.3	-416.0	500	0.1099	0.0944	0.0155	0
1204	-390.0	-390.1	-416.0	500	0.0524	0.0304	0.0220	0
1205	-287.2	-281.6	-416.0	500	0.0655	0.0218	0.0437	0
1206	-385.1	-386.9	-415.9	500	0.0595	0.0369	0.0226	0
1207	-456.3	-456.3	-415.9	500	0.0816	0.0729	0.0087	0
1208	-427.3	-423.0	-415.9	500	0.0861	0.0707	0.0154	0
1209	-484.4	-484.4	-415.9	500	0.0339	0.0308	0.0031	0
1210	-460.1	-460.1	-416.0	500	0.0756	0.0676	0.0080	0
1211	-436.4	-430.9	-416.0	500	0.0890	0.0752	0.0138	0
1212	-503.8	-503.8	-416.0	500	0.0403	0.0411	-0.0008	0
1213	-471.8	-471.8	-416.1	500	0.0497	0.0441	0.0056	0
1214	-463.4	-463.4	-416.1	500	0.0795	0.0722	0.0073	0
1215	-495.6	-495.6	-416.2	500	0.0343	0.0334	0.0009	0
1216	-548.8	-548.8	-416.2	500	0.0328	0.0426	-0.0098	0
1217	-422.8	-422.8	-416.3	500	0.0985	0.0831	0.0154	0
1218	-481.3	-481.3	-416.4	500	0.0439	0.0402	0.0037	0
1219	-533.3	-521.7	-416.4	500	0.0279	0.0322	-0.0043	0
1220	-460.9	-460.9	-416.5	500	0.0674	0.0595	0.0078	0
1221	-403.8	-403.8	-416.5	500	0.1131	0.0939	0.0192	0
1222	-448.1	-450.2	-416.5	500	0.0652	0.0553	0.0100	0
1223	-75.0	-73.2	-416.5	500	0.1015	0.0162	0.0854	0
1224	-328.7	-328.3	-416.3	500	0.0913	0.0569	0.0343	0
1225	-420.3	-420.3	-416.2	500	0.1027	0.0867	0.0159	0
1226	-398.1	-398.1	-416.2	500	0.1156	0.0952	0.0204	0
1227	-244.6	-246.0	-416.2	500	0.0694	0.0186	0.0508	0
1228	-213.0	-189.6	-416.0	500	0.1105	0.0485	0.0621	0
1229	-301.6	-306.1	-415.9	500	0.0583	0.0195	0.0388	0
1230	-424.4	-422.9	-415.8	500	0.0926	0.0771	0.0154	0
1231	-457.5	-457.5	-415.8	500	0.0500	0.0415	0.0085	0
1232	-552.6	-552.6	-415.8	500	0.0142	0.0247	-0.0105	0
1233	-410.1	-410.1	-415.9	500	0.1095	0.0915	0.0180	0
1234	-448.7	-448.7	-415.9	500	0.0283	0.0180	0.0103	0
1235	-448.0	-439.1	-415.9	500	0.0852	0.0731	0.0122	0
1236	-441.4	-441.5	-416.0	500	0.0855	0.0738	0.0117	0
1237	-557.0	-557.0	-416.0	500	0.0178	0.0292	-0.0114	0
1238	-478.4	-478.4	-416.1	500	0.0151	0.0108	0.0043	0
1239	-453.3	-453.3	-416.1	500	0.0765	0.0672	0.0093	0
1240	-406.8	-400.9	-416.2	500	0.0717	0.0519	0.0198	0
1241	-418.2	-418.9	-416.2	500	0.0558	0.0396	0.0162	0
1242	-400.6	-400.6	-416.2	500	0.1141	0.0942	0.0199	0
1243	-480.4	-471.3	-416.2	500	0.0418	0.0360	0.0057	0
1244	-368.0	-368.4	-416.2	500	0.0605	0.0341	0.0263	0
1245	-561.0	-561.0	-416.2	500	0.0292	0.0414	-0.0122	0
1246	-515.0	-515.0	-416.3	500	0.0547	0.0577	-0.0030	0
1247	-448.6	-448.6	-416.4	500	0.0838	0.0735	0.0103	0
1248	-250.2	-253.2	-416.4	500	0.0676	0.0183	0.0494	0
1249	-397.9	-393.2	-416.3	500	0.1009	0.0795	0.0214	0
1250	-467.0	-467.0	-416.2	500	0.0749	0.0683	0.0066	0
1251	-160.3	-163.3	-416.3	500	0.0938	0.0264	0.0673	0
1252	-207.8	-201.6	-416.1	500	0.0890	0.0294	0.0597	0
1253	-486.4	-486.4	-415.9	500	0.0649	0.0621	0.0027	0
1254	-450.6	-442.5	-416.0	500	0.0908	0.0793	0.0115	0
1255	-409.8	-410.7	-416.0	500	0.0441	0.0262	0.0179	0
1256	-232.4	-217.7	-416.0	500	0.0754	0.0189	0.0565	0
1257	-426.5	-426.5	-415.8	500	0.0959	0.0812	0.0147	0
1258	-456.7	-456.7	-415.8	500	0.0565	0.0478	0.0087	0
1259	-451.6	-451.6	-415.9	500	0.0799	0.0703	0.0097	0
1260	-519.1	-519.1	-415.9	500	0.0455	0.0493	-0.0038	0
1261	-439.3	-435.5	-416.0	500	0.0620	0.0491	0.0129	0
1262	-228.0	-230.5	-416.0	500	0.0957	0.0418	0.0539	0
1263	-447.8	-440.2	-415.8	500	0.0782	0.0662	0.0120	0
1264	-498.9	-497.1	-415.9	500	0.0547	0.0542	0.0006	0
1265	-423.3	-408.4	-415.9	500	0.0396	0.0213	0.0183	0
1266	-442.1	-442.1	-415.9	500	0.0844	0.0728	0.0116	0
1267	-467.7	-467.7	-415.9	500	0.0518	0.0453	0.0065	0
1268	-495.4	-483.0	-416.0	500	0.0461	0.0427	0.0034	0
1269	-518.5	-518.5	-416.0	500	0.0407	0.0444	-0.0037	0
1270	-264.6	-263.8	-416.1	500	0.0763	0.0290	0.0472	0
1271	-453.7	-453.0	-416.0	500	0.0564	0.0470	0.0094	0
1272	-459.4	-451.3	-416.0	500	0.0795	0.0697	0.0097	0
1273	-267.4	-267.5	-416.0	500	0.0911	0.0447	0.0465	0
1274	-426.6	-423.1	-415.9	500	0.1063	0.0909	0.0154	0
1275	-261.1	-243.0	-415.9	500	0.1124	0.0610	0.0514	0
1276	-471.9	-490.8	-415.8	500	0.0174	0.0156	0.0018	0
1277	-463.9	-464.8	-415.9	500	0.0773	0.0702	0.0070	0
1278	-457.8	-457.8	-415.9	500	0.0530	0.0446	0.0084	0
1279	-281.5	-269.8	-415.9	500	0.1040	0.0580	0.0460	0
1280	-447.9	-449.9	-415.8	500	0.0529	0.0429	0.0100	0
1281	-216.2	-209.1	-415.8	500	0.0742	0.0160	0.0582	0
1282	-413.4	-413.4	-415.7	500	0.0984	0.0811	0.0173	0
1283	-496.0	-496.0	-415.7	500	0.0254	0.0246	0.0008	0
1284	-408.9	-408.9	-415.7	500	0.1089	0.0907	0.0182	0
1285	-564.8	-535.0	-415.7	500	0.0349	0.0419	-0.0070	0
1286	-468.3	-468.4	-415.8	500	0.0766	0.0703	0.0063	0
1287	-47.3	-14.4	-415.9	500	0.1063	0.0092	0.0971	0
1288	-201.5	-203.6	-415.6	500	0.0893	0.0300	0.0593	0
1289	-450.0	-450.0	-415.4	500	0.0917	0.0818	0.0100	0
1290	-452.9	-452.9	-415.4	500	0.0764	0.0670	0.0094	0
1291	-341.6	-333.6	-415.4	500	0.1066	0.0733	0.0333	0
1292	-557.6	-557.6	-415.4	500	0.0334	0.0449	-0.0115	0
1293	-416.8	-416.7	-415.5	500	0.1007	0.0841	0.0167	0
1294	-502.6	-502.6	-415.5	500	0.0508	0.0513	-0.0005	0
1295	-421.6	-418.9	-415.6	500	0.1083	0.0920	0.0162	0
1296	-264.7	-269.7	-415.6	500	0.0672	0.0212	0.0461	0
1297	-588.1	-588.1	-415.5	500	0.0327	0.0503	-0.0176	0
1298	-452.6	-452.6	-415.6	500	0.0823	0.0728	0.0095	0
1299	-485.3	-485.3	-415.6	500	0.0588	0.0559	0.0029	0
1300	-397.8	-397.5	-415.7	500	0.0509	0.0304	0.0205	0
1301	-511.6	-511.6	-415.7	500	0.0519	0.0543	-0.0023	0
1302	-495.8	-495.8	-415.7	500	0.0261	0.0253	0.0008	0
1303	-525.3	-525.3	-415.8	500	0.0377	0.0428	-0.0051	0
1304	233.6	288.4	-415.9	221	0.0547	0.0030	0.0518	1
1305	-117.1	-109.3	-415.3	500	0.0923	0.0141	0.0781	0
1306	-150.3	-149.8	-415.1	500	0.0852	0.0152	0.0700	0
1307	-473.3	-473.3	-414.9	500	0.0767	0.0714	0.0053	0
1308	-481.7	-481.7	-414.9	500	0.0523	0.0487	0.0037	0
1309	-492.2	-492.2	-415.0	500	0.0265	0.0250	0.0016	0
1310	-445.2	-445.2	-415.1	500	0.0720	0.0610	0.0110	0
1311	-530.6	-530.6	-415.1	500	0.0445	0.0507	-0.0061	0
1312	-383.0	-383.0	-415.2	500	0.0673	0.0439	0.0234	0
1313	-484.2	-430.1	-415.1	500	0.0260	0.0121	0.0140	0
1314	-531.1	-527.7	-415.1	500	0.0210	0.0265	-0.0055	0
1315	-440.1	-440.1	-415.2	500	0.0835	0.0715	0.0120	0
1316	-495.1	-495.1	-415.3	500	0.0446	0.0436	0.0010	0
1317	-397.6	-398.0	-415.3	500	0.0930	0.0726	0.0204	0
1318	-466.3	-466.3	-415.3	500	0.0608	0.0540	0.0067	0
1319	-413.1	-407.4	-415.3	500	0.0803	0.0618	0.0185	0
1320	-259.1	-248.9	-415.3	500	0.0662	0.0159	0.0502	0
1321	-509.2	-509.2	-415.2	500	0.0408	0.0426	-0.0018	0
1322	-493.7	-493.7	-415.3	500	0.0294	0.0282	0.0013	0
1323	-100.0	-52.1	-415.3	500	0.0966	0.0071	0.0896	0
1324	-302.7	-301.8	-415.1	500	0.0851	0.0454	0.0396	0
1325	-471.7	-471.7	-415.0	500	0.0435	0.0379	0.0057	0
1326	-478.1	-455.0	-415.0	500	0.0510	0.0420	0.0090	0
1327	-459.2	-458.5	-415.1	500	0.0760	0.0677	0.0083	0
1328	-365.9	-358.8	-415.1	500	0.0871	0.0589	0.0282	0
1329	-533.4	-533.4	-415.0	500	0.0364	0.0431	-0.0067	0
1330	-184.0	-185.8	-415.1	500	0.0824	0.0196	0.0628	0
1331	-510.8	-510.8	-415.0	500	0.0426	0.0448	-0.0022	0
1332	-479.4	-479.4	-415.0	500	0.0268	0.0227	0.0041	0
1333	-384.3	-377.7	-415.1	500	0.1035	0.0790	0.0245	0
1334	-387.2	-387.2	-415.1	500	0.0887	0.0661	0.0226	0
1335	-456.6	-456.6	-415.0	500	0.0777	0.0690	0.0087	0
1336	-445.2	-445.2	-415.1	500	0.0807	0.0697	0.0110	0
1337	-480.3	-483.8	-415.1	500	0.0690	0.0658	0.0032	0
1338	-448.5	-448.5	-415.1	500	0.0842	0.0739	0.0103	0
1339	-475.9	-475.9	-415.2	500	0.0504	0.0456	0.0048	0
1340	-466.5	-463.9	-415.2	500	0.0412	0.0340	0.0072	0
1341	-588.2	-589.2	-415.2	500	0.0239	0.0418	-0.0178	0
1342	-212.7	-212.8	-415.4	500	0.0986	0.0412	0.0574	0
1343	-405.8	-405.8	-415.2	500	0.1105	0.0917	0.0188	0
1344	-388.0	-378.7	-415.2	500	0.0559	0.0316	0.0243	0
1345	-435.5	-434.3	-415.2	500	0.0953	0.0822	0.0131	0
1346	-372.2	-368.6	-415.2	500	0.1158	0.0895	0.0263	0
1347	-469.0	-469.0	-415.2	500	0.0356	0.0294	0.0062	0
1348	-586.3	-586.3	-415.2	500	0.0326	0.0499	-0.0173	0
1349	-318.3	-301.8	-415.3	500	0.1169	0.0772	0.0396	0
1350	-365.5	-383.3	-415.2	500	0.0381	0.0147	0.0233	0
1351	-564.2	-564.2	-415.2	500	0.0210	0.0339	-0.0128	0
1352	-401.9	-403.6	-415.3	500	0.0846	0.0654	0.0193	0
1353	-470.6	-469.8	-415.3	500	0.0684	0.0623	0.0060	0
1354	-404.3	-402.2	-415.4	500	0.0351	0.0156	0.0196	0
1355	-72.9	-38.4	-415.4	500	0.1120	0.0197	0.0923	0
1356	-171.0	-158.7	-415.1	500	0.0817	0.0134	0.0683	0
1357	-518.4	-518.4	-414.9	500	0.0515	0.0551	-0.0037	0
1358	-493.2	-493.2	-415.0	500	0.0626	0.0613	0.0014	0
1359	-459.7	-459.7	-415.0	500	0.0307	0.0226	0.0081	0
1360	-404.8	-408.1	-415.1	500	0.0500	0.0316	0.0184	0
1361	-465.8	-465.8	-415.1	500	0.0495	0.0426	0.0068	0
1362	-299.7	-288.4	-415.1	500	0.0903	0.0480	0.0423	0
1363	-442.7	-442.7	-415.0	500	0.0758	0.0644	0.0115	0
1364	-557.1	-557.1	-415.0	500	0.0124	0.0238	-0.0114	0
1365	-190.9	-192.0	-415.1	500	0.0955	0.0339	0.0616	0
1366	-460.2	-449.8	-415.0	500	0.0454	0.0353	0.0100	0
1367	-428.1	-427.6	-415.0	500	0.0826	0.0681	0.0145	0
1368	-389.1	-386.2	-415.0	500	0.0968	0.0741	0.0228	0
1369	390.8	390.9	-415.0	68	0.0448	0.0029	0.0418	1
1370	-537.1	-541.0	-414.4	500	0.0355	0.0437	-0.0082	0
1371	-508.9	-508.9	-414.5	500	0.0388	0.0406	-0.0018	0
1372	-438.2	-438.2	-414.5	500	0.0952	0.0828	0.0124	0
1373	-404.7	-404.4	-414.6	500	0.0672	0.0481	0.0191	0
1374	-522.0	-522.0	-414.6	500	0.0317	0.0361	-0.0044	0
1375	-423.2	-423.2	-414.6	500	0.1032	0.0879	0.0154	0
1376	-457.9	-458.4	-414.6	500	0.0842	0.0758	0.0083	0
1377	-467.4	-467.4	-414.7	500	0.0623	0.0557	0.0065	0
1378	-560.6	-546.1	-414.7	500	0.0324	0.0416	-0.0092	0
1379	-314.9	312.7	-414.8	174	0.0501	0.0030	0.0471	1
1380	-445.9	-445.9	-414.3	500	0.0667	0.0559	0.0108	0
1381	-442.2	-442.4	-414.3	500	0.0755	0.0640	0.0115	0
1382	-401.8	-396.9	-414.3	500	0.0994	0.0788	0.0206	0
1383	-359.0	-359.5	-414.3	500	0.1015	0.0734	0.0281	0
1384	-482.4	-482.4	-414.3	500	0.0517	0.0482	0.0035	0
1385	-462.8	-452.8	-414.3	500	0.0665	0.0571	0.0094	0
1386	-16.4	26.8	-414.3	500	0.1106	0.0053	0.1054	0
1387	-516.2	-516.2	-414.0	500	0.0407	0.0439	-0.0032	0
1388	-480.3	-480.3	-414.1	500	0.0692	0.0652	0.0039	0
1389	-465.6	-465.6	-414.1	500	0.0774	0.0705	0.0069	0
1390	-475.2	-475.2	-414.2	500	0.0611	0.0562	0.0050	0
1391	-446.7	-432.7	-414.2	500	0.1048	0.0913	0.0135	0
1392	-481.4	-481.5	-414.2	500	0.0447	0.0410	0.0037	0
1393	-500.3	-500.3	-414.3	500	0.0559	0.0559	-0.0001	0
1394	-338.2	-334.9	-414.4	500	0.0647	0.0317	0.0330	0
1395	-428.3	-423.8	-414.3	500	0.0968	0.0816	0.0152	0
1396	-592.3	-592.3	-414.3	500	0.0176	0.0360	-0.0185	0
1397	-495.5	-495.5	-414.4	500	0.0641	0.0632	0.0009	0
1398	-435.7	-435.7	-414.5	500	0.0934	0.0805	0.0129	0
1399	-153.2	-125.4	-414.5	500	0.0942	0.0193	0.0749	0
1400	-121.5	-121.9	-414.3	500	0.0903	0.0147	0.0756	0
1401	-431.2	-431.2	-414.1	500	0.0876	0.0739	0.0138	0
1402	-525.6	-497.9	-414.1	500	0.0383	0.0379	0.0004	0
1403	-450.6	-450.6	-414.2	500	0.0723	0.0624	0.0099	0
1404	-508.0	-508.0	-414.2	500	0.0501	0.0517	-0.0016	0
1405	-459.0	-455.2	-414.3	500	0.0733	0.0643	0.0090	0
1406	-456.5	-456.5	-414.3	500	0.0876	0.0789	0.0087	0
1407	-557.4	-557.4	-414.3	500	0.0368	0.0483	-0.0115	0
1408	-405.1	-405.1	-414.4	500	0.1193	0.1004	0.0190	0
1409	-447.3	-447.3	-414.4	500	0.0512	0.0406	0.0105	0
1410	-482.3	-484.2	-414.4	500	0.0624	0.0592	0.0032	0
1411	-443.8	-439.4	-414.5	500	0.0928	0.0807	0.0121	0
1412	-447.9	-447.9	-414.5	500	0.0717	0.0613	0.0104	0
1413	-334.7	-320.7	-414.5	500	0.0715	0.0356	0.0359	0
1414	-383.4	-380.7	-414.5	500	0.0621	0.0383	0.0239	0
1415	-516.8	-516.8	-414.4	500	0.0139	0.0173	-0.0034	0
1416	-180.7	-171.6	-414.5	500	0.0845	0.0188	0.0657	0
1417	-422.2	-422.2	-414.3	500	0.1036	0.0881	0.0156	0
1418	-337.6	-322.4	-414.3	500	0.1123	0.0767	0.0355	0
1419	-452.0	-452.0	-414.3	500	0.0819	0.0723	0.0096	0
1420	-422.4	-422.4	-414.3	500	0.0941	0.0786	0.0155	0
1421	-495.8	-495.8	-414.3	500	0.0634	0.0626	0.0008	0
1422	-420.1	-418.2	-414.4	500	0.0915	0.0751	0.0164	0
1423	-294.0	-294.0	-414.4	500	0.0864	0.0452	0.0412	0
1424	-244.4	-242.8	-414.3	500	0.1067	0.0553	0.0514	0
1425	-279.5	-220.5	-414.2	500	0.0921	0.0362	0.0559	0
1426	-501.0	-501.0	-414.0	500	0.0475	0.0477	-0.0002	0
1427	-198.1	-179.4	-414.1	500	0.0888	0.0247	0.0641	0
1428	-445.8	-439.8	-413.9	500	0.0866	0.0745	0.0120	0
1429	-322.9	-321.6	-413.9	500	0.0878	0.0521	0.0357	0
1430	-446.9	-446.9	-413.9	500	0.0746	0.0639	0.0106	0
1431	-405.7	-390.8	-413.9	500	0.0551	0.0332	0.0218	0
1432	-377.8	-370.5	-413.9	500	0.1073	0.0814	0.0259	0
1433	-421.3	-421.3	-413.8	500	0.1009	0.0851	0.0157	0
1434	-174.5	-156.1	-413.9	500	0.0911	0.0223	0.0688	0
1435	-324.5	-325.0	-413.7	500	0.0840	0.0490	0.0350	0
1436	-570.1	-552.8	-413.6	500	0.0307	0.0413	-0.0106	0
1437	-452.0	-452.0	-413.7	500	0.0745	0.0649	0.0096	0
1438	-482.0	-482.0	-413.7	500	0.0498	0.0462	0.0036	0
1439	-591.5	-591.5	-413.8	500	0.0185	0.0368	-0.0183	0
1440	-482.9	-482.9	-413.9	500	0.0310	0.0276	0.0034	0
1441	-587.0	-587.0	-414.0	500	0.0259	0.0433	-0.0174	0
1442	-530.5	-530.5	-414.1	500	0.0211	0.0272	-0.0061	0
1443	-425.6	-407.9	-414.2	500	0.1058	0.0874	0.0184	0
1444	-456.5	-456.5	-414.2	500	0.0846	0.0759	0.0087	0
1445	-453.2	-453.2	-414.2	500	0.0673	0.0579	0.0094	0
1446	-441.2	-441.2	-414.2	500	0.0906	0.0788	0.0118	0
1447	-155.9	-114.4	-414.2	500	0.0984	0.0213	0.0771	0
1448	-443.8	-443.8	-414.0	500	0.0749	0.0637	0.0112	0
1449	-457.2	-457.2	-414.0	500	0.0700	0.0615	0.0086	0
1450	-462.2	-462.2	-414.1	500	0.0327	0.0251	0.0076	0
1451	-499.0	-499.0	-414.1	500	0.0432	0.0430	0.0002	0
1452	-356.7	-351.4	-414.2	500	0.0651	0.0354	0.0297	0
1453	-624.8	-624.8	-414.1	500	0.0182	0.0431	-0.0250	0
1454	-441.3	-442.3	-414.3	500	0.0785	0.0670	0.0115	0
1455	-443.5	-436.2	-414.3	500	0.0964	0.0836	0.0128	0
1456	-335.1	-337.1	-414.3	500	0.0640	0.0314	0.0326	0
1457	-419.3	-419.3	-414.2	500	0.1094	0.0933	0.0161	0
1458	-470.3	-470.3	-414.2	500	0.0520	0.0460	0.0059	0
1459	-558.3	-542.6	-414.3	500	0.0341	0.0426	-0.0085	0
1460	-478.3	-478.3	-414.4	500	0.0533	0.0489	0.0043	0
1461	-284.1	-285.1	-414.4	500	0.0955	0.0525	0.0430	0
1462	-452.9	-441.8	-414.3	500	0.0880	0.0763	0.0116	0
1463	-517.3	-519.2	-414.3	500	0.0315	0.0354	-0.0038	0
1464	-386.2	-388.7	-414.4	500	0.0656	0.0433	0.0223	0
1465	-501.6	-501.6	-414.4	500	0.0501	0.0505	-0.0003	0
1466	-430.7	-428.1	-414.5	500	0.0874	0.0730	0.0144	0
1467	-552.5	-552.5	-414.5	500	0.0187	0.0292	-0.0105	0
1468	-83.8	-84.3	-414.6	500	0.0949	0.0118	0.0831	0
1469	-296.2	-285.7	-414.3	500	0.1121	0.0693	0.0429	0
1470	-501.1	-501.1	-414.3	500	0.0344	0.0346	-0.0002	0
1471	-220.2	-207.0	-414.3	500	0.1007	0.0421	0.0586	0
1472	-425.8	-420.0	-414.2	500	0.1097	0.0937	0.0160	0
1473	-485.7	-485.7	-414.2	500	0.0621	0.0593	0.0029	0
1474	-396.5	-394.3	-414.2	500	0.0688	0.0476	0.0211	0
1475	-123.6	-123.3	-414.2	500	0.0931	0.0178	0.0753	0
1476	-380.1	-373.7	-414.0	500	0.1094	0.0842	0.0253	0
1477	-481.1	-466.3	-414.0	500	0.0463	0.0395	0.0067	0
1478	-307.3	296.9	-414.0	169	0.0460	0.0030	0.0430	1
1479	-453.8	-454.7	-413.5	500	0.0678	0.0587	0.0091	0
1480	-457.0	-454.9	-413.6	500	0.0798	0.0708	0.0090	0
1481	-273.0	-273.5	-413.6	500	0.0927	0.0474	0.0453	0
1482	-431.8	-432.0	-413.5	500	0.0677	0.0541	0.0136	0
1483	-523.8	-502.2	-413.5	500	0.0435	0.0439	-0.0004	0
1484	-450.7	-450.7	-413.6	500	0.0818	0.0720	0.0099	0
1485	-517.2	-514.8	-413.6	500	0.0550	0.0580	-0.0030	0
1486	-467.4	-474.5	-413.7	500	0.0334	0.0283	0.0051	0
1487	-396.2	-396.1	-413.7	500	0.0969	0.0761	0.0208	0
1488	-371.4	-370.5	-413.7	500	0.0695	0.0436	0.0259	0
1489	-281.7	-274.8	-413.7	500	0.1031	0.0581	0.0450	0
1490	-443.2	-420.3	-413.6	500	0.1040	0.0881	0.0159	0
1491	-432.9	-432.9	-413.6	500	0.0863	0.0728	0.0134	0
1492	-77.0	-81.2	-413.6	500	0.0952	0.0115	0.0838	0
1493	-415.6	-415.6	-413.4	500	0.1046	0.0877	0.0169	0
1494	-520.0	-507.3	-413.4	500	0.0337	0.0352	-0.0015	0
1495	-444.3	-444.3	-413.4	500	0.0752	0.0640	0.0111	0
1496	-490.9	-490.9	-413.5	500	0.0423	0.0404	0.0018	0
1497	-450.1	-450.1	-413.5	500	0.0864	0.0765	0.0100	0
1498	-408.8	-407.3	-413.5	500	0.0868	0.0683	0.0185	0
1499	-447.7	-450.3	-413.5	500	0.0795	0.0695	0.0099	0
1500	-524.7	-524.7	-413.5	500	0.0483	0.0532	-0.0049	0
1501	-433.7	-433.7	-413.6	500	0.0944	0.0811	0.0133	0
1502	-456.8	-456.8	-413.6	500	0.0712	0.0625	0.0086	0
1503	-456.4	-456.4	-413.7	500	0.0501	0.0414	0.0087	0
1504	-435.8	-435.8	-413.7	500	0.0810	0.0682	0.0128	0
1505	-503.7	-500.4	-413.7	500	0.0450	0.0451	-0.0001	0
1506	-475.3	-475.3	-413.8	500	0.0561	0.0512	0.0049	0
1507	-343.1	-343.2	-413.8	500	0.0805	0.0492	0.0314	0
1508	-486.7	-486.1	-413.8	500	0.0431	0.0403	0.0028	0
1509	-377.7	-376.0	-413.8	500	0.0838	0.0590	0.0248	0
1510	-359.8	-359.6	-413.8	500	0.0759	0.0478	0.0281	0
1511	-436.1	-423.9	-413.7	500	0.0525	0.0373	0.0152	0
1512	-488.3	-486.2	-413.8	500	0.0386	0.0358	0.0028	0
1513	-555.6	-557.3	-413.8	500	0.0379	0.0494	-0.0115	0
1514	-323.2	-320.0	-413.9	500	0.0959	0.0599	0.0360	0
1515	-447.1	-447.1	-413.8	500	0.0850	0.0744	0.0106	0
1516	-460.3	-460.3	-413.9	500	0.0618	0.0538	0.0079	0
1517	-511.2	-511.2	-413.9	500	0.0248	0.0270	-0.0022	0
1518	-293.8	-295.4	-414.0	500	0.0763	0.0354	0.0409	0
1519	-431.5	-430.4	-413.9	500	0.0887	0.0748	0.0139	0
1520	-408.7	-405.6	-413.9	500	0.0638	0.0449	0.0189	0
1521	-407.9	-407.9	-413.9	500	0.1062	0.0878	0.0184	0
1522	-379.5	-370.4	-413.9	500	0.1056	0.0797	0.0259	0
1523	-491.0	-491.0	-413.8	500	0.0468	0.0450	0.0018	0
1524	-429.5	nan	-413.9	500	0.1026	nan	nan	0
1525	nan	nan	nan	500	0.0855	nan	nan	0
1526	nan	nan	nan	500	0.0462	nan	nan	0
1527	nan	nan	nan	500	0.0879	nan	nan	0
1528	nan	nan	nan	500	0.0356	nan	nan	0
1529	nan	nan	nan	500	0.0663	nan	nan	0
1530	nan	nan	nan	500	0.0217	nan	nan	0
1531	nan	nan	nan	500	0.0443	nan	nan	0
1532	nan	nan	nan	500	0.0344	nan	nan	0
1533	nan	nan	nan	500	0.0605	nan	nan	0
1534	nan	nan	nan	500	0.0785	nan	nan	0
1535	nan	nan	nan	500	0.0889	nan	nan	0
1536	nan	nan	nan	500	0.0850	nan	nan	0
1537	nan	nan	nan	500	0.0783	nan	nan	0
1538	nan	nan	nan	500	0.0899	nan	nan	0
1539	nan	nan	nan	500	0.0850	nan	nan	0
1540	nan	nan	nan	500	0.0786	nan	nan	0
1541	nan	nan	nan	500	0.0670	nan	nan	0
1542	nan	nan	nan	500	0.0468	nan	nan	0
1543	nan	nan	nan	500	0.0857	nan	nan	0
1544	nan	nan	nan	500	0.1056	nan	nan	0
1545	nan	nan	nan	500	0.0844	nan	nan	0
1546	nan	nan	nan	500	0.1013	nan	nan	0
1547	nan	nan	nan	500	0.1055	nan	nan	0
1548	nan	nan	nan	500	0.0141	nan	nan	0
1549	nan	nan	nan	500	0.0838	nan	nan	0
1550	nan	nan	nan	500	0.0489	nan	nan	0
1551	nan	nan	nan	500	0.0207	nan	nan	0
1552	nan	nan	nan	500	0.0531	nan	nan	0
1553	nan	nan	nan	500	0.0571	nan	nan	0
1554	nan	nan	nan	500	0.1059	nan	nan	0
1555	nan	nan	nan	500	0.0346	nan	nan	0
1556	nan	nan	nan	500	0.1002	nan	nan	0
1557	nan	nan	nan	500	0.0264	nan	nan	0
1558	nan	nan	nan	500	0.0319	nan	nan	0
1559	nan	nan	nan	500	0.0555	nan	nan	0
1560	nan	nan	nan	500	0.0724	nan	nan	0
1561	nan	nan	nan	500	0.0593	nan	nan	0
1562	nan	nan	nan	500	0.0322	nan	nan	0
1563	nan	nan	nan	500	0.1030	nan	nan	0
1564	nan	nan	nan	500	0.0741	nan	nan	0
1565	nan	nan	nan	500	0.0685	nan	nan	0
1566	nan	nan	nan	500	0.0742	nan	nan	0
1567	nan	nan	nan	500	0.1047	nan	nan	0
1568	nan	nan	nan	500	0.1017	nan	nan	0
1569	nan	nan	nan	500	0.0750	nan	nan	0
1570	nan	nan	nan	500	0.0732	nan	nan	0
1571	nan	nan	nan	500	0.0623	nan	nan	0
1572	nan	nan	nan	500	0.1107	nan	nan	0
1573	nan	nan	nan	500	0.0850	nan	nan	0
1574	nan	nan	nan	500	0.0497	nan	nan	0
1575	nan	nan	nan	500	0.0469	nan	nan	0
1576	nan	nan	nan	500	0.0396	nan	nan	0
1577	nan	nan	nan	500	0.0442	nan	nan	0
1578	nan	nan	nan	500	0.0607	nan	nan	0
1579	nan	nan	nan	500	0.0699	nan	nan	0
1580	nan	nan	nan	500	0.0851	nan	nan	0
1581	nan	nan	nan	500	0.0830	nan	nan	0
1582	nan	nan	nan	500	0.0441	nan	nan	0
1583	nan	nan	nan	500	0.0730	nan	nan	0
1584	nan	nan	nan	500	0.1052	nan	nan	0
1585	nan	nan	nan	500	0.1101	nan	nan	0
1586	nan	nan	nan	500	0.0868	nan	nan	0
1587	nan	nan	nan	500	0.0730	nan	nan	0
1588	nan	nan	nan	500	0.0655	nan	nan	0
1589	nan	nan	nan	500	0.1070	nan	nan	0
1590	nan	nan	nan	500	0.0806	nan	nan	0
1591	nan	nan	nan	500	0.1033	nan	nan	0
1592	nan	nan	nan	500	0.0723	nan	nan	0
1593	nan	nan	nan	500	0.1024	nan	nan	0
1594	nan	nan	nan	500	0.1051	nan	nan	0
1595	nan	nan	nan	500	0.1042	nan	nan	0
1596	nan	nan	nan	500	0.0945	nan	nan	0
1597	nan	nan	nan	500	0.0539	nan	nan	0
1598	nan	nan	nan	500	0.0524	nan	nan	0
1599	nan	nan	nan	500	0.0296	nan	nan	0
1600	nan	nan	nan	500	0.0280	nan	nan	0
1601	nan	nan	nan	500	0.1162	nan	nan	0
1602	nan	nan	nan	500	0.0493	nan	nan	0
1603	nan	nan	nan	500	0.0668	nan	nan	0
1604	nan	nan	nan	500	0.0843	nan	nan	0
1605	nan	nan	nan	500	0.0768	nan	nan	0
1606	nan	nan	nan	500	0.0541	nan	nan	0
1607	nan	nan	nan	500	0.0521	nan	nan	0
1608	nan	nan	nan	500	0.0868	nan	nan	0
1609	nan	nan	nan	500	0.0951	nan	nan	0
1610	nan	nan	nan	500	0.0261	nan	nan	0
1611	nan	nan	nan	500	0.0704	nan	nan	0
1612	nan	nan	nan	500	0.0604	nan	nan	0
1613	nan	nan	nan	500	0.1068	nan	nan	0
1614	nan	nan	nan	500	0.0748	nan	nan	0
1615	nan	nan	nan	500	0.0845	nan	nan	0
1616	nan	nan	nan	500	0.0108	nan	nan	0
1617	nan	nan	nan	500	0.0333	nan	nan	0
1618	nan	nan	nan	500	0.0100	nan	nan	0
1619	nan	nan	nan	500	0.0846	nan	nan	0
1620	nan	nan	nan	500	0.0769	nan	nan	0
1621	nan	nan	nan	500	0.0985	nan	nan	0
1622	nan	nan	nan	500	0.0882	nan	nan	0
1623	nan	nan	nan	500	0.1098	nan	nan	0
1624	nan	nan	nan	500	0.1073	nan	nan	0
1625	nan	nan	nan	500	0.0530	nan	nan	0
1626	nan	nan	nan	500	0.0833	nan	nan	0
1627	nan	nan	nan	500	0.1040	nan	nan	0
1628	nan	nan	nan	500	0.0474	nan	nan	0
1629	nan	nan	nan	500	0.0987	nan	nan	0
1630	nan	nan	nan	500	0.0253	nan	nan	0
1631	nan	nan	nan	500	0.0412	nan	nan	0
1632	nan	nan	nan	500	0.1090	nan	nan	0
1633	nan	nan	nan	500	0.1016	nan	nan	0
1634	nan	nan	nan	500	0.0679	nan	nan	0
1635	nan	nan	nan	500	0.0909	nan	nan	0
1636	nan	nan	nan	500	0.0710	nan	nan	0
1637	nan	nan	nan	500	0.0959	nan	nan	0
1638	nan	nan	nan	500	0.0478	nan	nan	0
1639	nan	nan	nan	500	0.0885	nan	nan	0
1640	nan	nan	nan	500	0.0539	nan	nan	0
1641	nan	nan	nan	500	0.0186	nan	nan	0
1642	nan	nan	nan	500	0.0873	nan	nan	0
1643	nan	nan	nan	500	0.0585	nan	nan	0
1644	nan	nan	nan	500	0.0498	nan	nan	0
1645	nan	nan	nan	500	0.0940	nan	nan	0
1646	nan	nan	nan	500	0.0476	nan	nan	0
1647	nan	nan	nan	500	0.0783	nan	nan	0
1648	nan	nan	nan	500	0.0386	nan	nan	0
1649	nan	nan	nan	500	0.0329	nan	nan	0
1650	nan	nan	nan	500	0.0112	nan	nan	0
1651	nan	nan	nan	500	0.0278	nan	nan	0
1652	nan	nan	nan	500	0.0963	nan	nan	0
1653	nan	nan	nan	500	0.0426	nan	nan	0
1654	nan	nan	nan	500	0.0674	nan	nan	0
1655	nan	nan	nan	500	0.1050	nan	nan	0
1656	nan	nan	nan	500	0.0290	nan	nan	0
1657	nan	nan	nan	500	0.0391	nan	nan	0
1658	nan	nan	nan	500	0.0480	nan	nan	0
1659	nan	nan	nan	500	0.1028	nan	nan	0
1660	nan	nan	nan	500	0.1000	nan	nan	0
1661	nan	nan	nan	500	0.0463	nan	nan	0
1662	nan	nan	nan	500	0.0456	nan	nan	0
1663	nan	nan	nan	500	0.0849	nan	nan	0
1664	nan	nan	nan	500	0.1029	nan	nan	0
1665	nan	nan	nan	500	0.0676	nan	nan	0
1666	nan	nan	nan	500	0.0461	nan	nan	0
1667	nan	nan	nan	500	0.1052	nan	nan	0
1668	nan	nan	nan	500	0.0958	nan	nan	0
1669	nan	nan	nan	500	0.1016	nan	nan	0
1670	nan	nan	nan	500	0.1092	nan	nan	0
1671	nan	nan	nan	500	0.1094	nan	nan	0
1672	nan	nan	nan	500	0.0780	nan	nan	0
1673	nan	nan	nan	500	0.0090	nan	nan	0
1674	nan	nan	nan	500	0.1047	nan	nan	0
1675	nan	nan	nan	500	0.0992	nan	nan	0
1676	nan	nan	nan	500	0.0427	nan	nan	0
1677	nan	nan	nan	500	0.1124	nan	nan	0
1678	nan	nan	nan	500	0.0577	nan	nan	0
1679	nan	nan	nan	500	0.0870	nan	nan	0
1680	nan	nan	nan	500	0.1065	nan	nan	0
1681	nan	nan	nan	500	0.0759	nan	nan	0
1682	nan	nan	nan	500	0.0302	nan	nan	0
1683	nan	nan	nan	500	0.0966	nan	nan	0
1684	nan	nan	nan	500	0.1033	nan	nan	0
1685	nan	nan	nan	500	0.0946	nan	nan	0
1686	nan	nan	nan	500	0.0263	nan	nan	0
1687	nan	nan	nan	500	0.0797	nan	nan	0
1688	nan	nan	nan	500	0.0739	nan	nan	0
1689	nan	nan	nan	500	0.0884	nan	nan	0
1690	nan	nan	nan	500	0.0662	nan	nan	0
1691	nan	nan	nan	500	0.0627	nan	nan	0
1692	nan	nan	nan	500	0.0560	nan	nan	0
1693	nan	nan	nan	500	0.1035	nan	nan	0
1694	nan	nan	nan	500	0.0663	nan	nan	0
1695	nan	nan	nan	500	0.1065	nan	nan	0
1696	nan	nan	nan	500	0.1069	nan	nan	0
1697	nan	nan	nan	500	0.0604	nan	nan	0
1698	nan	nan	nan	500	0.0967	nan	nan	0
1699	nan	nan	nan	500	0.0682	nan	nan	0
1700	nan	nan	nan	500	0.1041	nan	nan	0
1701	nan	nan	nan	500	0.0690	nan	nan	0
1702	nan	nan	nan	500	0.0957	nan	nan	0
1703	nan	nan	nan	500	0.0761	nan	nan	0
1704	nan	nan	nan	500	0.0626	nan	nan	0
1705	nan	nan	nan	500	0.0589	nan	nan	0
1706	nan	nan	nan	500	0.1104	nan	nan	0
1707	nan	nan	nan	500	0.0631	nan	nan	0
1708	nan	nan	nan	500	0.0935	nan	nan	0
1709	nan	nan	nan	500	0.1026	nan	nan	0
1710	nan	nan	nan	500	0.0762	nan	nan	0
1711	nan	nan	nan	500	0.0442	nan	nan	0
1712	nan	nan	nan	500	0.1018	nan	nan	0
1713	nan	nan	nan	500	0.0792	nan	nan	0
1714	nan	nan	nan	500	0.0967	nan	nan	0
1715	nan	nan	nan	500	0.0933	nan	nan	0
1716	nan	nan	nan	500	0.0622	nan	nan	0
1717	nan	nan	nan	500	0.1056	nan	nan	0
1718	nan	nan	nan	500	0.0971	nan	nan	0
1719	nan	nan	nan	500	0.0958	nan	nan	0
1720	nan	nan	nan	500	0.0634	nan	nan	0
1721	nan	nan	nan	500	0.0156	nan	nan	0
1722	nan	nan	nan	500	0.0716	nan	nan	0
1723	nan	nan	nan	500	0.0775	nan	nan	0
1724	nan	nan	nan	500	0.0630	nan	nan	0
1725	nan	nan	nan	500	0.0522	nan	nan	0
1726	nan	nan	nan	500	0.1132	nan	nan	0
1727	nan	nan	nan	500	0.0256	nan	nan	0
1728	nan	nan	nan	500	0.0306	nan	nan	0
1729	nan	nan	nan	500	0.0434	nan	nan	0
1730	nan	nan	nan	500	0.0721	nan	nan	0
1731	nan	nan	nan	500	0.0675	nan	nan	0
1732	nan	nan	nan	500	0.0939	nan	nan	0
1733	nan	nan	nan	500	0.0340	nan	nan	0
1734	nan	nan	nan	500	0.0607	nan	nan	0
1735	nan	nan	nan	500	0.0474	nan	nan	0
1736	nan	nan	nan	500	0.0791	nan	nan	0
1737	nan	nan	nan	500	0.0816	nan	nan	0
1738	nan	nan	nan	500	0.1047	nan	nan	0
1739	nan	nan	nan	500	0.0649	nan	nan	0
1740	nan	nan	nan	500	0.0185	nan	nan	0
1741	nan	nan	nan	500	0.0705	nan	nan	0
1742	nan	nan	nan	500	0.1087	nan	nan	0
1743	nan	nan	nan	500	0.1116	nan	nan	0
1744	nan	nan	nan	500	0.1021	nan	nan	0
1745	nan	nan	nan	500	0.0456	nan	nan	0
1746	nan	nan	nan	500	0.0971	nan	nan	0
1747	nan	nan	nan	500	0.0479	nan	nan	0
1748	nan	nan	nan	500	0.0773	nan	nan	0
1749	nan	nan	nan	500	0.0489	nan	nan	0
1750	nan	nan	nan	500	0.0209	nan	nan	0
1751	nan	nan	nan	500	0.0332	nan	nan	0
1752	nan	nan	nan	500	0.0277	nan	nan	0
1753	nan	nan	nan	500	0.0886	nan	nan	0
1754	nan	nan	nan	500	0.0752	nan	nan	0
1755	nan	nan	nan	500	0.0224	nan	nan	0
1756	nan	nan	nan	500	0.0704	nan	nan	0
1757	nan	nan	nan	500	0.0572	nan	nan	0
1758	nan	nan	nan	500	0.0717	nan	nan	0
1759	nan	nan	nan	500	0.0398	nan	nan	0
1760	nan	nan	nan	500	0.0737	nan	nan	0
1761	nan	nan	nan	500	0.1149	nan	nan	0
1762	nan	nan	nan	500	0.0304	nan	nan	0
1763	nan	nan	nan	500	0.0984	nan	nan	0
1764	nan	nan	nan	500	0.0391	nan	nan	0
1765	nan	nan	nan	500	0.0182	nan	nan	0
1766	nan	nan	nan	500	0.0647	nan	nan	0
1767	nan	nan	nan	500	0.0649	nan	nan	0
1768	nan	nan	nan	500	0.0095	nan	nan	0
1769	nan	nan	nan	500	0.0763	nan	nan	0
1770	nan	nan	nan	500	0.0887	nan	nan	0
1771	nan	nan	nan	500	0.0817	nan	nan	0
1772	nan	nan	nan	500	0.0921	nan	nan	0
1773	nan	nan	nan	500	0.0403	nan	nan	0
1774	nan	nan	nan	500	0.0852	nan	nan	0
1775	nan	nan	nan	500	0.0707	nan	nan	0
1776	nan	nan	nan	500	0.0684	nan	nan	0
1777	nan	nan	nan	500	0.0986	nan	nan	0
1778	nan	nan	nan	500	0.0786	nan	nan	0
1779	nan	nan	nan	500	0.0952	nan	nan	0
1780	nan	nan	nan	500	0.0213	nan	nan	0
1781	nan	nan	nan	500	0.0901	nan	nan	0
1782	nan	nan	nan	500	0.0943	nan	nan	0
1783	nan	nan	nan	500	0.0560	nan	nan	0
1784	nan	nan	nan	500	0.0943	nan	nan	0
1785	nan	nan	nan	500	0.0892	nan	nan	0
1786	nan	nan	nan	500	0.0666	nan	nan	0
1787	nan	nan	nan	500	0.0957	nan	nan	0
1788	nan	nan	nan	500	0.0631	nan	nan	0
1789	nan	nan	nan	500	0.0820	nan	nan	0
1790	nan	nan	nan	500	0.1048	nan	nan	0
1791	nan	nan	nan	500	0.1070	nan	nan	0
1792	nan	nan	nan	500	0.0569	nan	nan	0
1793	nan	nan	nan	500	0.0856	nan	nan	0
1794	nan	nan	nan	500	0.0969	nan	nan	0
1795	nan	nan	nan	500	0.0332	nan	nan	0
1796	nan	nan	nan	500	0.0855	nan	nan	0
1797	nan	nan	nan	500	0.0958	nan	nan	0
1798	nan	nan	nan	500	0.0623	nan	nan	0
1799	nan	nan	nan	500	0.0296	nan	nan	0
1800	nan	nan	nan	500	0.0717	nan	nan	0
1801	nan	nan	nan	500	0.0531	nan	nan	0
1802	nan	nan	nan	500	0.0643	nan	nan	0
1803	nan	nan	nan	500	0.0477	nan	nan	0
1804	nan	nan	nan	500	0.0427	nan	nan	0
1805	nan	nan	nan	500	0.0922	nan	nan	0
1806	nan	nan	nan	500	0.0887	nan	nan	0
1807	nan	nan	nan	500	0.0939	nan	nan	0
1808	nan	nan	nan	500	0.1180	nan	nan	0
1809	nan	nan	nan	500	0.1088	nan	nan	0
1810	nan	nan	nan	500	0.0734	nan	nan	0
1811	nan	nan	nan	500	0.0944	nan	nan	0
1812	nan	nan	nan	500	0.1032	nan	nan	0
1813	nan	nan	nan	500	0.0824	nan	nan	0
1814	nan	nan	nan	500	0.0738	nan	nan	0
1815	nan	nan	nan	500	0.0725	nan	nan	0
1816	nan	nan	nan	500	0.0956	nan	nan	0
1817	nan	nan	nan	500	0.0242	nan	nan	0
1818	nan	nan	nan	500	0.1161	nan	nan	0
1819	nan	nan	nan	500	0.0970	nan	nan	0
1820	nan	nan	nan	500	0.0147	nan	nan	0
1821	nan	nan	nan	500	0.0747	nan	nan	0
1822	nan	nan	nan	500	0.0482	nan	nan	0
1823	nan	nan	nan	500	0.0819	nan	nan	0
1824	nan	nan	nan	500	0.0781	nan	nan	0
1825	nan	nan	nan	500	0.0555	nan	nan	0
1826	nan	nan	nan	500	0.0779	nan	nan	0
1827	nan	nan	nan	500	0.0743	nan	nan	0
1828	nan	nan	nan	500	0.0996	nan	nan	0
1829	nan	nan	nan	500	0.0989	nan	nan	0
1830	nan	nan	nan	500	0.0525	nan	nan	0
1831	nan	nan	nan	500	0.0883	nan	nan	0
1832	nan	nan	nan	500	0.0176	nan	nan	0
1833	nan	nan	nan	500	0.0536	nan	nan	0
1834	nan	nan	nan	500	0.0795	nan	nan	0
1835	nan	nan	nan	500	0.0832	nan	nan	0
1836	nan	nan	nan	500	0.0524	nan	nan	0
1837	nan	nan	nan	500	0.0533	nan	nan	0
1838	nan	nan	nan	500	0.1001	nan	nan	0
1839	nan	nan	nan	500	0.0342	nan	nan	0
1840	nan	nan	nan	500	0.0938	nan	nan	0
1841	nan	nan	nan	500	0.0914	nan	nan	0
1842	nan	nan	nan	500	0.0338	nan	nan	0
1843	nan	nan	nan	500	0.0441	nan	nan	0
1844	nan	nan	nan	500	0.0331	nan	nan	0
1845	nan	nan	nan	500	0.0376	nan	nan	0
1846	nan	nan	nan	500	0.0887	nan	nan	0
1847	nan	nan	nan	500	0.0379	nan	nan	0
1848	nan	nan	nan	500	0.0682	nan	nan	0
1849	nan	nan	nan	500	0.0790	nan	nan	0
1850	nan	nan	nan	500	0.0329	nan	nan	0
1851	nan	nan	nan	500	0.0102	nan	nan	0
1852	nan	nan	nan	500	0.0959	nan	nan	0
1853	nan	nan	nan	500	0.0232	nan	nan	0
1854	nan	nan	nan	500	0.1053	nan	nan	0
1855	nan	nan	nan	500	0.0726	nan	nan	0
1856	nan	nan	nan	500	0.0963	nan	nan	0
1857	nan	nan	nan	500	0.0672	nan	nan	0
1858	nan	nan	nan	500	0.0515	nan	nan	0
1859	nan	nan	nan	500	0.0607	nan	nan	0
1860	nan	nan	nan	500	0.0728	nan	nan	0
1861	nan	nan	nan	500	0.0854	nan	nan	0
1862	nan	nan	nan	500	0.0816	nan	nan	0
1863	nan	nan	nan	500	0.1038	nan	nan	0
1864	nan	nan	nan	500	0.0801	nan	nan	0
1865	nan	nan	nan	500	0.0526	nan	nan	0
1866	nan	nan	nan	500	0.0747	nan	nan	0
1867	nan	nan	nan	500	0.0260	nan	nan	0
1868	nan	nan	nan	500	0.0967	nan	nan	0
1869	nan	nan	nan	500	0.0412	nan	nan	0
1870	nan	nan	nan	500	0.0583	nan	nan	0
1871	nan	nan	nan	500	0.0811	nan	nan	0
1872	nan	nan	nan	500	0.0415	nan	nan	0
1873	nan	nan	nan	500	0.1028	nan	nan	0
1874	nan	nan	nan	500	0.0233	nan	nan	0
1875	nan	nan	nan	500	0.0914	nan	nan	0
1876	nan	nan	nan	500	0.0836	nan	nan	0
1877	nan	nan	nan	500	0.0636	nan	nan	0
1878	nan	nan	nan	500	0.1090	nan	nan	0
